{"C:\\HTD\\Capstone Project\\LMS\\lms\\src\\App.jsx": {"path":"C:\\HTD\\Capstone Project\\LMS\\lms\\src\\App.jsx","statementMap":{"0":{"start":{"line":8,"column":15},"end":{"line":8,"column":51}},"1":{"start":{"line":8,"column":26},"end":{"line":8,"column":50}},"2":{"start":{"line":9,"column":15},"end":{"line":9,"column":51}},"3":{"start":{"line":9,"column":26},"end":{"line":9,"column":50}},"4":{"start":{"line":10,"column":22},"end":{"line":10,"column":61}},"5":{"start":{"line":10,"column":33},"end":{"line":10,"column":60}},"6":{"start":{"line":11,"column":18},"end":{"line":11,"column":57}},"7":{"start":{"line":11,"column":29},"end":{"line":11,"column":56}},"8":{"start":{"line":12,"column":22},"end":{"line":12,"column":65}},"9":{"start":{"line":12,"column":33},"end":{"line":12,"column":64}},"10":{"start":{"line":13,"column":15},"end":{"line":13,"column":51}},"11":{"start":{"line":13,"column":26},"end":{"line":13,"column":50}},"12":{"start":{"line":14,"column":21},"end":{"line":14,"column":63}},"13":{"start":{"line":14,"column":32},"end":{"line":14,"column":62}},"14":{"start":{"line":18,"column":24},"end":{"line":29,"column":1}},"15":{"start":{"line":19,"column":2},"end":{"line":28,"column":8}},"16":{"start":{"line":33,"column":23},"end":{"line":43,"column":1}},"17":{"start":{"line":34,"column":39},"end":{"line":34,"column":48}},"18":{"start":{"line":36,"column":2},"end":{"line":36,"column":42}},"19":{"start":{"line":36,"column":15},"end":{"line":36,"column":42}},"20":{"start":{"line":38,"column":2},"end":{"line":40,"column":3}},"21":{"start":{"line":39,"column":4},"end":{"line":39,"column":45}},"22":{"start":{"line":42,"column":2},"end":{"line":42,"column":32}},"23":{"start":{"line":46,"column":20},"end":{"line":54,"column":1}},"24":{"start":{"line":47,"column":30},"end":{"line":47,"column":39}},"25":{"start":{"line":49,"column":2},"end":{"line":51,"column":3}},"26":{"start":{"line":50,"column":4},"end":{"line":50,"column":48}},"27":{"start":{"line":53,"column":2},"end":{"line":53,"column":32}},"28":{"start":{"line":57,"column":2},"end":{"line":95,"column":4}}},"fnMap":{"0":{"name":"(anonymous_0)","decl":{"start":{"line":8,"column":20},"end":{"line":8,"column":21}},"loc":{"start":{"line":8,"column":26},"end":{"line":8,"column":50}},"line":8},"1":{"name":"(anonymous_1)","decl":{"start":{"line":9,"column":20},"end":{"line":9,"column":21}},"loc":{"start":{"line":9,"column":26},"end":{"line":9,"column":50}},"line":9},"2":{"name":"(anonymous_2)","decl":{"start":{"line":10,"column":27},"end":{"line":10,"column":28}},"loc":{"start":{"line":10,"column":33},"end":{"line":10,"column":60}},"line":10},"3":{"name":"(anonymous_3)","decl":{"start":{"line":11,"column":23},"end":{"line":11,"column":24}},"loc":{"start":{"line":11,"column":29},"end":{"line":11,"column":56}},"line":11},"4":{"name":"(anonymous_4)","decl":{"start":{"line":12,"column":27},"end":{"line":12,"column":28}},"loc":{"start":{"line":12,"column":33},"end":{"line":12,"column":64}},"line":12},"5":{"name":"(anonymous_5)","decl":{"start":{"line":13,"column":20},"end":{"line":13,"column":21}},"loc":{"start":{"line":13,"column":26},"end":{"line":13,"column":50}},"line":13},"6":{"name":"(anonymous_6)","decl":{"start":{"line":14,"column":26},"end":{"line":14,"column":27}},"loc":{"start":{"line":14,"column":32},"end":{"line":14,"column":62}},"line":14},"7":{"name":"(anonymous_7)","decl":{"start":{"line":18,"column":24},"end":{"line":18,"column":25}},"loc":{"start":{"line":19,"column":2},"end":{"line":28,"column":8}},"line":19},"8":{"name":"(anonymous_8)","decl":{"start":{"line":33,"column":23},"end":{"line":33,"column":24}},"loc":{"start":{"line":33,"column":41},"end":{"line":43,"column":1}},"line":33},"9":{"name":"(anonymous_9)","decl":{"start":{"line":46,"column":20},"end":{"line":46,"column":21}},"loc":{"start":{"line":46,"column":38},"end":{"line":54,"column":1}},"line":46},"10":{"name":"App","decl":{"start":{"line":56,"column":9},"end":{"line":56,"column":12}},"loc":{"start":{"line":56,"column":15},"end":{"line":96,"column":1}},"line":56}},"branchMap":{"0":{"loc":{"start":{"line":36,"column":2},"end":{"line":36,"column":42}},"type":"if","locations":[{"start":{"line":36,"column":2},"end":{"line":36,"column":42}},{"start":{},"end":{}}],"line":36},"1":{"loc":{"start":{"line":38,"column":2},"end":{"line":40,"column":3}},"type":"if","locations":[{"start":{"line":38,"column":2},"end":{"line":40,"column":3}},{"start":{},"end":{}}],"line":38},"2":{"loc":{"start":{"line":42,"column":9},"end":{"line":42,"column":31}},"type":"binary-expr","locations":[{"start":{"line":42,"column":9},"end":{"line":42,"column":17}},{"start":{"line":42,"column":21},"end":{"line":42,"column":31}}],"line":42},"3":{"loc":{"start":{"line":49,"column":2},"end":{"line":51,"column":3}},"type":"if","locations":[{"start":{"line":49,"column":2},"end":{"line":51,"column":3}},{"start":{},"end":{}}],"line":49},"4":{"loc":{"start":{"line":53,"column":9},"end":{"line":53,"column":31}},"type":"binary-expr","locations":[{"start":{"line":53,"column":9},"end":{"line":53,"column":17}},{"start":{"line":53,"column":21},"end":{"line":53,"column":31}}],"line":53}},"s":{"0":1,"1":1,"2":1,"3":1,"4":1,"5":1,"6":1,"7":0,"8":1,"9":1,"10":1,"11":1,"12":1,"13":1,"14":1,"15":6,"16":1,"17":12,"18":12,"19":1,"20":11,"21":1,"22":10,"23":1,"24":8,"25":8,"26":1,"27":7,"28":9},"f":{"0":1,"1":1,"2":1,"3":0,"4":1,"5":1,"6":1,"7":6,"8":12,"9":8,"10":9},"b":{"0":[1,11],"1":[1,10],"2":[10,10],"3":[1,7],"4":[7,7]},"_coverageSchema":"1a1c01bbd47fc00a2c39e90264f33305004495a9","hash":"4a68decefda845e0b723e52c83342032b7080678"}
,"C:\\HTD\\Capstone Project\\LMS\\lms\\src\\components\\formInput.jsx": {"path":"C:\\HTD\\Capstone Project\\LMS\\lms\\src\\components\\formInput.jsx","statementMap":{"0":{"start":{"line":2,"column":25},"end":{"line":31,"column":1}},"1":{"start":{"line":13,"column":2},"end":{"line":30,"column":4}}},"fnMap":{"0":{"name":"(anonymous_0)","decl":{"start":{"line":2,"column":25},"end":{"line":2,"column":26}},"loc":{"start":{"line":12,"column":6},"end":{"line":31,"column":1}},"line":12}},"branchMap":{"0":{"loc":{"start":{"line":8,"column":2},"end":{"line":8,"column":18}},"type":"default-arg","locations":[{"start":{"line":8,"column":16},"end":{"line":8,"column":18}}],"line":8},"1":{"loc":{"start":{"line":9,"column":2},"end":{"line":9,"column":18}},"type":"default-arg","locations":[{"start":{"line":9,"column":13},"end":{"line":9,"column":18}}],"line":9},"2":{"loc":{"start":{"line":11,"column":2},"end":{"line":11,"column":16}},"type":"default-arg","locations":[{"start":{"line":11,"column":14},"end":{"line":11,"column":16}}],"line":11},"3":{"loc":{"start":{"line":15,"column":52},"end":{"line":15,"column":91}},"type":"cond-expr","locations":[{"start":{"line":15,"column":63},"end":{"line":15,"column":86}},{"start":{"line":15,"column":89},"end":{"line":15,"column":91}}],"line":15},"4":{"loc":{"start":{"line":22,"column":34},"end":{"line":22,"column":67}},"type":"cond-expr","locations":[{"start":{"line":22,"column":42},"end":{"line":22,"column":62}},{"start":{"line":22,"column":65},"end":{"line":22,"column":67}}],"line":22},"5":{"loc":{"start":{"line":28,"column":7},"end":{"line":28,"column":60}},"type":"binary-expr","locations":[{"start":{"line":28,"column":7},"end":{"line":28,"column":12}},{"start":{"line":28,"column":16},"end":{"line":28,"column":60}}],"line":28}},"s":{"0":2,"1":26},"f":{"0":26},"b":{"0":[0],"1":[0],"2":[20],"3":[25,1],"4":[5,21],"5":[26,5]},"_coverageSchema":"1a1c01bbd47fc00a2c39e90264f33305004495a9","hash":"b59d6b64d236987f4c8ae6733ba3d72bec4d14a3"}
,"C:\\HTD\\Capstone Project\\LMS\\lms\\src\\components\\common\\adminRoute.jsx": {"path":"C:\\HTD\\Capstone Project\\LMS\\lms\\src\\components\\common\\adminRoute.jsx","statementMap":{"0":{"start":{"line":4,"column":26},"end":{"line":13,"column":1}},"1":{"start":{"line":5,"column":19},"end":{"line":5,"column":28}},"2":{"start":{"line":7,"column":2},"end":{"line":10,"column":3}},"3":{"start":{"line":9,"column":4},"end":{"line":9,"column":48}},"4":{"start":{"line":12,"column":2},"end":{"line":12,"column":18}}},"fnMap":{"0":{"name":"(anonymous_0)","decl":{"start":{"line":4,"column":26},"end":{"line":4,"column":27}},"loc":{"start":{"line":4,"column":44},"end":{"line":13,"column":1}},"line":4}},"branchMap":{"0":{"loc":{"start":{"line":7,"column":2},"end":{"line":10,"column":3}},"type":"if","locations":[{"start":{"line":7,"column":2},"end":{"line":10,"column":3}},{"start":{},"end":{}}],"line":7},"1":{"loc":{"start":{"line":7,"column":6},"end":{"line":7,"column":36}},"type":"binary-expr","locations":[{"start":{"line":7,"column":6},"end":{"line":7,"column":11}},{"start":{"line":7,"column":15},"end":{"line":7,"column":36}}],"line":7}},"s":{"0":1,"1":3,"2":3,"3":2,"4":1},"f":{"0":3},"b":{"0":[2,1],"1":[3,2]},"_coverageSchema":"1a1c01bbd47fc00a2c39e90264f33305004495a9","hash":"3554f41fd1c652d6cd99184531ab2294c6fa7c30"}
,"C:\\HTD\\Capstone Project\\LMS\\lms\\src\\components\\course\\courseCard.jsx": {"path":"C:\\HTD\\Capstone Project\\LMS\\lms\\src\\components\\course\\courseCard.jsx","statementMap":{"0":{"start":{"line":5,"column":19},"end":{"line":75,"column":1}},"1":{"start":{"line":17,"column":19},"end":{"line":17,"column":32}},"2":{"start":{"line":19,"column":28},"end":{"line":26,"column":3}},"3":{"start":{"line":20,"column":4},"end":{"line":20,"column":24}},"4":{"start":{"line":21,"column":4},"end":{"line":25,"column":5}},"5":{"start":{"line":22,"column":6},"end":{"line":22,"column":17}},"6":{"start":{"line":24,"column":6},"end":{"line":24,"column":46}},"7":{"start":{"line":27,"column":2},"end":{"line":74,"column":4}}},"fnMap":{"0":{"name":"(anonymous_0)","decl":{"start":{"line":5,"column":19},"end":{"line":5,"column":20}},"loc":{"start":{"line":16,"column":6},"end":{"line":75,"column":1}},"line":16},"1":{"name":"(anonymous_1)","decl":{"start":{"line":19,"column":28},"end":{"line":19,"column":29}},"loc":{"start":{"line":19,"column":35},"end":{"line":26,"column":3}},"line":19}},"branchMap":{"0":{"loc":{"start":{"line":21,"column":4},"end":{"line":25,"column":5}},"type":"if","locations":[{"start":{"line":21,"column":4},"end":{"line":25,"column":5}},{"start":{"line":23,"column":11},"end":{"line":25,"column":5}}],"line":21},"1":{"loc":{"start":{"line":30,"column":9},"end":{"line":34,"column":9}},"type":"cond-expr","locations":[{"start":{"line":31,"column":10},"end":{"line":31,"column":45}},{"start":{"line":33,"column":10},"end":{"line":33,"column":61}}],"line":30},"2":{"loc":{"start":{"line":35,"column":9},"end":{"line":35,"column":75}},"type":"binary-expr","locations":[{"start":{"line":35,"column":9},"end":{"line":35,"column":17}},{"start":{"line":35,"column":21},"end":{"line":35,"column":75}}],"line":35},"3":{"loc":{"start":{"line":41,"column":11},"end":{"line":41,"column":83}},"type":"binary-expr","locations":[{"start":{"line":41,"column":11},"end":{"line":41,"column":21}},{"start":{"line":41,"column":25},"end":{"line":41,"column":83}}],"line":41},"4":{"loc":{"start":{"line":45,"column":11},"end":{"line":50,"column":11}},"type":"binary-expr","locations":[{"start":{"line":45,"column":12},"end":{"line":45,"column":18}},{"start":{"line":45,"column":22},"end":{"line":45,"column":34}},{"start":{"line":46,"column":12},"end":{"line":49,"column":18}}],"line":45},"5":{"loc":{"start":{"line":53,"column":13},"end":{"line":55,"column":13}},"type":"binary-expr","locations":[{"start":{"line":53,"column":13},"end":{"line":53,"column":41}},{"start":{"line":54,"column":14},"end":{"line":54,"column":94}}],"line":53},"6":{"loc":{"start":{"line":56,"column":13},"end":{"line":56,"column":82}},"type":"binary-expr","locations":[{"start":{"line":56,"column":13},"end":{"line":56,"column":21}},{"start":{"line":56,"column":25},"end":{"line":56,"column":82}}],"line":56},"7":{"loc":{"start":{"line":62,"column":13},"end":{"line":62,"column":83}},"type":"cond-expr","locations":[{"start":{"line":62,"column":44},"end":{"line":62,"column":50}},{"start":{"line":62,"column":53},"end":{"line":62,"column":83}}],"line":62},"8":{"loc":{"start":{"line":62,"column":13},"end":{"line":62,"column":41}},"type":"binary-expr","locations":[{"start":{"line":62,"column":13},"end":{"line":62,"column":24}},{"start":{"line":62,"column":28},"end":{"line":62,"column":41}}],"line":62}},"s":{"0":1,"1":4,"2":4,"3":2,"4":2,"5":1,"6":1,"7":4},"f":{"0":4,"1":2},"b":{"0":[1,1],"1":[1,3],"2":[4,1],"3":[4,1],"4":[4,3,2],"5":[4,2],"6":[4,1],"7":[1,3],"8":[4,3]},"_coverageSchema":"1a1c01bbd47fc00a2c39e90264f33305004495a9","hash":"907a225cbcf64632acbc6750a8fb3e84ecfabc05"}
,"C:\\HTD\\Capstone Project\\LMS\\lms\\src\\components\\layout\\navbar.jsx": {"path":"C:\\HTD\\Capstone Project\\LMS\\lms\\src\\components\\layout\\navbar.jsx","statementMap":{"0":{"start":{"line":4,"column":15},"end":{"line":32,"column":1}},"1":{"start":{"line":6,"column":2},"end":{"line":31,"column":4}}},"fnMap":{"0":{"name":"(anonymous_0)","decl":{"start":{"line":4,"column":15},"end":{"line":4,"column":16}},"loc":{"start":{"line":4,"column":36},"end":{"line":32,"column":1}},"line":4}},"branchMap":{},"s":{"0":1,"1":2},"f":{"0":2},"b":{},"_coverageSchema":"1a1c01bbd47fc00a2c39e90264f33305004495a9","hash":"97c4236efbc22e44409d0bd98d3fcf40fc877933"}
,"C:\\HTD\\Capstone Project\\LMS\\lms\\src\\components\\layout\\sidebar.jsx": {"path":"C:\\HTD\\Capstone Project\\LMS\\lms\\src\\components\\layout\\sidebar.jsx","statementMap":{"0":{"start":{"line":14,"column":16},"end":{"line":100,"column":1}},"1":{"start":{"line":15,"column":19},"end":{"line":15,"column":32}},"2":{"start":{"line":16,"column":27},"end":{"line":16,"column":36}},"3":{"start":{"line":18,"column":19},"end":{"line":25,"column":3}},"4":{"start":{"line":27,"column":25},"end":{"line":31,"column":3}},"5":{"start":{"line":28,"column":4},"end":{"line":30,"column":5}},"6":{"start":{"line":29,"column":6},"end":{"line":29,"column":16}},"7":{"start":{"line":33,"column":2},"end":{"line":99,"column":4}},"8":{"start":{"line":64,"column":14},"end":{"line":75,"column":19}}},"fnMap":{"0":{"name":"(anonymous_0)","decl":{"start":{"line":14,"column":16},"end":{"line":14,"column":17}},"loc":{"start":{"line":14,"column":80},"end":{"line":100,"column":1}},"line":14},"1":{"name":"(anonymous_1)","decl":{"start":{"line":27,"column":25},"end":{"line":27,"column":26}},"loc":{"start":{"line":27,"column":31},"end":{"line":31,"column":3}},"line":27},"2":{"name":"(anonymous_2)","decl":{"start":{"line":63,"column":26},"end":{"line":63,"column":27}},"loc":{"start":{"line":64,"column":14},"end":{"line":75,"column":19}},"line":64}},"branchMap":{"0":{"loc":{"start":{"line":21,"column":8},"end":{"line":23,"column":10}},"type":"cond-expr","locations":[{"start":{"line":22,"column":8},"end":{"line":22,"column":88}},{"start":{"line":23,"column":8},"end":{"line":23,"column":10}}],"line":21},"1":{"loc":{"start":{"line":28,"column":4},"end":{"line":30,"column":5}},"type":"if","locations":[{"start":{"line":28,"column":4},"end":{"line":30,"column":5}},{"start":{},"end":{}}],"line":28},"2":{"loc":{"start":{"line":35,"column":7},"end":{"line":40,"column":7}},"type":"binary-expr","locations":[{"start":{"line":35,"column":7},"end":{"line":35,"column":15}},{"start":{"line":36,"column":8},"end":{"line":39,"column":10}}],"line":35},"3":{"loc":{"start":{"line":37,"column":40},"end":{"line":37,"column":79}},"type":"cond-expr","locations":[{"start":{"line":37,"column":49},"end":{"line":37,"column":74}},{"start":{"line":37,"column":77},"end":{"line":37,"column":79}}],"line":37},"4":{"loc":{"start":{"line":45,"column":12},"end":{"line":45,"column":59}},"type":"cond-expr","locations":[{"start":{"line":45,"column":24},"end":{"line":45,"column":53}},{"start":{"line":45,"column":57},"end":{"line":45,"column":59}}],"line":45},"5":{"loc":{"start":{"line":45,"column":24},"end":{"line":45,"column":53}},"type":"cond-expr","locations":[{"start":{"line":45,"column":33},"end":{"line":45,"column":48}},{"start":{"line":45,"column":51},"end":{"line":45,"column":53}}],"line":45},"6":{"loc":{"start":{"line":46,"column":12},"end":{"line":46,"column":49}},"type":"cond-expr","locations":[{"start":{"line":46,"column":24},"end":{"line":46,"column":44}},{"start":{"line":46,"column":47},"end":{"line":46,"column":49}}],"line":46},"7":{"loc":{"start":{"line":50,"column":11},"end":{"line":50,"column":38}},"type":"binary-expr","locations":[{"start":{"line":50,"column":11},"end":{"line":50,"column":21}},{"start":{"line":50,"column":25},"end":{"line":50,"column":38}}],"line":50},"8":{"loc":{"start":{"line":54,"column":24},"end":{"line":54,"column":73}},"type":"cond-expr","locations":[{"start":{"line":54,"column":36},"end":{"line":54,"column":52}},{"start":{"line":54,"column":55},"end":{"line":54,"column":73}}],"line":54},"9":{"loc":{"start":{"line":55,"column":19},"end":{"line":55,"column":52}},"type":"cond-expr","locations":[{"start":{"line":55,"column":31},"end":{"line":55,"column":39}},{"start":{"line":55,"column":42},"end":{"line":55,"column":52}}],"line":55},"10":{"loc":{"start":{"line":57,"column":13},"end":{"line":57,"column":55}},"type":"cond-expr","locations":[{"start":{"line":57,"column":25},"end":{"line":57,"column":35}},{"start":{"line":57,"column":38},"end":{"line":57,"column":55}}],"line":57},"11":{"loc":{"start":{"line":67,"column":47},"end":{"line":67,"column":110}},"type":"cond-expr","locations":[{"start":{"line":67,"column":81},"end":{"line":67,"column":105}},{"start":{"line":67,"column":108},"end":{"line":67,"column":110}}],"line":67},"12":{"loc":{"start":{"line":70,"column":25},"end":{"line":70,"column":52}},"type":"cond-expr","locations":[{"start":{"line":70,"column":37},"end":{"line":70,"column":47}},{"start":{"line":70,"column":50},"end":{"line":70,"column":52}}],"line":70},"13":{"loc":{"start":{"line":90,"column":21},"end":{"line":90,"column":46}},"type":"cond-expr","locations":[{"start":{"line":90,"column":33},"end":{"line":90,"column":41}},{"start":{"line":90,"column":44},"end":{"line":90,"column":46}}],"line":90},"14":{"loc":{"start":{"line":93,"column":15},"end":{"line":93,"column":48}},"type":"binary-expr","locations":[{"start":{"line":93,"column":15},"end":{"line":93,"column":25}},{"start":{"line":93,"column":29},"end":{"line":93,"column":48}}],"line":93}},"s":{"0":1,"1":7,"2":7,"3":7,"4":7,"5":1,"6":1,"7":7,"8":16},"f":{"0":7,"1":1,"2":16},"b":{"0":[2,5],"1":[1,0],"2":[7,7],"3":[7,0],"4":[7,0],"5":[7,0],"6":[0,7],"7":[7,7],"8":[0,7],"9":[0,7],"10":[0,7],"11":[7,9],"12":[0,16],"13":[0,7],"14":[7,7]},"_coverageSchema":"1a1c01bbd47fc00a2c39e90264f33305004495a9","hash":"b2a3137c9e20c76ad64f4317b8505bb97bca3f2b"}
,"C:\\HTD\\Capstone Project\\LMS\\lms\\src\\contexts\\index.js": {"path":"C:\\HTD\\Capstone Project\\LMS\\lms\\src\\contexts\\index.js","statementMap":{},"fnMap":{},"branchMap":{},"s":{},"f":{},"b":{},"_coverageSchema":"1a1c01bbd47fc00a2c39e90264f33305004495a9","hash":"a5805b414bc770048bd76e5c968499a999d10bcb"}
,"C:\\HTD\\Capstone Project\\LMS\\lms\\src\\contexts\\auth\\AuthContext.jsx": {"path":"C:\\HTD\\Capstone Project\\LMS\\lms\\src\\contexts\\auth\\AuthContext.jsx","statementMap":{"0":{"start":{"line":4,"column":20},"end":{"line":4,"column":39}},"1":{"start":{"line":6,"column":28},"end":{"line":88,"column":1}},"2":{"start":{"line":7,"column":26},"end":{"line":7,"column":40}},"3":{"start":{"line":8,"column":32},"end":{"line":8,"column":46}},"4":{"start":{"line":9,"column":28},"end":{"line":9,"column":42}},"5":{"start":{"line":12,"column":2},"end":{"line":27,"column":9}},"6":{"start":{"line":13,"column":4},"end":{"line":26,"column":5}},"7":{"start":{"line":14,"column":20},"end":{"line":14,"column":49}},"8":{"start":{"line":15,"column":25},"end":{"line":15,"column":53}},"9":{"start":{"line":17,"column":6},"end":{"line":19,"column":7}},"10":{"start":{"line":18,"column":8},"end":{"line":18,"column":40}},"11":{"start":{"line":21,"column":6},"end":{"line":21,"column":56}},"12":{"start":{"line":22,"column":6},"end":{"line":22,"column":39}},"13":{"start":{"line":23,"column":6},"end":{"line":23,"column":38}},"14":{"start":{"line":25,"column":6},"end":{"line":25,"column":24}},"15":{"start":{"line":29,"column":16},"end":{"line":48,"column":3}},"16":{"start":{"line":30,"column":4},"end":{"line":30,"column":21}},"17":{"start":{"line":31,"column":4},"end":{"line":31,"column":19}},"18":{"start":{"line":33,"column":4},"end":{"line":47,"column":5}},"19":{"start":{"line":35,"column":8},"end":{"line":35,"column":40}},"20":{"start":{"line":37,"column":6},"end":{"line":37,"column":49}},"21":{"start":{"line":38,"column":6},"end":{"line":38,"column":65}},"22":{"start":{"line":40,"column":6},"end":{"line":40,"column":28}},"23":{"start":{"line":41,"column":6},"end":{"line":41,"column":26}},"24":{"start":{"line":43,"column":6},"end":{"line":43,"column":47}},"25":{"start":{"line":44,"column":6},"end":{"line":44,"column":16}},"26":{"start":{"line":46,"column":6},"end":{"line":46,"column":24}},"27":{"start":{"line":50,"column":17},"end":{"line":54,"column":3}},"28":{"start":{"line":51,"column":4},"end":{"line":51,"column":18}},"29":{"start":{"line":52,"column":4},"end":{"line":52,"column":37}},"30":{"start":{"line":53,"column":4},"end":{"line":53,"column":36}},"31":{"start":{"line":56,"column":19},"end":{"line":68,"column":3}},"32":{"start":{"line":57,"column":4},"end":{"line":57,"column":21}},"33":{"start":{"line":58,"column":4},"end":{"line":58,"column":19}},"34":{"start":{"line":60,"column":4},"end":{"line":67,"column":5}},"35":{"start":{"line":61,"column":6},"end":{"line":61,"column":45}},"36":{"start":{"line":63,"column":6},"end":{"line":63,"column":54}},"37":{"start":{"line":64,"column":6},"end":{"line":64,"column":16}},"38":{"start":{"line":66,"column":6},"end":{"line":66,"column":24}},"39":{"start":{"line":70,"column":16},"end":{"line":81,"column":3}},"40":{"start":{"line":71,"column":11},"end":{"line":79,"column":5}},"41":{"start":{"line":83,"column":2},"end":{"line":87,"column":4}},"42":{"start":{"line":90,"column":23},"end":{"line":96,"column":1}},"43":{"start":{"line":91,"column":18},"end":{"line":91,"column":41}},"44":{"start":{"line":92,"column":2},"end":{"line":94,"column":3}},"45":{"start":{"line":93,"column":4},"end":{"line":93,"column":67}},"46":{"start":{"line":95,"column":2},"end":{"line":95,"column":17}}},"fnMap":{"0":{"name":"(anonymous_0)","decl":{"start":{"line":6,"column":28},"end":{"line":6,"column":29}},"loc":{"start":{"line":6,"column":46},"end":{"line":88,"column":1}},"line":6},"1":{"name":"(anonymous_1)","decl":{"start":{"line":12,"column":12},"end":{"line":12,"column":13}},"loc":{"start":{"line":12,"column":18},"end":{"line":27,"column":3}},"line":12},"2":{"name":"(anonymous_2)","decl":{"start":{"line":29,"column":16},"end":{"line":29,"column":17}},"loc":{"start":{"line":29,"column":39},"end":{"line":48,"column":3}},"line":29},"3":{"name":"(anonymous_3)","decl":{"start":{"line":50,"column":17},"end":{"line":50,"column":18}},"loc":{"start":{"line":50,"column":23},"end":{"line":54,"column":3}},"line":50},"4":{"name":"(anonymous_4)","decl":{"start":{"line":56,"column":19},"end":{"line":56,"column":20}},"loc":{"start":{"line":56,"column":38},"end":{"line":68,"column":3}},"line":56},"5":{"name":"(anonymous_5)","decl":{"start":{"line":71,"column":4},"end":{"line":71,"column":5}},"loc":{"start":{"line":71,"column":11},"end":{"line":79,"column":5}},"line":71},"6":{"name":"(anonymous_6)","decl":{"start":{"line":90,"column":23},"end":{"line":90,"column":24}},"loc":{"start":{"line":90,"column":29},"end":{"line":96,"column":1}},"line":90}},"branchMap":{"0":{"loc":{"start":{"line":17,"column":6},"end":{"line":19,"column":7}},"type":"if","locations":[{"start":{"line":17,"column":6},"end":{"line":19,"column":7}},{"start":{},"end":{}}],"line":17},"1":{"loc":{"start":{"line":17,"column":10},"end":{"line":17,"column":29}},"type":"binary-expr","locations":[{"start":{"line":17,"column":10},"end":{"line":17,"column":15}},{"start":{"line":17,"column":19},"end":{"line":17,"column":29}}],"line":17},"2":{"loc":{"start":{"line":43,"column":15},"end":{"line":43,"column":45}},"type":"binary-expr","locations":[{"start":{"line":43,"column":15},"end":{"line":43,"column":27}},{"start":{"line":43,"column":31},"end":{"line":43,"column":45}}],"line":43},"3":{"loc":{"start":{"line":63,"column":15},"end":{"line":63,"column":52}},"type":"binary-expr","locations":[{"start":{"line":63,"column":15},"end":{"line":63,"column":27}},{"start":{"line":63,"column":31},"end":{"line":63,"column":52}}],"line":63},"4":{"loc":{"start":{"line":92,"column":2},"end":{"line":94,"column":3}},"type":"if","locations":[{"start":{"line":92,"column":2},"end":{"line":94,"column":3}},{"start":{},"end":{}}],"line":92}},"s":{"0":3,"1":3,"2":23,"3":23,"4":23,"5":23,"6":7,"7":7,"8":7,"9":7,"10":3,"11":1,"12":1,"13":1,"14":7,"15":23,"16":2,"17":2,"18":2,"19":2,"20":1,"21":1,"22":1,"23":1,"24":1,"25":1,"26":2,"27":23,"28":1,"29":1,"30":1,"31":23,"32":2,"33":2,"34":2,"35":2,"36":1,"37":1,"38":2,"39":23,"40":23,"41":23,"42":3,"43":26,"44":25,"45":2,"46":23},"f":{"0":23,"1":7,"2":2,"3":1,"4":2,"5":23,"6":26},"b":{"0":[3,4],"1":[7,3],"2":[1,0],"3":[1,0],"4":[2,23]},"_coverageSchema":"1a1c01bbd47fc00a2c39e90264f33305004495a9","hash":"6d1397afb49fcc339e9e926c126c0b5587daacb9"}
,"C:\\HTD\\Capstone Project\\LMS\\lms\\src\\pages\\layout.jsx": {"path":"C:\\HTD\\Capstone Project\\LMS\\lms\\src\\pages\\layout.jsx","statementMap":{"0":{"start":{"line":7,"column":15},"end":{"line":66,"column":1}},"1":{"start":{"line":8,"column":40},"end":{"line":8,"column":55}},"2":{"start":{"line":9,"column":34},"end":{"line":9,"column":67}},"3":{"start":{"line":10,"column":36},"end":{"line":10,"column":51}},"4":{"start":{"line":13,"column":2},"end":{"line":25,"column":9}},"5":{"start":{"line":14,"column":25},"end":{"line":21,"column":5}},"6":{"start":{"line":15,"column":21},"end":{"line":15,"column":44}},"7":{"start":{"line":16,"column":6},"end":{"line":16,"column":26}},"8":{"start":{"line":18,"column":6},"end":{"line":20,"column":7}},"9":{"start":{"line":19,"column":8},"end":{"line":19,"column":30}},"10":{"start":{"line":23,"column":4},"end":{"line":23,"column":52}},"11":{"start":{"line":24,"column":4},"end":{"line":24,"column":68}},"12":{"start":{"line":24,"column":17},"end":{"line":24,"column":67}},"13":{"start":{"line":27,"column":24},"end":{"line":29,"column":3}},"14":{"start":{"line":28,"column":4},"end":{"line":28,"column":33}},"15":{"start":{"line":31,"column":25},"end":{"line":35,"column":3}},"16":{"start":{"line":32,"column":4},"end":{"line":34,"column":5}},"17":{"start":{"line":33,"column":6},"end":{"line":33,"column":31}},"18":{"start":{"line":37,"column":2},"end":{"line":47,"column":18}},"19":{"start":{"line":38,"column":4},"end":{"line":42,"column":5}},"20":{"start":{"line":39,"column":6},"end":{"line":39,"column":55}},"21":{"start":{"line":41,"column":6},"end":{"line":41,"column":58}},"22":{"start":{"line":44,"column":4},"end":{"line":46,"column":6}},"23":{"start":{"line":45,"column":6},"end":{"line":45,"column":58}},"24":{"start":{"line":49,"column":2},"end":{"line":65,"column":4}}},"fnMap":{"0":{"name":"(anonymous_0)","decl":{"start":{"line":7,"column":15},"end":{"line":7,"column":16}},"loc":{"start":{"line":7,"column":21},"end":{"line":66,"column":1}},"line":7},"1":{"name":"(anonymous_1)","decl":{"start":{"line":13,"column":12},"end":{"line":13,"column":13}},"loc":{"start":{"line":13,"column":18},"end":{"line":25,"column":3}},"line":13},"2":{"name":"(anonymous_2)","decl":{"start":{"line":14,"column":25},"end":{"line":14,"column":26}},"loc":{"start":{"line":14,"column":31},"end":{"line":21,"column":5}},"line":14},"3":{"name":"(anonymous_3)","decl":{"start":{"line":24,"column":11},"end":{"line":24,"column":12}},"loc":{"start":{"line":24,"column":17},"end":{"line":24,"column":67}},"line":24},"4":{"name":"(anonymous_4)","decl":{"start":{"line":27,"column":24},"end":{"line":27,"column":25}},"loc":{"start":{"line":27,"column":30},"end":{"line":29,"column":3}},"line":27},"5":{"name":"(anonymous_5)","decl":{"start":{"line":31,"column":25},"end":{"line":31,"column":26}},"loc":{"start":{"line":31,"column":31},"end":{"line":35,"column":3}},"line":31},"6":{"name":"(anonymous_6)","decl":{"start":{"line":37,"column":12},"end":{"line":37,"column":13}},"loc":{"start":{"line":37,"column":18},"end":{"line":47,"column":3}},"line":37},"7":{"name":"(anonymous_7)","decl":{"start":{"line":44,"column":11},"end":{"line":44,"column":12}},"loc":{"start":{"line":44,"column":17},"end":{"line":46,"column":5}},"line":44}},"branchMap":{"0":{"loc":{"start":{"line":18,"column":6},"end":{"line":20,"column":7}},"type":"if","locations":[{"start":{"line":18,"column":6},"end":{"line":20,"column":7}},{"start":{},"end":{}}],"line":18},"1":{"loc":{"start":{"line":32,"column":4},"end":{"line":34,"column":5}},"type":"if","locations":[{"start":{"line":32,"column":4},"end":{"line":34,"column":5}},{"start":{},"end":{}}],"line":32},"2":{"loc":{"start":{"line":38,"column":4},"end":{"line":42,"column":5}},"type":"if","locations":[{"start":{"line":38,"column":4},"end":{"line":42,"column":5}},{"start":{"line":40,"column":11},"end":{"line":42,"column":5}}],"line":38},"3":{"loc":{"start":{"line":60,"column":44},"end":{"line":60,"column":72}},"type":"cond-expr","locations":[{"start":{"line":60,"column":56},"end":{"line":60,"column":67}},{"start":{"line":60,"column":70},"end":{"line":60,"column":72}}],"line":60}},"s":{"0":1,"1":2,"2":2,"3":2,"4":2,"5":1,"6":0,"7":0,"8":0,"9":0,"10":1,"11":1,"12":1,"13":2,"14":1,"15":2,"16":0,"17":0,"18":2,"19":1,"20":0,"21":1,"22":1,"23":1,"24":2},"f":{"0":2,"1":1,"2":0,"3":1,"4":1,"5":0,"6":1,"7":1},"b":{"0":[0,0],"1":[0,0],"2":[0,1],"3":[0,2]},"_coverageSchema":"1a1c01bbd47fc00a2c39e90264f33305004495a9","hash":"5bbbf82128ca7500ebad649e5158b990810997a2"}
,"C:\\HTD\\Capstone Project\\LMS\\lms\\src\\pages\\adminSettings\\index.jsx": {"path":"C:\\HTD\\Capstone Project\\LMS\\lms\\src\\pages\\adminSettings\\index.jsx","statementMap":{"0":{"start":{"line":9,"column":20},"end":{"line":9,"column":24}},"1":{"start":{"line":11,"column":22},"end":{"line":79,"column":1}},"2":{"start":{"line":12,"column":19},"end":{"line":12,"column":32}},"3":{"start":{"line":13,"column":19},"end":{"line":13,"column":32}},"4":{"start":{"line":14,"column":36},"end":{"line":14,"column":49}},"5":{"start":{"line":16,"column":2},"end":{"line":22,"column":24}},"6":{"start":{"line":17,"column":25},"end":{"line":17,"column":61}},"7":{"start":{"line":18,"column":16},"end":{"line":18,"column":39}},"8":{"start":{"line":19,"column":4},"end":{"line":21,"column":5}},"9":{"start":{"line":20,"column":6},"end":{"line":20,"column":24}},"10":{"start":{"line":24,"column":26},"end":{"line":27,"column":3}},"11":{"start":{"line":25,"column":4},"end":{"line":25,"column":22}},"12":{"start":{"line":26,"column":4},"end":{"line":26,"column":47}},"13":{"start":{"line":29,"column":2},"end":{"line":78,"column":4}}},"fnMap":{"0":{"name":"(anonymous_0)","decl":{"start":{"line":11,"column":22},"end":{"line":11,"column":23}},"loc":{"start":{"line":11,"column":28},"end":{"line":79,"column":1}},"line":11},"1":{"name":"(anonymous_1)","decl":{"start":{"line":16,"column":12},"end":{"line":16,"column":13}},"loc":{"start":{"line":16,"column":18},"end":{"line":22,"column":3}},"line":16},"2":{"name":"(anonymous_2)","decl":{"start":{"line":24,"column":26},"end":{"line":24,"column":27}},"loc":{"start":{"line":24,"column":35},"end":{"line":27,"column":3}},"line":24}},"branchMap":{"0":{"loc":{"start":{"line":19,"column":4},"end":{"line":21,"column":5}},"type":"if","locations":[{"start":{"line":19,"column":4},"end":{"line":21,"column":5}},{"start":{},"end":{}}],"line":19},"1":{"loc":{"start":{"line":19,"column":8},"end":{"line":19,"column":45}},"type":"binary-expr","locations":[{"start":{"line":19,"column":8},"end":{"line":19,"column":11}},{"start":{"line":19,"column":15},"end":{"line":19,"column":45}}],"line":19}},"s":{"0":1,"1":1,"2":5,"3":5,"4":5,"5":5,"6":2,"7":2,"8":2,"9":2,"10":5,"11":1,"12":1,"13":5},"f":{"0":5,"1":2,"2":1},"b":{"0":[2,0],"1":[2,2]},"_coverageSchema":"1a1c01bbd47fc00a2c39e90264f33305004495a9","hash":"0e25227b32e33c5ec78fc39aaa41fd1439ef7a0a"}
,"C:\\HTD\\Capstone Project\\LMS\\lms\\src\\pages\\adminSettings\\childs\\addCourse.jsx": {"path":"C:\\HTD\\Capstone Project\\LMS\\lms\\src\\pages\\adminSettings\\childs\\addCourse.jsx","statementMap":{"0":{"start":{"line":6,"column":18},"end":{"line":35,"column":1}},"1":{"start":{"line":7,"column":32},"end":{"line":7,"column":47}},"2":{"start":{"line":8,"column":17},"end":{"line":8,"column":31}},"3":{"start":{"line":10,"column":23},"end":{"line":24,"column":3}},"4":{"start":{"line":11,"column":4},"end":{"line":23,"column":5}},"5":{"start":{"line":12,"column":6},"end":{"line":12,"column":23}},"6":{"start":{"line":13,"column":36},"end":{"line":13,"column":42}},"7":{"start":{"line":14,"column":6},"end":{"line":14,"column":47}},"8":{"start":{"line":15,"column":6},"end":{"line":15,"column":54}},"9":{"start":{"line":17,"column":6},"end":{"line":17,"column":25}},"10":{"start":{"line":19,"column":6},"end":{"line":19,"column":47}},"11":{"start":{"line":20,"column":6},"end":{"line":20,"column":27}},"12":{"start":{"line":22,"column":6},"end":{"line":22,"column":24}},"13":{"start":{"line":26,"column":2},"end":{"line":34,"column":4}}},"fnMap":{"0":{"name":"(anonymous_0)","decl":{"start":{"line":6,"column":18},"end":{"line":6,"column":19}},"loc":{"start":{"line":6,"column":24},"end":{"line":35,"column":1}},"line":6},"1":{"name":"(anonymous_1)","decl":{"start":{"line":10,"column":23},"end":{"line":10,"column":24}},"loc":{"start":{"line":10,"column":41},"end":{"line":24,"column":3}},"line":10}},"branchMap":{},"s":{"0":1,"1":6,"2":6,"3":6,"4":2,"5":2,"6":2,"7":2,"8":1,"9":1,"10":1,"11":1,"12":2,"13":6},"f":{"0":6,"1":2},"b":{},"_coverageSchema":"1a1c01bbd47fc00a2c39e90264f33305004495a9","hash":"bcd953149345380f9cc7ef3bcba624d0d9367fd9"}
,"C:\\HTD\\Capstone Project\\LMS\\lms\\src\\pages\\adminSettings\\childs\\courseAnalytics.jsx": {"path":"C:\\HTD\\Capstone Project\\LMS\\lms\\src\\pages\\adminSettings\\childs\\courseAnalytics.jsx","statementMap":{"0":{"start":{"line":28,"column":17},"end":{"line":28,"column":27}},"1":{"start":{"line":29,"column":22},"end":{"line":29,"column":23}},"2":{"start":{"line":31,"column":20},"end":{"line":36,"column":1}},"3":{"start":{"line":38,"column":24},"end":{"line":204,"column":1}},"4":{"start":{"line":39,"column":32},"end":{"line":39,"column":44}},"5":{"start":{"line":40,"column":32},"end":{"line":40,"column":47}},"6":{"start":{"line":41,"column":40},"end":{"line":41,"column":52}},"7":{"start":{"line":42,"column":40},"end":{"line":42,"column":60}},"8":{"start":{"line":43,"column":36},"end":{"line":43,"column":51}},"9":{"start":{"line":44,"column":19},"end":{"line":44,"column":31}},"10":{"start":{"line":46,"column":2},"end":{"line":59,"column":9}},"11":{"start":{"line":47,"column":24},"end":{"line":57,"column":5}},"12":{"start":{"line":48,"column":6},"end":{"line":48,"column":23}},"13":{"start":{"line":49,"column":6},"end":{"line":56,"column":7}},"14":{"start":{"line":50,"column":20},"end":{"line":50,"column":48}},"15":{"start":{"line":51,"column":8},"end":{"line":51,"column":50}},"16":{"start":{"line":53,"column":8},"end":{"line":53,"column":48}},"17":{"start":{"line":55,"column":8},"end":{"line":55,"column":26}},"18":{"start":{"line":58,"column":4},"end":{"line":58,"column":18}},"19":{"start":{"line":61,"column":24},"end":{"line":68,"column":3}},"20":{"start":{"line":63,"column":6},"end":{"line":66,"column":9}},"21":{"start":{"line":63,"column":26},"end":{"line":66,"column":7}},"22":{"start":{"line":70,"column":26},"end":{"line":73,"column":3}},"23":{"start":{"line":71,"column":10},"end":{"line":71,"column":67}},"24":{"start":{"line":71,"column":32},"end":{"line":71,"column":66}},"25":{"start":{"line":75,"column":20},"end":{"line":80,"column":36}},"26":{"start":{"line":76,"column":4},"end":{"line":79,"column":8}},"27":{"start":{"line":76,"column":39},"end":{"line":79,"column":5}},"28":{"start":{"line":82,"column":29},"end":{"line":90,"column":3}},"29":{"start":{"line":83,"column":4},"end":{"line":89,"column":5}},"30":{"start":{"line":84,"column":6},"end":{"line":84,"column":73}},"31":{"start":{"line":85,"column":6},"end":{"line":85,"column":13}},"32":{"start":{"line":88,"column":6},"end":{"line":88,"column":27}},"33":{"start":{"line":92,"column":21},"end":{"line":98,"column":3}},"34":{"start":{"line":93,"column":4},"end":{"line":96,"column":5}},"35":{"start":{"line":94,"column":6},"end":{"line":94,"column":56}},"36":{"start":{"line":95,"column":6},"end":{"line":95,"column":13}},"37":{"start":{"line":97,"column":4},"end":{"line":97,"column":23}},"38":{"start":{"line":100,"column":22},"end":{"line":122,"column":3}},"39":{"start":{"line":101,"column":4},"end":{"line":121,"column":5}},"40":{"start":{"line":102,"column":6},"end":{"line":118,"column":7}},"41":{"start":{"line":103,"column":24},"end":{"line":106,"column":10}},"42":{"start":{"line":108,"column":21},"end":{"line":108,"column":48}},"43":{"start":{"line":109,"column":8},"end":{"line":109,"column":28}},"44":{"start":{"line":110,"column":8},"end":{"line":110,"column":47}},"45":{"start":{"line":112,"column":8},"end":{"line":112,"column":40}},"46":{"start":{"line":113,"column":8},"end":{"line":113,"column":21}},"47":{"start":{"line":114,"column":8},"end":{"line":114,"column":40}},"48":{"start":{"line":116,"column":8},"end":{"line":116,"column":51}},"49":{"start":{"line":117,"column":8},"end":{"line":117,"column":46}},"50":{"start":{"line":120,"column":6},"end":{"line":120,"column":57}},"51":{"start":{"line":125,"column":2},"end":{"line":203,"column":4}},"52":{"start":{"line":157,"column":12},"end":{"line":167,"column":18}},"53":{"start":{"line":161,"column":16},"end":{"line":163,"column":17}},"54":{"start":{"line":162,"column":18},"end":{"line":162,"column":58}},"55":{"start":{"line":162,"column":38},"end":{"line":162,"column":57}}},"fnMap":{"0":{"name":"(anonymous_0)","decl":{"start":{"line":38,"column":24},"end":{"line":38,"column":25}},"loc":{"start":{"line":38,"column":30},"end":{"line":204,"column":1}},"line":38},"1":{"name":"(anonymous_1)","decl":{"start":{"line":46,"column":12},"end":{"line":46,"column":13}},"loc":{"start":{"line":46,"column":18},"end":{"line":59,"column":3}},"line":46},"2":{"name":"(anonymous_2)","decl":{"start":{"line":47,"column":24},"end":{"line":47,"column":25}},"loc":{"start":{"line":47,"column":36},"end":{"line":57,"column":5}},"line":47},"3":{"name":"(anonymous_3)","decl":{"start":{"line":62,"column":4},"end":{"line":62,"column":5}},"loc":{"start":{"line":63,"column":6},"end":{"line":66,"column":9}},"line":63},"4":{"name":"(anonymous_4)","decl":{"start":{"line":63,"column":18},"end":{"line":63,"column":19}},"loc":{"start":{"line":63,"column":26},"end":{"line":66,"column":7}},"line":63},"5":{"name":"(anonymous_5)","decl":{"start":{"line":71,"column":4},"end":{"line":71,"column":5}},"loc":{"start":{"line":71,"column":10},"end":{"line":71,"column":67}},"line":71},"6":{"name":"(anonymous_6)","decl":{"start":{"line":71,"column":25},"end":{"line":71,"column":26}},"loc":{"start":{"line":71,"column":32},"end":{"line":71,"column":66}},"line":71},"7":{"name":"(anonymous_7)","decl":{"start":{"line":75,"column":28},"end":{"line":75,"column":29}},"loc":{"start":{"line":75,"column":34},"end":{"line":80,"column":3}},"line":75},"8":{"name":"(anonymous_8)","decl":{"start":{"line":76,"column":31},"end":{"line":76,"column":32}},"loc":{"start":{"line":76,"column":39},"end":{"line":79,"column":5}},"line":76},"9":{"name":"(anonymous_9)","decl":{"start":{"line":82,"column":29},"end":{"line":82,"column":30}},"loc":{"start":{"line":82,"column":39},"end":{"line":90,"column":3}},"line":82},"10":{"name":"(anonymous_10)","decl":{"start":{"line":92,"column":21},"end":{"line":92,"column":22}},"loc":{"start":{"line":92,"column":27},"end":{"line":98,"column":3}},"line":92},"11":{"name":"(anonymous_11)","decl":{"start":{"line":100,"column":22},"end":{"line":100,"column":23}},"loc":{"start":{"line":100,"column":34},"end":{"line":122,"column":3}},"line":100},"12":{"name":"(anonymous_12)","decl":{"start":{"line":156,"column":31},"end":{"line":156,"column":32}},"loc":{"start":{"line":157,"column":12},"end":{"line":167,"column":18}},"line":157},"13":{"name":"(anonymous_13)","decl":{"start":{"line":160,"column":23},"end":{"line":160,"column":24}},"loc":{"start":{"line":161,"column":16},"end":{"line":163,"column":17}},"line":161},"14":{"name":"(anonymous_14)","decl":{"start":{"line":161,"column":31},"end":{"line":161,"column":32}},"loc":{"start":{"line":162,"column":18},"end":{"line":162,"column":58}},"line":162},"15":{"name":"(anonymous_15)","decl":{"start":{"line":162,"column":30},"end":{"line":162,"column":31}},"loc":{"start":{"line":162,"column":38},"end":{"line":162,"column":57}},"line":162}},"branchMap":{"0":{"loc":{"start":{"line":51,"column":19},"end":{"line":51,"column":48}},"type":"cond-expr","locations":[{"start":{"line":51,"column":40},"end":{"line":51,"column":43}},{"start":{"line":51,"column":46},"end":{"line":51,"column":48}}],"line":51},"1":{"loc":{"start":{"line":78,"column":13},"end":{"line":78,"column":32}},"type":"binary-expr","locations":[{"start":{"line":78,"column":13},"end":{"line":78,"column":27}},{"start":{"line":78,"column":31},"end":{"line":78,"column":32}}],"line":78},"2":{"loc":{"start":{"line":83,"column":4},"end":{"line":89,"column":5}},"type":"if","locations":[{"start":{"line":83,"column":4},"end":{"line":89,"column":5}},{"start":{"line":87,"column":9},"end":{"line":89,"column":5}}],"line":83},"3":{"loc":{"start":{"line":93,"column":4},"end":{"line":96,"column":5}},"type":"if","locations":[{"start":{"line":93,"column":4},"end":{"line":96,"column":5}},{"start":{},"end":{}}],"line":93},"4":{"loc":{"start":{"line":101,"column":4},"end":{"line":121,"column":5}},"type":"if","locations":[{"start":{"line":101,"column":4},"end":{"line":121,"column":5}},{"start":{"line":119,"column":11},"end":{"line":121,"column":5}}],"line":101},"5":{"loc":{"start":{"line":187,"column":11},"end":{"line":199,"column":11}},"type":"cond-expr","locations":[{"start":{"line":188,"column":12},"end":{"line":196,"column":34}},{"start":{"line":198,"column":12},"end":{"line":198,"column":58}}],"line":187},"6":{"loc":{"start":{"line":187,"column":11},"end":{"line":187,"column":40}},"type":"binary-expr","locations":[{"start":{"line":187,"column":11},"end":{"line":187,"column":20}},{"start":{"line":187,"column":24},"end":{"line":187,"column":40}}],"line":187}},"s":{"0":1,"1":1,"2":1,"3":1,"4":40,"5":40,"6":40,"7":40,"8":40,"9":40,"10":40,"11":8,"12":8,"13":8,"14":8,"15":7,"16":1,"17":8,"18":8,"19":40,"20":15,"21":14,"22":40,"23":27,"24":75,"25":40,"26":28,"27":32,"28":40,"29":12,"30":1,"31":1,"32":11,"33":40,"34":4,"35":1,"36":1,"37":3,"38":40,"39":2,"40":2,"41":2,"42":1,"43":1,"44":1,"45":1,"46":1,"47":1,"48":1,"49":1,"50":0,"51":40,"52":35,"53":1,"54":1,"55":1},"f":{"0":40,"1":8,"2":8,"3":15,"4":14,"5":27,"6":75,"7":28,"8":32,"9":12,"10":4,"11":2,"12":35,"13":1,"14":1,"15":1},"b":{"0":[7,0],"1":[32,28],"2":[1,11],"3":[1,3],"4":[2,0],"5":[3,37],"6":[40,3]},"_coverageSchema":"1a1c01bbd47fc00a2c39e90264f33305004495a9","hash":"dee17c467973cd249fef8098c637eebd354dee8e"}
,"C:\\HTD\\Capstone Project\\LMS\\lms\\src\\pages\\adminSettings\\childs\\manageCourses.jsx": {"path":"C:\\HTD\\Capstone Project\\LMS\\lms\\src\\pages\\adminSettings\\childs\\manageCourses.jsx","statementMap":{"0":{"start":{"line":8,"column":19},"end":{"line":8,"column":24}},"1":{"start":{"line":9,"column":17},"end":{"line":9,"column":27}},"2":{"start":{"line":11,"column":22},"end":{"line":208,"column":1}},"3":{"start":{"line":12,"column":32},"end":{"line":12,"column":44}},"4":{"start":{"line":13,"column":32},"end":{"line":13,"column":47}},"5":{"start":{"line":14,"column":38},"end":{"line":14,"column":50}},"6":{"start":{"line":15,"column":48},"end":{"line":15,"column":63}},"7":{"start":{"line":16,"column":44},"end":{"line":16,"column":58}},"8":{"start":{"line":17,"column":23},"end":{"line":34,"column":3}},"9":{"start":{"line":18,"column":4},"end":{"line":18,"column":21}},"10":{"start":{"line":19,"column":4},"end":{"line":33,"column":5}},"11":{"start":{"line":20,"column":18},"end":{"line":20,"column":46}},"12":{"start":{"line":21,"column":31},"end":{"line":26,"column":9}},"13":{"start":{"line":21,"column":50},"end":{"line":26,"column":7}},"14":{"start":{"line":24,"column":63},"end":{"line":24,"column":100}},"15":{"start":{"line":27,"column":6},"end":{"line":27,"column":35}},"16":{"start":{"line":29,"column":6},"end":{"line":29,"column":47}},"17":{"start":{"line":30,"column":6},"end":{"line":30,"column":27}},"18":{"start":{"line":32,"column":6},"end":{"line":32,"column":24}},"19":{"start":{"line":36,"column":2},"end":{"line":38,"column":9}},"20":{"start":{"line":37,"column":4},"end":{"line":37,"column":19}},"21":{"start":{"line":40,"column":23},"end":{"line":42,"column":3}},"22":{"start":{"line":41,"column":4},"end":{"line":41,"column":39}},"23":{"start":{"line":44,"column":21},"end":{"line":47,"column":3}},"24":{"start":{"line":45,"column":4},"end":{"line":45,"column":29}},"25":{"start":{"line":46,"column":4},"end":{"line":46,"column":29}},"26":{"start":{"line":49,"column":23},"end":{"line":58,"column":3}},"27":{"start":{"line":50,"column":4},"end":{"line":57,"column":5}},"28":{"start":{"line":51,"column":6},"end":{"line":51,"column":45}},"29":{"start":{"line":52,"column":6},"end":{"line":52,"column":67}},"30":{"start":{"line":52,"column":42},"end":{"line":52,"column":64}},"31":{"start":{"line":53,"column":6},"end":{"line":53,"column":53}},"32":{"start":{"line":55,"column":6},"end":{"line":55,"column":47}},"33":{"start":{"line":56,"column":6},"end":{"line":56,"column":27}},"34":{"start":{"line":60,"column":26},"end":{"line":64,"column":3}},"35":{"start":{"line":61,"column":4},"end":{"line":63,"column":54}},"36":{"start":{"line":66,"column":18},"end":{"line":174,"column":3}},"37":{"start":{"line":72,"column":8},"end":{"line":86,"column":18}},"38":{"start":{"line":98,"column":26},"end":{"line":98,"column":41}},"39":{"start":{"line":104,"column":28},"end":{"line":104,"column":54}},"40":{"start":{"line":111,"column":8},"end":{"line":118,"column":14}},"41":{"start":{"line":125,"column":8},"end":{"line":128,"column":14}},"42":{"start":{"line":137,"column":8},"end":{"line":171,"column":16}},"43":{"start":{"line":151,"column":29},"end":{"line":151,"column":47}},"44":{"start":{"line":158,"column":31},"end":{"line":158,"column":54}},"45":{"start":{"line":176,"column":2},"end":{"line":207,"column":4}},"46":{"start":{"line":187,"column":27},"end":{"line":187,"column":55}},"47":{"start":{"line":199,"column":39},"end":{"line":199,"column":84}}},"fnMap":{"0":{"name":"(anonymous_0)","decl":{"start":{"line":11,"column":22},"end":{"line":11,"column":23}},"loc":{"start":{"line":11,"column":28},"end":{"line":208,"column":1}},"line":11},"1":{"name":"(anonymous_1)","decl":{"start":{"line":17,"column":23},"end":{"line":17,"column":24}},"loc":{"start":{"line":17,"column":35},"end":{"line":34,"column":3}},"line":17},"2":{"name":"(anonymous_2)","decl":{"start":{"line":21,"column":39},"end":{"line":21,"column":40}},"loc":{"start":{"line":21,"column":50},"end":{"line":26,"column":7}},"line":21},"3":{"name":"(anonymous_3)","decl":{"start":{"line":24,"column":44},"end":{"line":24,"column":45}},"loc":{"start":{"line":24,"column":63},"end":{"line":24,"column":100}},"line":24},"4":{"name":"(anonymous_4)","decl":{"start":{"line":36,"column":12},"end":{"line":36,"column":13}},"loc":{"start":{"line":36,"column":18},"end":{"line":38,"column":3}},"line":36},"5":{"name":"(anonymous_5)","decl":{"start":{"line":40,"column":23},"end":{"line":40,"column":24}},"loc":{"start":{"line":40,"column":34},"end":{"line":42,"column":3}},"line":40},"6":{"name":"(anonymous_6)","decl":{"start":{"line":44,"column":21},"end":{"line":44,"column":22}},"loc":{"start":{"line":44,"column":33},"end":{"line":47,"column":3}},"line":44},"7":{"name":"(anonymous_7)","decl":{"start":{"line":49,"column":23},"end":{"line":49,"column":24}},"loc":{"start":{"line":49,"column":43},"end":{"line":58,"column":3}},"line":49},"8":{"name":"(anonymous_8)","decl":{"start":{"line":52,"column":32},"end":{"line":52,"column":33}},"loc":{"start":{"line":52,"column":42},"end":{"line":52,"column":64}},"line":52},"9":{"name":"(anonymous_9)","decl":{"start":{"line":60,"column":41},"end":{"line":60,"column":42}},"loc":{"start":{"line":61,"column":4},"end":{"line":63,"column":54}},"line":61},"10":{"name":"(anonymous_10)","decl":{"start":{"line":71,"column":14},"end":{"line":71,"column":15}},"loc":{"start":{"line":72,"column":8},"end":{"line":86,"column":18}},"line":72},"11":{"name":"(anonymous_11)","decl":{"start":{"line":98,"column":14},"end":{"line":98,"column":15}},"loc":{"start":{"line":98,"column":26},"end":{"line":98,"column":41}},"line":98},"12":{"name":"(anonymous_12)","decl":{"start":{"line":104,"column":14},"end":{"line":104,"column":15}},"loc":{"start":{"line":104,"column":28},"end":{"line":104,"column":54}},"line":104},"13":{"name":"(anonymous_13)","decl":{"start":{"line":110,"column":14},"end":{"line":110,"column":15}},"loc":{"start":{"line":111,"column":8},"end":{"line":118,"column":14}},"line":111},"14":{"name":"(anonymous_14)","decl":{"start":{"line":124,"column":14},"end":{"line":124,"column":15}},"loc":{"start":{"line":125,"column":8},"end":{"line":128,"column":14}},"line":125},"15":{"name":"(anonymous_15)","decl":{"start":{"line":136,"column":14},"end":{"line":136,"column":15}},"loc":{"start":{"line":137,"column":8},"end":{"line":171,"column":16}},"line":137},"16":{"name":"(anonymous_16)","decl":{"start":{"line":151,"column":23},"end":{"line":151,"column":24}},"loc":{"start":{"line":151,"column":29},"end":{"line":151,"column":47}},"line":151},"17":{"name":"(anonymous_17)","decl":{"start":{"line":158,"column":25},"end":{"line":158,"column":26}},"loc":{"start":{"line":158,"column":31},"end":{"line":158,"column":54}},"line":158},"18":{"name":"(anonymous_18)","decl":{"start":{"line":187,"column":20},"end":{"line":187,"column":21}},"loc":{"start":{"line":187,"column":27},"end":{"line":187,"column":55}},"line":187},"19":{"name":"(anonymous_19)","decl":{"start":{"line":199,"column":21},"end":{"line":199,"column":22}},"loc":{"start":{"line":199,"column":39},"end":{"line":199,"column":84}},"line":199}},"branchMap":{"0":{"loc":{"start":{"line":24,"column":72},"end":{"line":24,"column":99}},"type":"binary-expr","locations":[{"start":{"line":24,"column":72},"end":{"line":24,"column":94}},{"start":{"line":24,"column":98},"end":{"line":24,"column":99}}],"line":24},"1":{"loc":{"start":{"line":61,"column":4},"end":{"line":63,"column":54}},"type":"binary-expr","locations":[{"start":{"line":61,"column":4},"end":{"line":61,"column":51}},{"start":{"line":62,"column":4},"end":{"line":62,"column":56}},{"start":{"line":63,"column":4},"end":{"line":63,"column":54}}],"line":61},"2":{"loc":{"start":{"line":113,"column":11},"end":{"line":117,"column":11}},"type":"binary-expr","locations":[{"start":{"line":113,"column":11},"end":{"line":113,"column":39}},{"start":{"line":114,"column":12},"end":{"line":116,"column":18}}],"line":113}},"s":{"0":1,"1":1,"2":1,"3":15,"4":15,"5":15,"6":15,"7":15,"8":15,"9":3,"10":3,"11":3,"12":3,"13":4,"14":4,"15":3,"16":0,"17":0,"18":3,"19":15,"20":3,"21":15,"22":5,"23":15,"24":0,"25":0,"26":15,"27":1,"28":1,"29":1,"30":1,"31":1,"32":0,"33":0,"34":15,"35":14,"36":15,"37":9,"38":9,"39":9,"40":9,"41":9,"42":9,"43":0,"44":1,"45":15,"46":5,"47":0},"f":{"0":15,"1":3,"2":4,"3":4,"4":3,"5":5,"6":0,"7":1,"8":1,"9":14,"10":9,"11":9,"12":9,"13":9,"14":9,"15":9,"16":0,"17":1,"18":5,"19":0},"b":{"0":[4,3],"1":[14,5,5],"2":[9,1]},"_coverageSchema":"1a1c01bbd47fc00a2c39e90264f33305004495a9","hash":"5a69351b8696d95cb73c5d347a99e4d71f2c25cb"}
,"C:\\HTD\\Capstone Project\\LMS\\lms\\src\\pages\\courseDetail\\index.jsx": {"path":"C:\\HTD\\Capstone Project\\LMS\\lms\\src\\pages\\courseDetail\\index.jsx","statementMap":{"0":{"start":{"line":9,"column":18},"end":{"line":9,"column":26}},"1":{"start":{"line":13,"column":21},"end":{"line":328,"column":1}},"2":{"start":{"line":14,"column":17},"end":{"line":14,"column":28}},"3":{"start":{"line":15,"column":19},"end":{"line":15,"column":32}},"4":{"start":{"line":16,"column":19},"end":{"line":16,"column":28}},"5":{"start":{"line":17,"column":30},"end":{"line":17,"column":44}},"6":{"start":{"line":18,"column":32},"end":{"line":18,"column":46}},"7":{"start":{"line":19,"column":38},"end":{"line":19,"column":53}},"8":{"start":{"line":20,"column":42},"end":{"line":20,"column":59}},"9":{"start":{"line":21,"column":21},"end":{"line":21,"column":51}},"10":{"start":{"line":22,"column":36},"end":{"line":22,"column":56}},"11":{"start":{"line":23,"column":46},"end":{"line":23,"column":60}},"12":{"start":{"line":25,"column":2},"end":{"line":38,"column":21}},"13":{"start":{"line":26,"column":19},"end":{"line":26,"column":42}},"14":{"start":{"line":27,"column":4},"end":{"line":29,"column":5}},"15":{"start":{"line":28,"column":6},"end":{"line":28,"column":27}},"16":{"start":{"line":30,"column":4},"end":{"line":36,"column":5}},"17":{"start":{"line":31,"column":6},"end":{"line":35,"column":9}},"18":{"start":{"line":32,"column":21},"end":{"line":32,"column":46}},"19":{"start":{"line":33,"column":8},"end":{"line":33,"column":35}},"20":{"start":{"line":34,"column":8},"end":{"line":34,"column":20}},"21":{"start":{"line":40,"column":26},"end":{"line":47,"column":3}},"22":{"start":{"line":41,"column":4},"end":{"line":41,"column":22}},"23":{"start":{"line":42,"column":4},"end":{"line":46,"column":7}},"24":{"start":{"line":43,"column":19},"end":{"line":43,"column":44}},"25":{"start":{"line":44,"column":6},"end":{"line":44,"column":27}},"26":{"start":{"line":45,"column":6},"end":{"line":45,"column":18}},"27":{"start":{"line":49,"column":2},"end":{"line":78,"column":11}},"28":{"start":{"line":50,"column":24},"end":{"line":73,"column":5}},"29":{"start":{"line":51,"column":6},"end":{"line":72,"column":7}},"30":{"start":{"line":52,"column":8},"end":{"line":52,"column":25}},"31":{"start":{"line":54,"column":20},"end":{"line":54,"column":53}},"32":{"start":{"line":55,"column":8},"end":{"line":55,"column":23}},"33":{"start":{"line":58,"column":21},"end":{"line":58,"column":51}},"34":{"start":{"line":59,"column":24},"end":{"line":59,"column":47}},"35":{"start":{"line":60,"column":8},"end":{"line":62,"column":9}},"36":{"start":{"line":61,"column":10},"end":{"line":61,"column":37}},"37":{"start":{"line":64,"column":30},"end":{"line":64,"column":73}},"38":{"start":{"line":65,"column":25},"end":{"line":65,"column":68}},"39":{"start":{"line":65,"column":50},"end":{"line":65,"column":67}},"40":{"start":{"line":66,"column":8},"end":{"line":66,"column":32}},"41":{"start":{"line":68,"column":8},"end":{"line":68,"column":26}},"42":{"start":{"line":70,"column":8},"end":{"line":70,"column":53}},"43":{"start":{"line":71,"column":8},"end":{"line":71,"column":26}},"44":{"start":{"line":75,"column":4},"end":{"line":77,"column":5}},"45":{"start":{"line":76,"column":6},"end":{"line":76,"column":20}},"46":{"start":{"line":81,"column":23},"end":{"line":91,"column":3}},"47":{"start":{"line":82,"column":16},"end":{"line":82,"column":82}},"48":{"start":{"line":83,"column":4},"end":{"line":83,"column":24}},"49":{"start":{"line":84,"column":4},"end":{"line":84,"column":46}},"50":{"start":{"line":85,"column":4},"end":{"line":90,"column":5}},"51":{"start":{"line":86,"column":18},"end":{"line":86,"column":77}},"52":{"start":{"line":87,"column":6},"end":{"line":89,"column":7}},"53":{"start":{"line":88,"column":8},"end":{"line":88,"column":70}},"54":{"start":{"line":88,"column":27},"end":{"line":88,"column":67}},"55":{"start":{"line":94,"column":2},"end":{"line":96,"column":3}},"56":{"start":{"line":95,"column":4},"end":{"line":95,"column":75}},"57":{"start":{"line":98,"column":2},"end":{"line":100,"column":3}},"58":{"start":{"line":99,"column":4},"end":{"line":99,"column":64}},"59":{"start":{"line":102,"column":30},"end":{"line":108,"column":3}},"60":{"start":{"line":103,"column":17},"end":{"line":103,"column":53}},"61":{"start":{"line":104,"column":20},"end":{"line":104,"column":43}},"62":{"start":{"line":105,"column":4},"end":{"line":107,"column":5}},"63":{"start":{"line":106,"column":6},"end":{"line":106,"column":33}},"64":{"start":{"line":111,"column":2},"end":{"line":327,"column":4}},"65":{"start":{"line":142,"column":27},"end":{"line":142,"column":49}},"66":{"start":{"line":156,"column":31},"end":{"line":156,"column":58}},"67":{"start":{"line":162,"column":31},"end":{"line":162,"column":60}},"68":{"start":{"line":168,"column":31},"end":{"line":168,"column":57}},"69":{"start":{"line":180,"column":22},"end":{"line":183,"column":28}},"70":{"start":{"line":190,"column":22},"end":{"line":205,"column":28}},"71":{"start":{"line":194,"column":28},"end":{"line":202,"column":34}},"72":{"start":{"line":214,"column":20},"end":{"line":250,"column":26}},"73":{"start":{"line":221,"column":28},"end":{"line":246,"column":36}},"74":{"start":{"line":227,"column":36},"end":{"line":230,"column":37}},"75":{"start":{"line":228,"column":38},"end":{"line":228,"column":58}},"76":{"start":{"line":229,"column":38},"end":{"line":229,"column":65}},"77":{"start":{"line":262,"column":26},"end":{"line":265,"column":28}}},"fnMap":{"0":{"name":"(anonymous_0)","decl":{"start":{"line":13,"column":21},"end":{"line":13,"column":22}},"loc":{"start":{"line":13,"column":27},"end":{"line":328,"column":1}},"line":13},"1":{"name":"(anonymous_1)","decl":{"start":{"line":25,"column":12},"end":{"line":25,"column":13}},"loc":{"start":{"line":25,"column":18},"end":{"line":38,"column":3}},"line":25},"2":{"name":"(anonymous_2)","decl":{"start":{"line":31,"column":22},"end":{"line":31,"column":23}},"loc":{"start":{"line":31,"column":30},"end":{"line":35,"column":7}},"line":31},"3":{"name":"(anonymous_3)","decl":{"start":{"line":40,"column":26},"end":{"line":40,"column":27}},"loc":{"start":{"line":40,"column":35},"end":{"line":47,"column":3}},"line":40},"4":{"name":"(anonymous_4)","decl":{"start":{"line":42,"column":20},"end":{"line":42,"column":21}},"loc":{"start":{"line":42,"column":28},"end":{"line":46,"column":5}},"line":42},"5":{"name":"(anonymous_5)","decl":{"start":{"line":49,"column":12},"end":{"line":49,"column":13}},"loc":{"start":{"line":49,"column":18},"end":{"line":78,"column":3}},"line":49},"6":{"name":"(anonymous_6)","decl":{"start":{"line":50,"column":24},"end":{"line":50,"column":25}},"loc":{"start":{"line":50,"column":36},"end":{"line":73,"column":5}},"line":50},"7":{"name":"(anonymous_7)","decl":{"start":{"line":65,"column":45},"end":{"line":65,"column":46}},"loc":{"start":{"line":65,"column":50},"end":{"line":65,"column":67}},"line":65},"8":{"name":"(anonymous_8)","decl":{"start":{"line":81,"column":23},"end":{"line":81,"column":24}},"loc":{"start":{"line":81,"column":35},"end":{"line":91,"column":3}},"line":81},"9":{"name":"(anonymous_9)","decl":{"start":{"line":88,"column":18},"end":{"line":88,"column":19}},"loc":{"start":{"line":88,"column":27},"end":{"line":88,"column":67}},"line":88},"10":{"name":"(anonymous_10)","decl":{"start":{"line":102,"column":30},"end":{"line":102,"column":31}},"loc":{"start":{"line":102,"column":36},"end":{"line":108,"column":3}},"line":102},"11":{"name":"(anonymous_11)","decl":{"start":{"line":142,"column":21},"end":{"line":142,"column":22}},"loc":{"start":{"line":142,"column":27},"end":{"line":142,"column":49}},"line":142},"12":{"name":"(anonymous_12)","decl":{"start":{"line":156,"column":25},"end":{"line":156,"column":26}},"loc":{"start":{"line":156,"column":31},"end":{"line":156,"column":58}},"line":156},"13":{"name":"(anonymous_13)","decl":{"start":{"line":162,"column":25},"end":{"line":162,"column":26}},"loc":{"start":{"line":162,"column":31},"end":{"line":162,"column":60}},"line":162},"14":{"name":"(anonymous_14)","decl":{"start":{"line":168,"column":25},"end":{"line":168,"column":26}},"loc":{"start":{"line":168,"column":31},"end":{"line":168,"column":57}},"line":168},"15":{"name":"(anonymous_15)","decl":{"start":{"line":179,"column":52},"end":{"line":179,"column":53}},"loc":{"start":{"line":180,"column":22},"end":{"line":183,"column":28}},"line":180},"16":{"name":"(anonymous_16)","decl":{"start":{"line":189,"column":54},"end":{"line":189,"column":55}},"loc":{"start":{"line":190,"column":22},"end":{"line":205,"column":28}},"line":190},"17":{"name":"(anonymous_17)","decl":{"start":{"line":193,"column":58},"end":{"line":193,"column":59}},"loc":{"start":{"line":194,"column":28},"end":{"line":202,"column":34}},"line":194},"18":{"name":"(anonymous_18)","decl":{"start":{"line":213,"column":39},"end":{"line":213,"column":40}},"loc":{"start":{"line":214,"column":20},"end":{"line":250,"column":26}},"line":214},"19":{"name":"(anonymous_19)","decl":{"start":{"line":220,"column":46},"end":{"line":220,"column":47}},"loc":{"start":{"line":221,"column":28},"end":{"line":246,"column":36}},"line":221},"20":{"name":"(anonymous_20)","decl":{"start":{"line":226,"column":43},"end":{"line":226,"column":44}},"loc":{"start":{"line":226,"column":50},"end":{"line":231,"column":35}},"line":226},"21":{"name":"(anonymous_21)","decl":{"start":{"line":261,"column":43},"end":{"line":261,"column":44}},"loc":{"start":{"line":262,"column":26},"end":{"line":265,"column":28}},"line":262}},"branchMap":{"0":{"loc":{"start":{"line":21,"column":21},"end":{"line":21,"column":51}},"type":"binary-expr","locations":[{"start":{"line":21,"column":21},"end":{"line":21,"column":44}},{"start":{"line":21,"column":48},"end":{"line":21,"column":51}}],"line":21},"1":{"loc":{"start":{"line":27,"column":4},"end":{"line":29,"column":5}},"type":"if","locations":[{"start":{"line":27,"column":4},"end":{"line":29,"column":5}},{"start":{},"end":{}}],"line":27},"2":{"loc":{"start":{"line":27,"column":8},"end":{"line":27,"column":38}},"type":"binary-expr","locations":[{"start":{"line":27,"column":8},"end":{"line":27,"column":14}},{"start":{"line":27,"column":18},"end":{"line":27,"column":38}}],"line":27},"3":{"loc":{"start":{"line":30,"column":4},"end":{"line":36,"column":5}},"type":"if","locations":[{"start":{"line":30,"column":4},"end":{"line":36,"column":5}},{"start":{},"end":{}}],"line":30},"4":{"loc":{"start":{"line":58,"column":21},"end":{"line":58,"column":51}},"type":"binary-expr","locations":[{"start":{"line":58,"column":21},"end":{"line":58,"column":33}},{"start":{"line":58,"column":37},"end":{"line":58,"column":51}}],"line":58},"5":{"loc":{"start":{"line":60,"column":8},"end":{"line":62,"column":9}},"type":"if","locations":[{"start":{"line":60,"column":8},"end":{"line":62,"column":9}},{"start":{},"end":{}}],"line":60},"6":{"loc":{"start":{"line":75,"column":4},"end":{"line":77,"column":5}},"type":"if","locations":[{"start":{"line":75,"column":4},"end":{"line":77,"column":5}},{"start":{},"end":{}}],"line":75},"7":{"loc":{"start":{"line":85,"column":4},"end":{"line":90,"column":5}},"type":"if","locations":[{"start":{"line":85,"column":4},"end":{"line":90,"column":5}},{"start":{},"end":{}}],"line":85},"8":{"loc":{"start":{"line":87,"column":6},"end":{"line":89,"column":7}},"type":"if","locations":[{"start":{"line":87,"column":6},"end":{"line":89,"column":7}},{"start":{},"end":{}}],"line":87},"9":{"loc":{"start":{"line":94,"column":2},"end":{"line":96,"column":3}},"type":"if","locations":[{"start":{"line":94,"column":2},"end":{"line":96,"column":3}},{"start":{},"end":{}}],"line":94},"10":{"loc":{"start":{"line":98,"column":2},"end":{"line":100,"column":3}},"type":"if","locations":[{"start":{"line":98,"column":2},"end":{"line":100,"column":3}},{"start":{},"end":{}}],"line":98},"11":{"loc":{"start":{"line":103,"column":17},"end":{"line":103,"column":53}},"type":"binary-expr","locations":[{"start":{"line":103,"column":17},"end":{"line":103,"column":32}},{"start":{"line":103,"column":36},"end":{"line":103,"column":53}}],"line":103},"12":{"loc":{"start":{"line":105,"column":4},"end":{"line":107,"column":5}},"type":"if","locations":[{"start":{"line":105,"column":4},"end":{"line":107,"column":5}},{"start":{},"end":{}}],"line":105},"13":{"loc":{"start":{"line":155,"column":38},"end":{"line":155,"column":78}},"type":"cond-expr","locations":[{"start":{"line":155,"column":65},"end":{"line":155,"column":73}},{"start":{"line":155,"column":76},"end":{"line":155,"column":78}}],"line":155},"14":{"loc":{"start":{"line":161,"column":38},"end":{"line":161,"column":80}},"type":"cond-expr","locations":[{"start":{"line":161,"column":67},"end":{"line":161,"column":75}},{"start":{"line":161,"column":78},"end":{"line":161,"column":80}}],"line":161},"15":{"loc":{"start":{"line":167,"column":38},"end":{"line":167,"column":77}},"type":"cond-expr","locations":[{"start":{"line":167,"column":64},"end":{"line":167,"column":72}},{"start":{"line":167,"column":75},"end":{"line":167,"column":77}}],"line":167},"16":{"loc":{"start":{"line":175,"column":15},"end":{"line":209,"column":15}},"type":"binary-expr","locations":[{"start":{"line":175,"column":15},"end":{"line":175,"column":39}},{"start":{"line":176,"column":16},"end":{"line":208,"column":22}}],"line":175},"17":{"loc":{"start":{"line":201,"column":31},"end":{"line":201,"column":95}},"type":"binary-expr","locations":[{"start":{"line":201,"column":31},"end":{"line":201,"column":45}},{"start":{"line":201,"column":49},"end":{"line":201,"column":95}}],"line":201},"18":{"loc":{"start":{"line":211,"column":15},"end":{"line":253,"column":15}},"type":"binary-expr","locations":[{"start":{"line":211,"column":15},"end":{"line":211,"column":41}},{"start":{"line":212,"column":16},"end":{"line":252,"column":22}}],"line":211},"19":{"loc":{"start":{"line":227,"column":36},"end":{"line":230,"column":37}},"type":"if","locations":[{"start":{"line":227,"column":36},"end":{"line":230,"column":37}},{"start":{},"end":{}}],"line":227},"20":{"loc":{"start":{"line":232,"column":51},"end":{"line":232,"column":89}},"type":"cond-expr","locations":[{"start":{"line":232,"column":68},"end":{"line":232,"column":77}},{"start":{"line":232,"column":80},"end":{"line":232,"column":89}}],"line":232},"21":{"loc":{"start":{"line":237,"column":37},"end":{"line":237,"column":101}},"type":"binary-expr","locations":[{"start":{"line":237,"column":37},"end":{"line":237,"column":51}},{"start":{"line":237,"column":55},"end":{"line":237,"column":101}}],"line":237},"22":{"loc":{"start":{"line":244,"column":36},"end":{"line":244,"column":94}},"type":"binary-expr","locations":[{"start":{"line":244,"column":36},"end":{"line":244,"column":51}},{"start":{"line":244,"column":55},"end":{"line":244,"column":94}}],"line":244},"23":{"loc":{"start":{"line":255,"column":15},"end":{"line":272,"column":15}},"type":"binary-expr","locations":[{"start":{"line":255,"column":15},"end":{"line":255,"column":38}},{"start":{"line":256,"column":16},"end":{"line":271,"column":22}}],"line":255},"24":{"loc":{"start":{"line":264,"column":47},"end":{"line":264,"column":92}},"type":"cond-expr","locations":[{"start":{"line":264,"column":79},"end":{"line":264,"column":87}},{"start":{"line":264,"column":90},"end":{"line":264,"column":92}}],"line":264},"25":{"loc":{"start":{"line":291,"column":21},"end":{"line":295,"column":21}},"type":"binary-expr","locations":[{"start":{"line":291,"column":21},"end":{"line":291,"column":41}},{"start":{"line":292,"column":22},"end":{"line":294,"column":29}}],"line":291},"26":{"loc":{"start":{"line":300,"column":43},"end":{"line":300,"column":71}},"type":"cond-expr","locations":[{"start":{"line":300,"column":56},"end":{"line":300,"column":66}},{"start":{"line":300,"column":69},"end":{"line":300,"column":71}}],"line":300},"27":{"loc":{"start":{"line":304,"column":19},"end":{"line":304,"column":57}},"type":"cond-expr","locations":[{"start":{"line":304,"column":32},"end":{"line":304,"column":42}},{"start":{"line":304,"column":45},"end":{"line":304,"column":57}}],"line":304}},"s":{"0":1,"1":1,"2":17,"3":17,"4":17,"5":17,"6":17,"7":17,"8":17,"9":17,"10":17,"11":17,"12":17,"13":7,"14":7,"15":0,"16":7,"17":0,"18":0,"19":0,"20":0,"21":17,"22":2,"23":2,"24":0,"25":0,"26":0,"27":17,"28":7,"29":7,"30":7,"31":7,"32":6,"33":6,"34":6,"35":6,"36":6,"37":6,"38":0,"39":0,"40":0,"41":0,"42":7,"43":7,"44":7,"45":7,"46":17,"47":2,"48":2,"49":2,"50":2,"51":1,"52":1,"53":1,"54":1,"55":17,"56":7,"57":10,"58":1,"59":9,"60":0,"61":0,"62":0,"63":0,"64":9,"65":1,"66":0,"67":1,"68":1,"69":14,"70":7,"71":7,"72":1,"73":1,"74":0,"75":0,"76":0,"77":5},"f":{"0":17,"1":7,"2":0,"3":2,"4":0,"5":7,"6":7,"7":0,"8":2,"9":1,"10":0,"11":1,"12":0,"13":1,"14":1,"15":14,"16":7,"17":7,"18":1,"19":1,"20":0,"21":5},"b":{"0":[17,0],"1":[0,7],"2":[7,7],"3":[0,7],"4":[6,6],"5":[6,0],"6":[7,0],"7":[1,1],"8":[1,0],"9":[7,10],"10":[1,9],"11":[0,0],"12":[0,0],"13":[7,2],"14":[1,8],"15":[1,8],"16":[9,7],"17":[7,7],"18":[9,1],"19":[0,0],"20":[1,0],"21":[1,1],"22":[1,0],"23":[9,1],"24":[4,1],"25":[9,9],"26":[2,7],"27":[2,7]},"_coverageSchema":"1a1c01bbd47fc00a2c39e90264f33305004495a9","hash":"49c07295f14015c00a87717b3ef10064484e21ed"}
,"C:\\HTD\\Capstone Project\\LMS\\lms\\src\\pages\\dashboard\\index.jsx": {"path":"C:\\HTD\\Capstone Project\\LMS\\lms\\src\\pages\\dashboard\\index.jsx","statementMap":{"0":{"start":{"line":8,"column":22},"end":{"line":149,"column":1}},"1":{"start":{"line":17,"column":6},"end":{"line":17,"column":27}},"2":{"start":{"line":19,"column":2},"end":{"line":148,"column":4}},"3":{"start":{"line":54,"column":39},"end":{"line":54,"column":81}},"4":{"start":{"line":54,"column":58},"end":{"line":54,"column":79}},"5":{"start":{"line":69,"column":39},"end":{"line":69,"column":81}},"6":{"start":{"line":69,"column":58},"end":{"line":69,"column":79}},"7":{"start":{"line":84,"column":39},"end":{"line":84,"column":78}},"8":{"start":{"line":84,"column":58},"end":{"line":84,"column":76}},"9":{"start":{"line":100,"column":39},"end":{"line":100,"column":79}},"10":{"start":{"line":100,"column":58},"end":{"line":100,"column":77}},"11":{"start":{"line":131,"column":14},"end":{"line":131,"column":56}}},"fnMap":{"0":{"name":"(anonymous_0)","decl":{"start":{"line":8,"column":22},"end":{"line":8,"column":23}},"loc":{"start":{"line":8,"column":28},"end":{"line":149,"column":1}},"line":8},"1":{"name":"(anonymous_1)","decl":{"start":{"line":54,"column":32},"end":{"line":54,"column":33}},"loc":{"start":{"line":54,"column":39},"end":{"line":54,"column":81}},"line":54},"2":{"name":"(anonymous_2)","decl":{"start":{"line":54,"column":50},"end":{"line":54,"column":51}},"loc":{"start":{"line":54,"column":58},"end":{"line":54,"column":79}},"line":54},"3":{"name":"(anonymous_3)","decl":{"start":{"line":69,"column":32},"end":{"line":69,"column":33}},"loc":{"start":{"line":69,"column":39},"end":{"line":69,"column":81}},"line":69},"4":{"name":"(anonymous_4)","decl":{"start":{"line":69,"column":50},"end":{"line":69,"column":51}},"loc":{"start":{"line":69,"column":58},"end":{"line":69,"column":79}},"line":69},"5":{"name":"(anonymous_5)","decl":{"start":{"line":84,"column":32},"end":{"line":84,"column":33}},"loc":{"start":{"line":84,"column":39},"end":{"line":84,"column":78}},"line":84},"6":{"name":"(anonymous_6)","decl":{"start":{"line":84,"column":50},"end":{"line":84,"column":51}},"loc":{"start":{"line":84,"column":58},"end":{"line":84,"column":76}},"line":84},"7":{"name":"(anonymous_7)","decl":{"start":{"line":100,"column":32},"end":{"line":100,"column":33}},"loc":{"start":{"line":100,"column":39},"end":{"line":100,"column":79}},"line":100},"8":{"name":"(anonymous_8)","decl":{"start":{"line":100,"column":50},"end":{"line":100,"column":51}},"loc":{"start":{"line":100,"column":58},"end":{"line":100,"column":77}},"line":100},"9":{"name":"(anonymous_9)","decl":{"start":{"line":130,"column":32},"end":{"line":130,"column":33}},"loc":{"start":{"line":131,"column":14},"end":{"line":131,"column":56}},"line":131}},"branchMap":{"0":{"loc":{"start":{"line":129,"column":11},"end":{"line":141,"column":11}},"type":"cond-expr","locations":[{"start":{"line":130,"column":12},"end":{"line":132,"column":14}},{"start":{"line":134,"column":12},"end":{"line":140,"column":19}}],"line":129},"1":{"loc":{"start":{"line":129,"column":11},"end":{"line":129,"column":56}},"type":"binary-expr","locations":[{"start":{"line":129,"column":11},"end":{"line":129,"column":26}},{"start":{"line":129,"column":30},"end":{"line":129,"column":56}}],"line":129}},"s":{"0":1,"1":2,"2":2,"3":1,"4":1,"5":1,"6":1,"7":1,"8":1,"9":1,"10":1,"11":1},"f":{"0":2,"1":1,"2":1,"3":1,"4":1,"5":1,"6":1,"7":1,"8":1,"9":1},"b":{"0":[1,1],"1":[2,2]},"_coverageSchema":"1a1c01bbd47fc00a2c39e90264f33305004495a9","hash":"cddfe42ef64f13d041ae29c103018621f2aac8e6"}
,"C:\\HTD\\Capstone Project\\LMS\\lms\\src\\pages\\dashboard\\useDashboardCourses.jsx": {"path":"C:\\HTD\\Capstone Project\\LMS\\lms\\src\\pages\\dashboard\\useDashboardCourses.jsx","statementMap":{"0":{"start":{"line":4,"column":24},"end":{"line":9,"column":1}},"1":{"start":{"line":11,"column":35},"end":{"line":122,"column":1}},"2":{"start":{"line":12,"column":38},"end":{"line":12,"column":50}},"3":{"start":{"line":13,"column":48},"end":{"line":13,"column":60}},"4":{"start":{"line":14,"column":30},"end":{"line":14,"column":42}},"5":{"start":{"line":15,"column":48},"end":{"line":15,"column":60}},"6":{"start":{"line":16,"column":32},"end":{"line":16,"column":57}},"7":{"start":{"line":19,"column":2},"end":{"line":26,"column":9}},"8":{"start":{"line":20,"column":25},"end":{"line":24,"column":5}},"9":{"start":{"line":21,"column":18},"end":{"line":21,"column":46}},"10":{"start":{"line":22,"column":6},"end":{"line":22,"column":31}},"11":{"start":{"line":23,"column":6},"end":{"line":23,"column":36}},"12":{"start":{"line":25,"column":4},"end":{"line":25,"column":19}},"13":{"start":{"line":29,"column":2},"end":{"line":35,"column":15}},"14":{"start":{"line":30,"column":15},"end":{"line":33,"column":5}},"15":{"start":{"line":31,"column":12},"end":{"line":31,"column":59}},"16":{"start":{"line":34,"column":4},"end":{"line":34,"column":34}},"17":{"start":{"line":34,"column":17},"end":{"line":34,"column":33}},"18":{"start":{"line":38,"column":22},"end":{"line":46,"column":35}},"19":{"start":{"line":39,"column":4},"end":{"line":39,"column":36}},"20":{"start":{"line":39,"column":26},"end":{"line":39,"column":36}},"21":{"start":{"line":40,"column":4},"end":{"line":45,"column":38}},"22":{"start":{"line":42,"column":8},"end":{"line":42,"column":56}},"23":{"start":{"line":45,"column":17},"end":{"line":45,"column":35}},"24":{"start":{"line":49,"column":24},"end":{"line":58,"column":3}},"25":{"start":{"line":50,"column":4},"end":{"line":50,"column":23}},"26":{"start":{"line":51,"column":4},"end":{"line":57,"column":5}},"27":{"start":{"line":52,"column":20},"end":{"line":52,"column":35}},"28":{"start":{"line":53,"column":23},"end":{"line":53,"column":52}},"29":{"start":{"line":54,"column":25},"end":{"line":54,"column":55}},"30":{"start":{"line":55,"column":22},"end":{"line":55,"column":39}},"31":{"start":{"line":56,"column":15},"end":{"line":56,"column":27}},"32":{"start":{"line":60,"column":24},"end":{"line":69,"column":3}},"33":{"start":{"line":61,"column":4},"end":{"line":61,"column":23}},"34":{"start":{"line":62,"column":4},"end":{"line":68,"column":5}},"35":{"start":{"line":63,"column":18},"end":{"line":63,"column":31}},"36":{"start":{"line":64,"column":19},"end":{"line":64,"column":44}},"37":{"start":{"line":65,"column":20},"end":{"line":65,"column":45}},"38":{"start":{"line":66,"column":19},"end":{"line":66,"column":33}},"39":{"start":{"line":67,"column":15},"end":{"line":67,"column":27}},"40":{"start":{"line":71,"column":21},"end":{"line":81,"column":3}},"41":{"start":{"line":72,"column":4},"end":{"line":72,"column":23}},"42":{"start":{"line":73,"column":4},"end":{"line":80,"column":5}},"43":{"start":{"line":74,"column":19},"end":{"line":74,"column":34}},"44":{"start":{"line":75,"column":19},"end":{"line":75,"column":42}},"45":{"start":{"line":76,"column":21},"end":{"line":76,"column":48}},"46":{"start":{"line":77,"column":22},"end":{"line":77,"column":49}},"47":{"start":{"line":78,"column":20},"end":{"line":78,"column":35}},"48":{"start":{"line":79,"column":15},"end":{"line":79,"column":27}},"49":{"start":{"line":83,"column":22},"end":{"line":91,"column":3}},"50":{"start":{"line":84,"column":4},"end":{"line":84,"column":23}},"51":{"start":{"line":85,"column":4},"end":{"line":90,"column":5}},"52":{"start":{"line":86,"column":20},"end":{"line":86,"column":36}},"53":{"start":{"line":87,"column":20},"end":{"line":87,"column":36}},"54":{"start":{"line":88,"column":20},"end":{"line":88,"column":36}},"55":{"start":{"line":89,"column":15},"end":{"line":89,"column":27}},"56":{"start":{"line":94,"column":2},"end":{"line":109,"column":45}},"57":{"start":{"line":95,"column":14},"end":{"line":95,"column":29}},"58":{"start":{"line":97,"column":17},"end":{"line":106,"column":6}},"59":{"start":{"line":98,"column":6},"end":{"line":98,"column":65}},"60":{"start":{"line":98,"column":52},"end":{"line":98,"column":65}},"61":{"start":{"line":100,"column":6},"end":{"line":105,"column":8}},"62":{"start":{"line":108,"column":4},"end":{"line":108,"column":29}},"63":{"start":{"line":111,"column":23},"end":{"line":111,"column":56}},"64":{"start":{"line":111,"column":29},"end":{"line":111,"column":56}},"65":{"start":{"line":113,"column":2},"end":{"line":121,"column":4}}},"fnMap":{"0":{"name":"(anonymous_0)","decl":{"start":{"line":11,"column":35},"end":{"line":11,"column":36}},"loc":{"start":{"line":11,"column":41},"end":{"line":122,"column":1}},"line":11},"1":{"name":"(anonymous_1)","decl":{"start":{"line":19,"column":12},"end":{"line":19,"column":13}},"loc":{"start":{"line":19,"column":18},"end":{"line":26,"column":3}},"line":19},"2":{"name":"(anonymous_2)","decl":{"start":{"line":20,"column":25},"end":{"line":20,"column":26}},"loc":{"start":{"line":20,"column":37},"end":{"line":24,"column":5}},"line":20},"3":{"name":"(anonymous_3)","decl":{"start":{"line":29,"column":12},"end":{"line":29,"column":13}},"loc":{"start":{"line":29,"column":18},"end":{"line":35,"column":3}},"line":29},"4":{"name":"(anonymous_4)","decl":{"start":{"line":31,"column":6},"end":{"line":31,"column":7}},"loc":{"start":{"line":31,"column":12},"end":{"line":31,"column":59}},"line":31},"5":{"name":"(anonymous_5)","decl":{"start":{"line":34,"column":11},"end":{"line":34,"column":12}},"loc":{"start":{"line":34,"column":17},"end":{"line":34,"column":33}},"line":34},"6":{"name":"(anonymous_6)","decl":{"start":{"line":38,"column":30},"end":{"line":38,"column":31}},"loc":{"start":{"line":38,"column":36},"end":{"line":46,"column":3}},"line":38},"7":{"name":"(anonymous_7)","decl":{"start":{"line":41,"column":14},"end":{"line":41,"column":15}},"loc":{"start":{"line":42,"column":8},"end":{"line":42,"column":56}},"line":42},"8":{"name":"(anonymous_8)","decl":{"start":{"line":45,"column":11},"end":{"line":45,"column":12}},"loc":{"start":{"line":45,"column":17},"end":{"line":45,"column":35}},"line":45},"9":{"name":"(anonymous_9)","decl":{"start":{"line":49,"column":24},"end":{"line":49,"column":25}},"loc":{"start":{"line":49,"column":36},"end":{"line":58,"column":3}},"line":49},"10":{"name":"(anonymous_10)","decl":{"start":{"line":60,"column":24},"end":{"line":60,"column":25}},"loc":{"start":{"line":60,"column":36},"end":{"line":69,"column":3}},"line":60},"11":{"name":"(anonymous_11)","decl":{"start":{"line":71,"column":21},"end":{"line":71,"column":22}},"loc":{"start":{"line":71,"column":33},"end":{"line":81,"column":3}},"line":71},"12":{"name":"(anonymous_12)","decl":{"start":{"line":83,"column":22},"end":{"line":83,"column":23}},"loc":{"start":{"line":83,"column":34},"end":{"line":91,"column":3}},"line":83},"13":{"name":"(anonymous_13)","decl":{"start":{"line":94,"column":12},"end":{"line":94,"column":13}},"loc":{"start":{"line":94,"col
[...]
ne":98,"column":5}},"44":{"start":{"line":86,"column":18},"end":{"line":86,"column":50}},"45":{"start":{"line":88,"column":6},"end":{"line":91,"column":7}},"46":{"start":{"line":89,"column":8},"end":{"line":89,"column":68}},"47":{"start":{"line":90,"column":8},"end":{"line":90,"column":28}},"48":{"start":{"line":93,"column":6},"end":{"line":95,"column":8}},"49":{"start":{"line":97,"column":6},"end":{"line":97,"column":26}},"50":{"start":{"line":102,"column":2},"end":{"line":108,"column":4}}},"fnMap":{"0":{"name":"(anonymous_0)","decl":{"start":{"line":6,"column":18},"end":{"line":6,"column":19}},"loc":{"start":{"line":6,"column":24},"end":{"line":109,"column":1}},"line":6},"1":{"name":"(anonymous_1)","decl":{"start":{"line":20,"column":23},"end":{"line":20,"column":24}},"loc":{"start":{"line":20,"column":30},"end":{"line":35,"column":3}},"line":20},"2":{"name":"(anonymous_2)","decl":{"start":{"line":23,"column":16},"end":{"line":23,"column":17}},"loc":{"start":{"line":23,"column":27},"end":{"line":26,"column":5}},"line":23},"3":{"name":"(anonymous_3)","decl":{"start":{"line":30,"column":16},"end":{"line":30,"column":17}},"loc":{"start":{"line":30,"column":27},"end":{"line":33,"column":7}},"line":30},"4":{"name":"(anonymous_4)","decl":{"start":{"line":37,"column":23},"end":{"line":37,"column":24}},"loc":{"start":{"line":37,"column":29},"end":{"line":76,"column":3}},"line":37},"5":{"name":"(anonymous_5)","decl":{"start":{"line":78,"column":23},"end":{"line":78,"column":24}},"loc":{"start":{"line":78,"column":36},"end":{"line":99,"column":3}},"line":78}},"branchMap":{"0":{"loc":{"start":{"line":29,"column":4},"end":{"line":34,"column":5}},"type":"if","locations":[{"start":{"line":29,"column":4},"end":{"line":34,"column":5}},{"start":{},"end":{}}],"line":29},"1":{"loc":{"start":{"line":43,"column":4},"end":{"line":46,"column":5}},"type":"if","locations":[{"start":{"line":43,"column":4},"end":{"line":46,"column":5}},{"start":{},"end":{}}],"line":43},"2":{"loc":{"start":{"line":48,"column":4},"end":{"line":51,"column":5}},"type":"if","locations":[{"start":{"line":48,"column":4},"end":{"line":51,"column":5}},{"start":{},"end":{}}],"line":48},"3":{"loc":{"start":{"line":53,"column":4},"end":{"line":59,"column":5}},"type":"if","locations":[{"start":{"line":53,"column":4},"end":{"line":59,"column":5}},{"start":{"line":56,"column":11},"end":{"line":59,"column":5}}],"line":53},"4":{"loc":{"start":{"line":56,"column":11},"end":{"line":59,"column":5}},"type":"if","locations":[{"start":{"line":56,"column":11},"end":{"line":59,"column":5}},{"start":{},"end":{}}],"line":56},"5":{"loc":{"start":{"line":61,"column":4},"end":{"line":67,"column":5}},"type":"if","locations":[{"start":{"line":61,"column":4},"end":{"line":67,"column":5}},{"start":{"line":64,"column":11},"end":{"line":67,"column":5}}],"line":61},"6":{"loc":{"start":{"line":64,"column":11},"end":{"line":67,"column":5}},"type":"if","locations":[{"start":{"line":64,"column":11},"end":{"line":67,"column":5}},{"start":{},"end":{}}],"line":64},"7":{"loc":{"start":{"line":69,"column":4},"end":{"line":72,"column":5}},"type":"if","locations":[{"start":{"line":69,"column":4},"end":{"line":72,"column":5}},{"start":{},"end":{}}],"line":69},"8":{"loc":{"start":{"line":81,"column":4},"end":{"line":81,"column":32}},"type":"if","locations":[{"start":{"line":81,"column":4},"end":{"line":81,"column":32}},{"start":{},"end":{}}],"line":81},"9":{"loc":{"start":{"line":88,"column":6},"end":{"line":91,"column":7}},"type":"if","locations":[{"start":{"line":88,"column":6},"end":{"line":91,"column":7}},{"start":{},"end":{}}],"line":88}},"s":{"0":1,"1":17,"2":17,"3":17,"4":17,"5":17,"6":13,"7":13,"8":13,"9":13,"10":1,"11":1,"12":17,"13":4,"14":4,"15":4,"16":3,"17":3,"18":4,"19":3,"20":3,"21":4,"22":2,"23":2,"24":2,"25":1,"26":1,"27":4,"28":1,"29":1,"30":3,"31":1,"32":1,"33":4,"34":1,"35":1,"36":4,"37":4,"38":17,"39":4,"40":4,"41":3,"42":1,"43":1,"44":1,"45":1,"46":1,"47":1,"48":0,"49":1,"50":17},"f":{"0":17,"1":13,"2":13,"3":1,"4":4,"5":4},"b":{"0":[1,12],"1":[3,1],"2":[3,1],"3":[2,2],"4":[1,1],"5":[1,3],"6":[1,2],"7":[1,3],"8":[3,1],"9":[1,0]},"_coverageSchema":"1a1c01bbd47fc00a2c39e90264f33305004495a9","hash":"9ef57853dd1cba325e03db188695d0ae73f36cd2"}
,"C:\\HTD\\Capstone Project\\LMS\\lms\\src\\utils\\api\\apiClient.js": {"path":"C:\\HTD\\Capstone Project\\LMS\\lms\\src\\utils\\api\\apiClient.js","statementMap":{"0":{"start":{"line":4,"column":16},"end":{"line":4,"column":39}},"1":{"start":{"line":6,"column":32},"end":{"line":10,"column":1}},"2":{"start":{"line":7,"column":2},"end":{"line":7,"column":81}},"3":{"start":{"line":7,"column":74},"end":{"line":7,"column":81}},"4":{"start":{"line":8,"column":2},"end":{"line":8,"column":44}},"5":{"start":{"line":8,"column":37},"end":{"line":8,"column":44}},"6":{"start":{"line":9,"column":2},"end":{"line":9,"column":36}},"7":{"start":{"line":12,"column":18},"end":{"line":17,"column":2}},"8":{"start":{"line":20,"column":0},"end":{"line":31,"column":2}},"9":{"start":{"line":22,"column":18},"end":{"line":22,"column":47}},"10":{"start":{"line":23,"column":4},"end":{"line":25,"column":5}},"11":{"start":{"line":24,"column":6},"end":{"line":24,"column":55}},"12":{"start":{"line":26,"column":4},"end":{"line":26,"column":18}},"13":{"start":{"line":29,"column":4},"end":{"line":29,"column":33}},"14":{"start":{"line":34,"column":0},"end":{"line":44,"column":2}},"15":{"start":{"line":35,"column":16},"end":{"line":35,"column":24}},"16":{"start":{"line":37,"column":4},"end":{"line":41,"column":5}},"17":{"start":{"line":39,"column":6},"end":{"line":39,"column":39}},"18":{"start":{"line":40,"column":6},"end":{"line":40,"column":25}},"19":{"start":{"line":42,"column":4},"end":{"line":42,"column":33}}},"fnMap":{"0":{"name":"(anonymous_0)","decl":{"start":{"line":6,"column":32},"end":{"line":6,"column":33}},"loc":{"start":{"line":6,"column":38},"end":{"line":10,"column":1}},"line":6},"1":{"name":"(anonymous_1)","decl":{"start":{"line":21,"column":2},"end":{"line":21,"column":3}},"loc":{"start":{"line":21,"column":14},"end":{"line":27,"column":3}},"line":21},"2":{"name":"(anonymous_2)","decl":{"start":{"line":28,"column":2},"end":{"line":28,"column":3}},"loc":{"start":{"line":28,"column":13},"end":{"line":30,"column":3}},"line":28},"3":{"name":"(anonymous_3)","decl":{"start":{"line":35,"column":2},"end":{"line":35,"column":3}},"loc":{"start":{"line":35,"column":16},"end":{"line":35,"column":24}},"line":35},"4":{"name":"(anonymous_4)","decl":{"start":{"line":36,"column":2},"end":{"line":36,"column":3}},"loc":{"start":{"line":36,"column":13},"end":{"line":43,"column":3}},"line":36}},"branchMap":{"0":{"loc":{"start":{"line":7,"column":2},"end":{"line":7,"column":81}},"type":"if","locations":[{"start":{"line":7,"column":2},"end":{"line":7,"column":81}},{"start":{},"end":{}}],"line":7},"1":{"loc":{"start":{"line":7,"column":6},"end":{"line":7,"column":72}},"type":"binary-expr","locations":[{"start":{"line":7,"column":6},"end":{"line":7,"column":36}},{"start":{"line":7,"column":40},"end":{"line":7,"column":72}}],"line":7},"2":{"loc":{"start":{"line":8,"column":2},"end":{"line":8,"column":44}},"type":"if","locations":[{"start":{"line":8,"column":2},"end":{"line":8,"column":44}},{"start":{},"end":{}}],"line":8},"3":{"loc":{"start":{"line":23,"column":4},"end":{"line":25,"column":5}},"type":"if","locations":[{"start":{"line":23,"column":4},"end":{"line":25,"column":5}},{"start":{},"end":{}}],"line":23},"4":{"loc":{"start":{"line":37,"column":4},"end":{"line":41,"column":5}},"type":"if","locations":[{"start":{"line":37,"column":4},"end":{"line":41,"column":5}},{"start":{},"end":{}}],"line":37}},"s":{"0":6,"1":6,"2":1,"3":1,"4":0,"5":0,"6":0,"7":6,"8":6,"9":2,"10":2,"11":1,"12":2,"13":0,"14":6,"15":1,"16":2,"17":1,"18":1,"19":2},"f":{"0":1,"1":2,"2":0,"3":1,"4":2},"b":{"0":[1,0],"1":[1,1],"2":[0,0],"3":[1,1],"4":[1,1]},"_coverageSchema":"1a1c01bbd47fc00a2c39e90264f33305004495a9","hash":"f451361cd8f483097b271c354afb59e01728e36c"}
,"C:\\HTD\\Capstone Project\\LMS\\lms\\src\\utils\\api\\apiEndpoints.js": {"path":"C:\\HTD\\Capstone Project\\LMS\\lms\\src\\utils\\api\\apiEndpoints.js","statementMap":{"0":{"start":{"line":1,"column":17},"end":{"line":1,"column":40}},"1":{"start":{"line":3,"column":20},"end":{"line":9,"column":1}},"2":{"start":{"line":12,"column":21},"end":{"line":15,"column":1}},"3":{"start":{"line":18,"column":23},"end":{"line":24,"column":1}}},"fnMap":{},"branchMap":{},"s":{"0":5,"1":5,"2":5,"3":5},"f":{},"b":{},"_coverageSchema":"1a1c01bbd47fc00a2c39e90264f33305004495a9","hash":"9b3727b3658e11925899aeb5c249c5a0763749d4"}
,"C:\\HTD\\Capstone Project\\LMS\\lms\\src\\utils\\api\\authAPI.js": {"path":"C:\\HTD\\Capstone Project\\LMS\\lms\\src\\utils\\api\\authAPI.js","statementMap":{"0":{"start":{"line":4,"column":23},"end":{"line":49,"column":1}},"1":{"start":{"line":6,"column":4},"end":{"line":14,"column":5}},"2":{"start":{"line":7,"column":23},"end":{"line":7,"column":68}},"3":{"start":{"line":8,"column":6},"end":{"line":10,"column":7}},"4":{"start":{"line":9,"column":8},"end":{"line":9,"column":59}},"5":{"start":{"line":11,"column":6},"end":{"line":11,"column":27}},"6":{"start":{"line":13,"column":6},"end":{"line":13,"column":50}},"7":{"start":{"line":18,"column":4},"end":{"line":23,"column":5}},"8":{"start":{"line":19,"column":23},"end":{"line":19,"column":68}},"9":{"start":{"line":20,"column":6},"end":{"line":20,"column":27}},"10":{"start":{"line":22,"column":6},"end":{"line":22,"column":50}},"11":{"start":{"line":27,"column":4},"end":{"line":36,"column":5}},"12":{"start":{"line":28,"column":6},"end":{"line":28,"column":40}},"13":{"start":{"line":29,"column":6},"end":{"line":29,"column":39}},"14":{"start":{"line":31,"column":6},"end":{"line":31,"column":44}},"15":{"start":{"line":32,"column":6},"end":{"line":32,"column":18}},"16":{"start":{"line":35,"column":6},"end":{"line":35,"column":39}},"17":{"start":{"line":40,"column":4},"end":{"line":45,"column":5}},"18":{"start":{"line":41,"column":23},"end":{"line":41,"column":56}},"19":{"start":{"line":42,"column":6},"end":{"line":42,"column":27}},"20":{"start":{"line":44,"column":6},"end":{"line":44,"column":50}}},"fnMap":{"0":{"name":"(anonymous_0)","decl":{"start":{"line":5,"column":9},"end":{"line":5,"column":10}},"loc":{"start":{"line":5,"column":32},"end":{"line":15,"column":3}},"line":5},"1":{"name":"(anonymous_1)","decl":{"start":{"line":17,"column":12},"end":{"line":17,"column":13}},"loc":{"start":{"line":17,"column":32},"end":{"line":24,"column":3}},"line":17},"2":{"name":"(anonymous_2)","decl":{"start":{"line":26,"column":10},"end":{"line":26,"column":11}},"loc":{"start":{"line":26,"column":22},"end":{"line":37,"column":3}},"line":26},"3":{"name":"(anonymous_3)","decl":{"start":{"line":39,"column":14},"end":{"line":39,"column":15}},"loc":{"start":{"line":39,"column":26},"end":{"line":46,"column":3}},"line":39}},"branchMap":{"0":{"loc":{"start":{"line":8,"column":6},"end":{"line":10,"column":7}},"type":"if","locations":[{"start":{"line":8,"column":6},"end":{"line":10,"column":7}},{"start":{},"end":{}}],"line":8},"1":{"loc":{"start":{"line":13,"column":12},"end":{"line":13,"column":49}},"type":"binary-expr","locations":[{"start":{"line":13,"column":12},"end":{"line":13,"column":32}},{"start":{"line":13,"column":36},"end":{"line":13,"column":49}}],"line":13},"2":{"loc":{"start":{"line":22,"column":12},"end":{"line":22,"column":49}},"type":"binary-expr","locations":[{"start":{"line":22,"column":12},"end":{"line":22,"column":32}},{"start":{"line":22,"column":36},"end":{"line":22,"column":49}}],"line":22},"3":{"loc":{"start":{"line":44,"column":12},"end":{"line":44,"column":49}},"type":"binary-expr","locations":[{"start":{"line":44,"column":12},"end":{"line":44,"column":32}},{"start":{"line":44,"column":36},"end":{"line":44,"column":49}}],"line":44}},"s":{"0":4,"1":4,"2":4,"3":2,"4":1,"5":2,"6":2,"7":2,"8":2,"9":1,"10":1,"11":2,"12":2,"13":1,"14":1,"15":1,"16":2,"17":3,"18":3,"19":1,"20":2},"f":{"0":4,"1":2,"2":2,"3":3},"b":{"0":[1,1],"1":[2,1],"2":[1,0],"3":[2,1]},"_coverageSchema":"1a1c01bbd47fc00a2c39e90264f33305004495a9","hash":"dabcff616c0b32b60d6446b1d8d90f833b7e4e05"}
,"C:\\HTD\\Capstone Project\\LMS\\lms\\src\\utils\\api\\courseApi.js": {"path":"C:\\HTD\\Capstone Project\\LMS\\lms\\src\\utils\\api\\courseApi.js","statementMap":{"0":{"start":{"line":4,"column":25},"end":{"line":68,"column":1}},"1":{"start":{"line":6,"column":25},"end":{"line":6,"column":79}},"2":{"start":{"line":7,"column":8},"end":{"line":7,"column":29}},"3":{"start":{"line":10,"column":25},"end":{"line":10,"column":89}},"4":{"start":{"line":11,"column":8},"end":{"line":11,"column":29}},"5":{"start":{"line":14,"column":8},"end":{"line":22,"column":9}},"6":{"start":{"line":15,"column":29},"end":{"line":18,"column":13}},"7":{"start":{"line":19,"column":12},"end":{"line":19,"column":33}},"8":{"start":{"line":21,"column":12},"end":{"line":21,"column":56}},"9":{"start":{"line":25,"column":25},"end":{"line":25,"column":80}},"10":{"start":{"line":26,"column":8},"end":{"line":26,"column":29}},"11":{"start":{"line":29,"column":8},"end":{"line":36,"column":9}},"12":{"start":{"line":30,"column":29},"end":{"line":30,"column":67}},"13":{"start":{"line":31,"column":12},"end":{"line":33,"column":13}},"14":{"start":{"line":32,"column":16},"end":{"line":32,"column":37}},"15":{"start":{"line":35,"column":12},"end":{"line":35,"column":56}},"16":{"start":{"line":39,"column":8},"end":{"line":46,"column":9}},"17":{"start":{"line":40,"column":29},"end":{"line":40,"column":78}},"18":{"start":{"line":41,"column":12},"end":{"line":43,"column":13}},"19":{"start":{"line":42,"column":16},"end":{"line":42,"column":37}},"20":{"start":{"line":45,"column":12},"end":{"line":45,"column":56}},"21":{"start":{"line":49,"column":8},"end":{"line":56,"column":9}},"22":{"start":{"line":50,"column":29},"end":{"line":50,"column":82}},"23":{"start":{"line":51,"column":12},"end":{"line":53,"column":13}},"24":{"start":{"line":52,"column":16},"end":{"line":52,"column":37}},"25":{"start":{"line":55,"column":12},"end":{"line":55,"column":56}},"26":{"start":{"line":59,"column":8},"end":{"line":66,"column":9}},"27":{"start":{"line":60,"column":29},"end":{"line":60,"column":105}},"28":{"start":{"line":61,"column":12},"end":{"line":63,"column":13}},"29":{"start":{"line":62,"column":16},"end":{"line":62,"column":37}},"30":{"start":{"line":65,"column":12},"end":{"line":65,"column":56}}},"fnMap":{"0":{"name":"(anonymous_0)","decl":{"start":{"line":5,"column":18},"end":{"line":5,"column":19}},"loc":{"start":{"line":5,"column":40},"end":{"line":8,"column":5}},"line":5},"1":{"name":"(anonymous_1)","decl":{"start":{"line":9,"column":18},"end":{"line":9,"column":19}},"loc":{"start":{"line":9,"column":44},"end":{"line":12,"column":5}},"line":9},"2":{"name":"(anonymous_2)","decl":{"start":{"line":13,"column":24},"end":{"line":13,"column":25}},"loc":{"start":{"line":13,"column":52},"end":{"line":23,"column":5}},"line":13},"3":{"name":"(anonymous_3)","decl":{"start":{"line":24,"column":18},"end":{"line":24,"column":19}},"loc":{"start":{"line":24,"column":32},"end":{"line":27,"column":5}},"line":24},"4":{"name":"(anonymous_4)","decl":{"start":{"line":28,"column":16},"end":{"line":28,"column":17}},"loc":{"start":{"line":28,"column":28},"end":{"line":37,"column":5}},"line":28},"5":{"name":"(anonymous_5)","decl":{"start":{"line":38,"column":19},"end":{"line":38,"column":20}},"loc":{"start":{"line":38,"column":33},"end":{"line":47,"column":5}},"line":38},"6":{"name":"(anonymous_6)","decl":{"start":{"line":48,"column":20},"end":{"line":48,"column":21}},"loc":{"start":{"line":48,"column":39},"end":{"line":57,"column":5}},"line":48},"7":{"name":"(anonymous_7)","decl":{"start":{"line":58,"column":23},"end":{"line":58,"column":24}},"loc":{"start":{"line":58,"column":37},"end":{"line":67,"column":5}},"line":58}},"branchMap":{"0":{"loc":{"start":{"line":21,"column":18},"end":{"line":21,"column":55}},"type":"binary-expr","locations":[{"start":{"line":21,"column":18},"end":{"line":21,"column":38}},{"start":{"line":21,"column":42},"end":{"line":21,"column":55}}],"line":21},"1":{"loc":{"start":{"line":31,"column":12},"end":{"line":33,"column":13}},"type":"if","locations":[{"start":{"line":31,"column":12},"end":{"line":33,"column":13}},{"start":{},"end":{}}],"line":31},"2":{"loc":{"start":{"line":35,"column":18},"end":{"line":35,"column":55}},"type":"binary-expr","locations":[{"start":{"line":35,"column":18},"end":{"line":35,"column":38}},{"start":{"line":35,"column":42},"end":{"line":35,"column":55}}],"line":35},"3":{"loc":{"start":{"line":41,"column":12},"end":{"line":43,"column":13}},"type":"if","locations":[{"start":{"line":41,"column":12},"end":{"line":43,"column":13}},{"start":{},"end":{}}],"line":41},"4":{"loc":{"start":{"line":45,"column":18},"end":{"line":45,"column":55}},"type":"binary-expr","locations":[{"start":{"line":45,"column":18},"end":{"line":45,"column":38}},{"start":{"line":45,"column":42},"end":{"line":45,"column":55}}],"line":45},"5":{"loc":{"start":{"line":51,"column":12},"end":{"line":53,"column":13}},"type":"if","locations":[{"start":{"line":51,"column":12},"end":{"line":53,"column":13}},{"start":{},"end":{}}],"line":51},"6":{"loc":{"start":{"line":55,"column":18},"end":{"line":55,"column":55}},"type":"binary-expr","locations":[{"start":{"line":55,"column":18},"end":{"line":55,"column":38}},{"start":{"line":55,"column":42},"end":{"line":55,"column":55}}],"line":55},"7":{"loc":{"start":{"line":61,"column":12},"end":{"line":63,"column":13}},"type":"if","locations":[{"start":{"line":61,"column":12},"end":{"line":63,"column":13}},{"start":{},"end":{}}],"line":61},"8":{"loc":{"start":{"line":65,"column":18},"end":{"line":65,"column":55}},"type":"binary-expr","locations":[{"start":{"line":65,"column":18},"end":{"line":65,"column":38}},{"start":{"line":65,"column":42},"end":{"line":65,"column":55}}],"line":65}},"s":{"0":1,"1":1,"2":1,"3":1,"4":1,"5":2,"6":2,"7":1,"8":1,"9":1,"10":1,"11":2,"12":2,"13":1,"14":1,"15":1,"16":2,"17":2,"18":1,"19":1,"20":1,"21":2,"22":2,"23":1,"24":1,"25":1,"26":2,"27":2,"28":1,"29":1,"30":1},"f":{"0":1,"1":1,"2":2,"3":1,"4":2,"5":2,"6":2,"7":2},"b":{"0":[1,0],"1":[1,0],"2":[1,0],"3":[1,0],"4":[1,1],"5":[1,0],"6":[1,0],"7":[1,0],"8":[1,1]},"_coverageSchema":"1a1c01bbd47fc00a2c39e90264f33305004495a9","hash":"4bf7b248d8dabd0ba430ba926b8db893968e447d"}
,"C:\\HTD\\Capstone Project\\LMS\\lms\\src\\utils\\common\\helper.js": {"path":"C:\\HTD\\Capstone Project\\LMS\\lms\\src\\utils\\common\\helper.js","statementMap":{"0":{"start":{"line":2,"column":2},"end":{"line":2,"column":22}},"1":{"start":{"line":2,"column":12},"end":{"line":2,"column":22}},"2":{"start":{"line":5,"column":4},"end":{"line":5,"column":66}},"3":{"start":{"line":7,"column":16},"end":{"line":7,"column":33}},"4":{"start":{"line":9,"column":2},"end":{"line":9,"column":58}}},"fnMap":{"0":{"name":"getYoutubeVideoId","decl":{"start":{"line":1,"column":16},"end":{"line":1,"column":33}},"loc":{"start":{"line":1,"column":39},"end":{"line":10,"column":1}},"line":1}},"branchMap":{"0":{"loc":{"start":{"line":2,"column":2},"end":{"line":2,"column":22}},"type":"if","locations":[{"start":{"line":2,"column":2},"end":{"line":2,"column":22}},{"start":{},"end":{}}],"line":2},"1":{"loc":{"start":{"line":9,"column":9},"end":{"line":9,"column":57}},"type":"cond-expr","locations":[{"start":{"line":9,"column":44},"end":{"line":9,"column":52}},{"start":{"line":9,"column":55},"end":{"line":9,"column":57}}],"line":9},"2":{"loc":{"start":{"line":9,"column":9},"end":{"line":9,"column":41}},"type":"binary-expr","locations":[{"start":{"line":9,"column":9},"end":{"line":9,"column":14}},{"start":{"line":9,"column":18},"end":{"line":9,"column":41}}],"line":9}},"s":{"0":9,"1":3,"2":6,"3":6,"4":6},"f":{"0":9},"b":{"0":[3,6],"1":[4,2],"2":[6,5]},"_coverageSchema":"1a1c01bbd47fc00a2c39e90264f33305004495a9","hash":"43fb0515df05579af6a23bf26d6c5ef6e7752041"}
}
