{"C:\\HTD\\Capstone Project\\LMS\\lms\\src\\App.jsx": {"path":"C:\\HTD\\Capstone Project\\LMS\\lms\\src\\App.jsx","statementMap":{"0":{"start":{"line":15,"column":23},"end":{"line":27,"column":1}},"1":{"start":{"line":16,"column":39},"end":{"line":16,"column":48}},"2":{"start":{"line":18,"column":2},"end":{"line":20,"column":3}},"3":{"start":{"line":19,"column":4},"end":{"line":19,"column":33}},"4":{"start":{"line":22,"column":2},"end":{"line":24,"column":3}},"5":{"start":{"line":23,"column":4},"end":{"line":23,"column":45}},"6":{"start":{"line":26,"column":2},"end":{"line":26,"column":32}},"7":{"start":{"line":30,"column":20},"end":{"line":38,"column":1}},"8":{"start":{"line":31,"column":30},"end":{"line":31,"column":39}},"9":{"start":{"line":33,"column":2},"end":{"line":35,"column":3}},"10":{"start":{"line":34,"column":4},"end":{"line":34,"column":48}},"11":{"start":{"line":37,"column":2},"end":{"line":37,"column":32}},"12":{"start":{"line":41,"column":2},"end":{"line":76,"column":4}}},"fnMap":{"0":{"name":"(anonymous_0)","decl":{"start":{"line":15,"column":23},"end":{"line":15,"column":24}},"loc":{"start":{"line":15,"column":41},"end":{"line":27,"column":1}},"line":15},"1":{"name":"(anonymous_1)","decl":{"start":{"line":30,"column":20},"end":{"line":30,"column":21}},"loc":{"start":{"line":30,"column":38},"end":{"line":38,"column":1}},"line":30},"2":{"name":"App","decl":{"start":{"line":40,"column":9},"end":{"line":40,"column":12}},"loc":{"start":{"line":40,"column":15},"end":{"line":77,"column":1}},"line":40}},"branchMap":{"0":{"loc":{"start":{"line":18,"column":2},"end":{"line":20,"column":3}},"type":"if","locations":[{"start":{"line":18,"column":2},"end":{"line":20,"column":3}},{"start":{},"end":{}}],"line":18},"1":{"loc":{"start":{"line":22,"column":2},"end":{"line":24,"column":3}},"type":"if","locations":[{"start":{"line":22,"column":2},"end":{"line":24,"column":3}},{"start":{},"end":{}}],"line":22},"2":{"loc":{"start":{"line":26,"column":9},"end":{"line":26,"column":31}},"type":"binary-expr","locations":[{"start":{"line":26,"column":9},"end":{"line":26,"column":17}},{"start":{"line":26,"column":21},"end":{"line":26,"column":31}}],"line":26},"3":{"loc":{"start":{"line":33,"column":2},"end":{"line":35,"column":3}},"type":"if","locations":[{"start":{"line":33,"column":2},"end":{"line":35,"column":3}},{"start":{},"end":{}}],"line":33},"4":{"loc":{"start":{"line":37,"column":9},"end":{"line":37,"column":31}},"type":"binary-expr","locations":[{"start":{"line":37,"column":9},"end":{"line":37,"column":17}},{"start":{"line":37,"column":21},"end":{"line":37,"column":31}}],"line":37}},"s":{"0":1,"1":0,"2":0,"3":0,"4":0,"5":0,"6":0,"7":1,"8":1,"9":1,"10":0,"11":1,"12":1},"f":{"0":0,"1":1,"2":1},"b":{"0":[0,0],"1":[0,0],"2":[0,0],"3":[0,1],"4":[1,1]},"_coverageSchema":"1a1c01bbd47fc00a2c39e90264f33305004495a9","hash":"3113db842f0cd30a25f0686fe498cfb78b29e27c"}
,"C:\\HTD\\Capstone Project\\LMS\\lms\\src\\components\\formInput.jsx": {"path":"C:\\HTD\\Capstone Project\\LMS\\lms\\src\\components\\formInput.jsx","statementMap":{"0":{"start":{"line":2,"column":25},"end":{"line":31,"column":1}},"1":{"start":{"line":13,"column":2},"end":{"line":30,"column":4}}},"fnMap":{"0":{"name":"(anonymous_0)","decl":{"start":{"line":2,"column":25},"end":{"line":2,"column":26}},"loc":{"start":{"line":12,"column":6},"end":{"line":31,"column":1}},"line":12}},"branchMap":{"0":{"loc":{"start":{"line":8,"column":2},"end":{"line":8,"column":18}},"type":"default-arg","locations":[{"start":{"line":8,"column":16},"end":{"line":8,"column":18}}],"line":8},"1":{"loc":{"start":{"line":9,"column":2},"end":{"line":9,"column":18}},"type":"default-arg","locations":[{"start":{"line":9,"column":13},"end":{"line":9,"column":18}}],"line":9},"2":{"loc":{"start":{"line":11,"column":2},"end":{"line":11,"column":16}},"type":"default-arg","locations":[{"start":{"line":11,"column":14},"end":{"line":11,"column":16}}],"line":11},"3":{"loc":{"start":{"line":15,"column":52},"end":{"line":15,"column":91}},"type":"cond-expr","locations":[{"start":{"line":15,"column":63},"end":{"line":15,"column":86}},{"start":{"line":15,"column":89},"end":{"line":15,"column":91}}],"line":15},"4":{"loc":{"start":{"line":22,"column":34},"end":{"line":22,"column":67}},"type":"cond-expr","locations":[{"start":{"line":22,"column":42},"end":{"line":22,"column":62}},{"start":{"line":22,"column":65},"end":{"line":22,"column":67}}],"line":22},"5":{"loc":{"start":{"line":28,"column":7},"end":{"line":28,"column":60}},"type":"binary-expr","locations":[{"start":{"line":28,"column":7},"end":{"line":28,"column":12}},{"start":{"line":28,"column":16},"end":{"line":28,"column":60}}],"line":28}},"s":{"0":3,"1":28},"f":{"0":28},"b":{"0":[0],"1":[0],"2":[22],"3":[27,1],"4":[5,23],"5":[28,5]},"_coverageSchema":"1a1c01bbd47fc00a2c39e90264f33305004495a9","hash":"b59d6b64d236987f4c8ae6733ba3d72bec4d14a3"}
,"C:\\HTD\\Capstone Project\\LMS\\lms\\src\\components\\common\\adminRoute.jsx": {"path":"C:\\HTD\\Capstone Project\\LMS\\lms\\src\\components\\common\\adminRoute.jsx","statementMap":{"0":{"start":{"line":4,"column":26},"end":{"line":13,"column":1}},"1":{"start":{"line":5,"column":19},"end":{"line":5,"column":28}},"2":{"start":{"line":7,"column":2},"end":{"line":10,"column":3}},"3":{"start":{"line":9,"column":4},"end":{"line":9,"column":48}},"4":{"start":{"line":12,"column":2},"end":{"line":12,"column":18}}},"fnMap":{"0":{"name":"(anonymous_0)","decl":{"start":{"line":4,"column":26},"end":{"line":4,"column":27}},"loc":{"start":{"line":4,"column":44},"end":{"line":13,"column":1}},"line":4}},"branchMap":{"0":{"loc":{"start":{"line":7,"column":2},"end":{"line":10,"column":3}},"type":"if","locations":[{"start":{"line":7,"column":2},"end":{"line":10,"column":3}},{"start":{},"end":{}}],"line":7},"1":{"loc":{"start":{"line":7,"column":6},"end":{"line":7,"column":36}},"type":"binary-expr","locations":[{"start":{"line":7,"column":6},"end":{"line":7,"column":11}},{"start":{"line":7,"column":15},"end":{"line":7,"column":36}}],"line":7}},"s":{"0":1,"1":0,"2":0,"3":0,"4":0},"f":{"0":0},"b":{"0":[0,0],"1":[0,0]},"_coverageSchema":"1a1c01bbd47fc00a2c39e90264f33305004495a9","hash":"3554f41fd1c652d6cd99184531ab2294c6fa7c30"}
,"C:\\HTD\\Capstone Project\\LMS\\lms\\src\\components\\course\\courseCard.jsx": {"path":"C:\\HTD\\Capstone Project\\LMS\\lms\\src\\components\\course\\courseCard.jsx","statementMap":{"0":{"start":{"line":5,"column":19},"end":{"line":75,"column":1}},"1":{"start":{"line":17,"column":19},"end":{"line":17,"column":32}},"2":{"start":{"line":19,"column":28},"end":{"line":26,"column":3}},"3":{"start":{"line":20,"column":4},"end":{"line":20,"column":24}},"4":{"start":{"line":21,"column":4},"end":{"line":25,"column":5}},"5":{"start":{"line":22,"column":6},"end":{"line":22,"column":17}},"6":{"start":{"line":24,"column":6},"end":{"line":24,"column":46}},"7":{"start":{"line":27,"column":2},"end":{"line":74,"column":4}}},"fnMap":{"0":{"name":"(anonymous_0)","decl":{"start":{"line":5,"column":19},"end":{"line":5,"column":20}},"loc":{"start":{"line":16,"column":6},"end":{"line":75,"column":1}},"line":16},"1":{"name":"(anonymous_1)","decl":{"start":{"line":19,"column":28},"end":{"line":19,"column":29}},"loc":{"start":{"line":19,"column":35},"end":{"line":26,"column":3}},"line":19}},"branchMap":{"0":{"loc":{"start":{"line":21,"column":4},"end":{"line":25,"column":5}},"type":"if","locations":[{"start":{"line":21,"column":4},"end":{"line":25,"column":5}},{"start":{"line":23,"column":11},"end":{"line":25,"column":5}}],"line":21},"1":{"loc":{"start":{"line":30,"column":9},"end":{"line":34,"column":9}},"type":"cond-expr","locations":[{"start":{"line":31,"column":10},"end":{"line":31,"column":45}},{"start":{"line":33,"column":10},"end":{"line":33,"column":61}}],"line":30},"2":{"loc":{"start":{"line":35,"column":9},"end":{"line":35,"column":75}},"type":"binary-expr","locations":[{"start":{"line":35,"column":9},"end":{"line":35,"column":17}},{"start":{"line":35,"column":21},"end":{"line":35,"column":75}}],"line":35},"3":{"loc":{"start":{"line":41,"column":11},"end":{"line":41,"column":83}},"type":"binary-expr","locations":[{"start":{"line":41,"column":11},"end":{"line":41,"column":21}},{"start":{"line":41,"column":25},"end":{"line":41,"column":83}}],"line":41},"4":{"loc":{"start":{"line":45,"column":11},"end":{"line":50,"column":11}},"type":"binary-expr","locations":[{"start":{"line":45,"column":12},"end":{"line":45,"column":18}},{"start":{"line":45,"column":22},"end":{"line":45,"column":34}},{"start":{"line":46,"column":12},"end":{"line":49,"column":18}}],"line":45},"5":{"loc":{"start":{"line":53,"column":13},"end":{"line":55,"column":13}},"type":"binary-expr","locations":[{"start":{"line":53,"column":13},"end":{"line":53,"column":41}},{"start":{"line":54,"column":14},"end":{"line":54,"column":94}}],"line":53},"6":{"loc":{"start":{"line":56,"column":13},"end":{"line":56,"column":82}},"type":"binary-expr","locations":[{"start":{"line":56,"column":13},"end":{"line":56,"column":21}},{"start":{"line":56,"column":25},"end":{"line":56,"column":82}}],"line":56},"7":{"loc":{"start":{"line":62,"column":13},"end":{"line":62,"column":83}},"type":"cond-expr","locations":[{"start":{"line":62,"column":44},"end":{"line":62,"column":50}},{"start":{"line":62,"column":53},"end":{"line":62,"column":83}}],"line":62},"8":{"loc":{"start":{"line":62,"column":13},"end":{"line":62,"column":41}},"type":"binary-expr","locations":[{"start":{"line":62,"column":13},"end":{"line":62,"column":24}},{"start":{"line":62,"column":28},"end":{"line":62,"column":41}}],"line":62}},"s":{"0":1,"1":0,"2":0,"3":0,"4":0,"5":0,"6":0,"7":0},"f":{"0":0,"1":0},"b":{"0":[0,0],"1":[0,0],"2":[0,0],"3":[0,0],"4":[0,0,0],"5":[0,0],"6":[0,0],"7":[0,0],"8":[0,0]},"_coverageSchema":"1a1c01bbd47fc00a2c39e90264f33305004495a9","hash":"907a225cbcf64632acbc6750a8fb3e84ecfabc05"}
,"C:\\HTD\\Capstone Project\\LMS\\lms\\src\\components\\course\\courseForm.jsx": {"path":"C:\\HTD\\Capstone Project\\LMS\\lms\\src\\components\\course\\courseForm.jsx","statementMap":{"0":{"start":{"line":23,"column":21},"end":{"line":23,"column":26}},"1":{"start":{"line":24,"column":19},"end":{"line":24,"column":25}},"2":{"start":{"line":25,"column":18},"end":{"line":25,"column":28}},"3":{"start":{"line":27,"column":19},"end":{"line":398,"column":1}},"4":{"start":{"line":29,"column":2},"end":{"line":33,"column":28}},"5":{"start":{"line":30,"column":4},"end":{"line":32,"column":5}},"6":{"start":{"line":31,"column":6},"end":{"line":31,"column":41}},"7":{"start":{"line":35,"column":29},"end":{"line":75,"column":5}},"8":{"start":{"line":36,"column":4},"end":{"line":75,"column":5}},"9":{"start":{"line":37,"column":12},"end":{"line":73,"column":7}},"10":{"start":{"line":77,"column":26},"end":{"line":77,"column":46}},"11":{"start":{"line":80,"column":2},"end":{"line":397,"column":4}},"12":{"start":{"line":85,"column":33},"end":{"line":99,"column":9}},"13":{"start":{"line":87,"column":54},"end":{"line":98,"column":11}},"14":{"start":{"line":91,"column":51},"end":{"line":97,"column":13}},"15":{"start":{"line":100,"column":8},"end":{"line":100,"column":35}},"16":{"start":{"line":245,"column":22},"end":{"line":249,"column":38}},"17":{"start":{"line":269,"column":18},"end":{"line":272,"column":20}},"18":{"start":{"line":281,"column":16},"end":{"line":346,"column":18}},"19":{"start":{"line":282,"column":18},"end":{"line":345,"column":25}},"20":{"start":{"line":286,"column":58},"end":{"line":286,"column":72}},"21":{"start":{"line":299,"column":24},"end":{"line":342,"column":27}},"22":{"start":{"line":301,"column":28},"end":{"line":336,"column":34}},"23":{"start":{"line":334,"column":93},"end":{"line":334,"column":107}},"24":{"start":{"line":339,"column":69},"end":{"line":339,"column":74}},"25":{"start":{"line":367,"column":16},"end":{"line":379,"column":19}},"26":{"start":{"line":369,"column":20},"end":{"line":374,"column":28}},"27":{"start":{"line":373,"column":58},"end":{"line":373,"column":76}},"28":{"start":{"line":376,"column":61},"end":{"line":376,"column":66}}},"fnMap":{"0":{"name":"(anonymous_0)","decl":{"start":{"line":27,"column":19},"end":{"line":27,"column":20}},"loc":{"start":{"line":27,"column":83},"end":{"line":398,"column":1}},"line":27},"1":{"name":"(anonymous_1)","decl":{"start":{"line":29,"column":12},"end":{"line":29,"column":13}},"loc":{"start":{"line":29,"column":18},"end":{"line":33,"column":3}},"line":29},"2":{"name":"(anonymous_2)","decl":{"start":{"line":35,"column":29},"end":{"line":35,"column":30}},"loc":{"start":{"line":36,"column":4},"end":{"line":75,"column":5}},"line":36},"3":{"name":"(anonymous_3)","decl":{"start":{"line":37,"column":6},"end":{"line":37,"column":7}},"loc":{"start":{"line":37,"column":12},"end":{"line":73,"column":7}},"line":37},"4":{"name":"(anonymous_4)","decl":{"start":{"line":84,"column":16},"end":{"line":84,"column":17}},"loc":{"start":{"line":84,"column":28},"end":{"line":101,"column":7}},"line":84},"5":{"name":"(anonymous_5)","decl":{"start":{"line":87,"column":38},"end":{"line":87,"column":39}},"loc":{"start":{"line":87,"column":54},"end":{"line":98,"column":11}},"line":87},"6":{"name":"(anonymous_6)","decl":{"start":{"line":91,"column":35},"end":{"line":91,"column":36}},"loc":{"start":{"line":91,"column":51},"end":{"line":97,"column":13}},"line":91},"7":{"name":"(anonymous_7)","decl":{"start":{"line":244,"column":41},"end":{"line":244,"column":42}},"loc":{"start":{"line":245,"column":22},"end":{"line":249,"column":38}},"line":245},"8":{"name":"(anonymous_8)","decl":{"start":{"line":268,"column":25},"end":{"line":268,"column":26}},"loc":{"start":{"line":269,"column":18},"end":{"line":272,"column":20}},"line":269},"9":{"name":"(anonymous_9)","decl":{"start":{"line":280,"column":15},"end":{"line":280,"column":16}},"loc":{"start":{"line":281,"column":16},"end":{"line":346,"column":18}},"line":281},"10":{"name":"(anonymous_10)","decl":{"start":{"line":281,"column":28},"end":{"line":281,"column":29}},"loc":{"start":{"line":282,"column":18},"end":{"line":345,"column":25}},"line":282},"11":{"name":"(anonymous_11)","decl":{"start":{"line":286,"column":52},"end":{"line":286,"column":53}},"loc":{"start":{"line":286,"column":58},"end":{"line":286,"column":72}},"line":286},"12":{"name":"(anonymous_12)","decl":{"start":{"line":298,"column":23},"end":{"line":298,"column":24}},"loc":{"start":{"line":299,"column":24},"end":{"line":342,"column":27}},"line":299},"13":{"name":"(anonymous_13)","decl":{"start":{"line":300,"column":39},"end":{"line":300,"column":40}},"loc":{"start":{"line":301,"column":28},"end":{"line":336,"column":34}},"line":301},"14":{"name":"(anonymous_14)","decl":{"start":{"line":334,"column":87},"end":{"line":334,"column":88}},"loc":{"start":{"line":334,"column":93},"end":{"line":334,"column":107}},"line":334},"15":{"name":"(anonymous_15)","decl":{"start":{"line":339,"column":63},"end":{"line":339,"column":64}},"loc":{"start":{"line":339,"column":69},"end":{"line":339,"column":74}},"line":339},"16":{"name":"(anonymous_16)","decl":{"start":{"line":366,"column":15},"end":{"line":366,"column":16}},"loc":{"start":{"line":367,"column":16},"end":{"line":379,"column":19}},"line":367},"17":{"name":"(anonymous_17)","decl":{"start":{"line":368,"column":30},"end":{"line":368,"column":31}},"loc":{"start":{"line":369,"column":20},"end":{"line":374,"column":28}},"line":369},"18":{"name":"(anonymous_18)","decl":{"start":{"line":373,"column":52},"end":{"line":373,"column":53}},"loc":{"start":{"line":373,"column":58},"end":{"line":373,"column":76}},"line":373},"19":{"name":"(anonymous_19)","decl":{"start":{"line":376,"column":55},"end":{"line":376,"column":56}},"loc":{"start":{"line":376,"column":61},"end":{"line":376,"column":66}},"line":376}},"branchMap":{"0":{"loc":{"start":{"line":27,"column":56},"end":{"line":27,"column":70}},"type":"default-arg","locations":[{"start":{"line":27,"column":65},"end":{"line":27,"column":70}}],"line":27},"1":{"loc":{"start":{"line":30,"column":4},"end":{"line":32,"column":5}},"type":"if","locations":[{"start":{"line":30,"column":4},"end":{"line":32,"column":5}},{"start":{},"end":{}}],"line":30},"2":{"loc":{"start":{"line":88,"column":16},"end":{"line":88,"column":39}},"type":"binary-expr","locations":[{"start":{"line":88,"column":16},"end":{"line":88,"column":20}},{"start":{"line":88,"column":24},"end":{"line":88,"column":39}}],"line":88},"3":{"loc":{"start":{"line":392,"column":13},"end":{"line":392,"column":55}},"type":"cond-expr","locations":[{"start":{"line":392,"column":22},"end":{"line":392,"column":37}},{"start":{"line":392,"column":40},"end":{"line":392,"column":55}}],"line":392}},"s":{"0":1,"1":1,"2":1,"3":1,"4":0,"5":0,"6":0,"7":0,"8":0,"9":0,"10":0,"11":0,"12":0,"13":0,"14":0,"15":0,"16":0,"17":0,"18":0,"19":0,"20":0,"21":0,"22":0,"23":0,"24":0,"25":0,"26":0,"27":0,"28":0},"f":{"0":0,"1":0,"2":0,"3":0,"4":0,"5":0,"6":0,"7":0,"8":0,"9":0,"10":0,"11":0,"12":0,"13":0,"14":0,"15":0,"16":0,"17":0,"18":0,"19":0},"b":{"0":[0],"1":[0,0],"2":[0,0],"3":[0,0]},"_coverageSchema":"1a1c01bbd47fc00a2c39e90264f33305004495a9","hash":"797195b0a8308f6dd550034c48f33b1b11d16e35"}
,"C:\\HTD\\Capstone Project\\LMS\\lms\\src\\components\\layout\\navbar.jsx": {"path":"C:\\HTD\\Capstone Project\\LMS\\lms\\src\\components\\layout\\navbar.jsx","statementMap":{"0":{"start":{"line":4,"column":15},"end":{"line":33,"column":1}},"1":{"start":{"line":5,"column":40},"end":{"line":5,"column":52}},"2":{"start":{"line":7,"column":2},"end":{"line":32,"column":4}}},"fnMap":{"0":{"name":"(anonymous_0)","decl":{"start":{"line":4,"column":15},"end":{"line":4,"column":16}},"loc":{"start":{"line":4,"column":36},"end":{"line":33,"column":1}},"line":4}},"branchMap":{},"s":{"0":1,"1":0,"2":0},"f":{"0":0},"b":{},"_coverageSchema":"1a1c01bbd47fc00a2c39e90264f33305004495a9","hash":"8cd11e63bb8b7b081d6e791ad848c15eb25e51b9"}
,"C:\\HTD\\Capstone Project\\LMS\\lms\\src\\components\\layout\\sidebar.jsx": {"path":"C:\\HTD\\Capstone Project\\LMS\\lms\\src\\components\\layout\\sidebar.jsx","statementMap":{"0":{"start":{"line":14,"column":16},"end":{"line":100,"column":1}},"1":{"start":{"line":15,"column":19},"end":{"line":15,"column":32}},"2":{"start":{"line":16,"column":27},"end":{"line":16,"column":36}},"3":{"start":{"line":18,"column":19},"end":{"line":25,"column":3}},"4":{"start":{"line":27,"column":25},"end":{"line":31,"column":3}},"5":{"start":{"line":28,"column":4},"end":{"line":30,"column":5}},"6":{"start":{"line":29,"column":6},"end":{"line":29,"column":16}},"7":{"start":{"line":33,"column":2},"end":{"line":99,"column":4}},"8":{"start":{"line":64,"column":14},"end":{"line":75,"column":19}}},"fnMap":{"0":{"name":"(anonymous_0)","decl":{"start":{"line":14,"column":16},"end":{"line":14,"column":17}},"loc":{"start":{"line":14,"column":80},"end":{"line":100,"column":1}},"line":14},"1":{"name":"(anonymous_1)","decl":{"start":{"line":27,"column":25},"end":{"line":27,"column":26}},"loc":{"start":{"line":27,"column":31},"end":{"line":31,"column":3}},"line":27},"2":{"name":"(anonymous_2)","decl":{"start":{"line":63,"column":26},"end":{"line":63,"column":27}},"loc":{"start":{"line":64,"column":14},"end":{"line":75,"column":19}},"line":64}},"branchMap":{"0":{"loc":{"start":{"line":21,"column":8},"end":{"line":23,"column":10}},"type":"cond-expr","locations":[{"start":{"line":22,"column":8},"end":{"line":22,"column":88}},{"start":{"line":23,"column":8},"end":{"line":23,"column":10}}],"line":21},"1":{"loc":{"start":{"line":28,"column":4},"end":{"line":30,"column":5}},"type":"if","locations":[{"start":{"line":28,"column":4},"end":{"line":30,"column":5}},{"start":{},"end":{}}],"line":28},"2":{"loc":{"start":{"line":35,"column":7},"end":{"line":40,"column":7}},"type":"binary-expr","locations":[{"start":{"line":35,"column":7},"end":{"line":35,"column":15}},{"start":{"line":36,"column":8},"end":{"line":39,"column":10}}],"line":35},"3":{"loc":{"start":{"line":37,"column":40},"end":{"line":37,"column":79}},"type":"cond-expr","locations":[{"start":{"line":37,"column":49},"end":{"line":37,"column":74}},{"start":{"line":37,"column":77},"end":{"line":37,"column":79}}],"line":37},"4":{"loc":{"start":{"line":45,"column":12},"end":{"line":45,"column":59}},"type":"cond-expr","locations":[{"start":{"line":45,"column":24},"end":{"line":45,"column":53}},{"start":{"line":45,"column":57},"end":{"line":45,"column":59}}],"line":45},"5":{"loc":{"start":{"line":45,"column":24},"end":{"line":45,"column":53}},"type":"cond-expr","locations":[{"start":{"line":45,"column":33},"end":{"line":45,"column":48}},{"start":{"line":45,"column":51},"end":{"line":45,"column":53}}],"line":45},"6":{"loc":{"start":{"line":46,"column":12},"end":{"line":46,"column":49}},"type":"cond-expr","locations":[{"start":{"line":46,"column":24},"end":{"line":46,"column":44}},{"start":{"line":46,"column":47},"end":{"line":46,"column":49}}],"line":46},"7":{"loc":{"start":{"line":50,"column":11},"end":{"line":50,"column":38}},"type":"binary-expr","locations":[{"start":{"line":50,"column":11},"end":{"line":50,"column":21}},{"start":{"line":50,"column":25},"end":{"line":50,"column":38}}],"line":50},"8":{"loc":{"start":{"line":54,"column":24},"end":{"line":54,"column":73}},"type":"cond-expr","locations":[{"start":{"line":54,"column":36},"end":{"line":54,"column":52}},{"start":{"line":54,"column":55},"end":{"line":54,"column":73}}],"line":54},"9":{"loc":{"start":{"line":55,"column":19},"end":{"line":55,"column":52}},"type":"cond-expr","locations":[{"start":{"line":55,"column":31},"end":{"line":55,"column":39}},{"start":{"line":55,"column":42},"end":{"line":55,"column":52}}],"line":55},"10":{"loc":{"start":{"line":57,"column":13},"end":{"line":57,"column":55}},"type":"cond-expr","locations":[{"start":{"line":57,"column":25},"end":{"line":57,"column":35}},{"start":{"line":57,"column":38},"end":{"line":57,"column":55}}],"line":57},"11":{"loc":{"start":{"line":67,"column":47},"end":{"line":67,"column":110}},"type":"cond-expr","locations":[{"start":{"line":67,"column":81},"end":{"line":67,"column":105}},{"start":{"line":67,"column":108},"end":{"line":67,"column":110}}],"line":67},"12":{"loc":{"start":{"line":70,"column":25},"end":{"line":70,"column":52}},"type":"cond-expr","locations":[{"start":{"line":70,"column":37},"end":{"line":70,"column":47}},{"start":{"line":70,"column":50},"end":{"line":70,"column":52}}],"line":70},"13":{"loc":{"start":{"line":90,"column":21},"end":{"line":90,"column":46}},"type":"cond-expr","locations":[{"start":{"line":90,"column":33},"end":{"line":90,"column":41}},{"start":{"line":90,"column":44},"end":{"line":90,"column":46}}],"line":90},"14":{"loc":{"start":{"line":93,"column":15},"end":{"line":93,"column":48}},"type":"binary-expr","locations":[{"start":{"line":93,"column":15},"end":{"line":93,"column":25}},{"start":{"line":93,"column":29},"end":{"line":93,"column":48}}],"line":93}},"s":{"0":1,"1":0,"2":0,"3":0,"4":0,"5":0,"6":0,"7":0,"8":0},"f":{"0":0,"1":0,"2":0},"b":{"0":[0,0],"1":[0,0],"2":[0,0],"3":[0,0],"4":[0,0],"5":[0,0],"6":[0,0],"7":[0,0],"8":[0,0],"9":[0,0],"10":[0,0],"11":[0,0],"12":[0,0],"13":[0,0],"14":[0,0]},"_coverageSchema":"1a1c01bbd47fc00a2c39e90264f33305004495a9","hash":"b2a3137c9e20c76ad64f4317b8505bb97bca3f2b"}
,"C:\\HTD\\Capstone Project\\LMS\\lms\\src\\contexts\\index.js": {"path":"C:\\HTD\\Capstone Project\\LMS\\lms\\src\\contexts\\index.js","statementMap":{},"fnMap":{},"branchMap":{},"s":{},"f":{},"b":{},"_coverageSchema":"1a1c01bbd47fc00a2c39e90264f33305004495a9","hash":"a5805b414bc770048bd76e5c968499a999d10bcb"}
,"C:\\HTD\\Capstone Project\\LMS\\lms\\src\\contexts\\auth\\AuthContext.jsx": {"path":"C:\\HTD\\Capstone Project\\LMS\\lms\\src\\contexts\\auth\\AuthContext.jsx","statementMap":{"0":{"start":{"line":4,"column":20},"end":{"line":4,"column":39}},"1":{"start":{"line":6,"column":28},"end":{"line":86,"column":1}},"2":{"start":{"line":7,"column":26},"end":{"line":7,"column":40}},"3":{"start":{"line":8,"column":32},"end":{"line":8,"column":46}},"4":{"start":{"line":9,"column":28},"end":{"line":9,"column":42}},"5":{"start":{"line":12,"column":2},"end":{"line":33,"column":9}},"6":{"start":{"line":13,"column":26},"end":{"line":30,"column":5}},"7":{"start":{"line":14,"column":6},"end":{"line":29,"column":7}},"8":{"start":{"line":15,"column":27},"end":{"line":15,"column":55}},"9":{"start":{"line":16,"column":22},"end":{"line":16,"column":51}},"10":{"start":{"line":18,"column":8},"end":{"line":22,"column":9}},"11":{"start":{"line":19,"column":10},"end":{"line":19,"column":42}},"12":{"start":{"line":24,"column":8},"end":{"line":24,"column":57}},"13":{"start":{"line":25,"column":8},"end":{"line":25,"column":41}},"14":{"start":{"line":26,"column":8},"end":{"line":26,"column":40}},"15":{"start":{"line":28,"column":8},"end":{"line":28,"column":26}},"16":{"start":{"line":32,"column":4},"end":{"line":32,"column":20}},"17":{"start":{"line":35,"column":16},"end":{"line":53,"column":3}},"18":{"start":{"line":36,"column":4},"end":{"line":52,"column":5}},"19":{"start":{"line":37,"column":6},"end":{"line":37,"column":23}},"20":{"start":{"line":38,"column":6},"end":{"line":38,"column":21}},"21":{"start":{"line":39,"column":23},"end":{"line":39,"column":55}},"22":{"start":{"line":42,"column":6},"end":{"line":42,"column":58}},"23":{"start":{"line":43,"column":6},"end":{"line":43,"column":66}},"24":{"start":{"line":44,"column":6},"end":{"line":44,"column":29}},"25":{"start":{"line":45,"column":6},"end":{"line":45,"column":41}},"26":{"start":{"line":46,"column":6},"end":{"line":46,"column":22}},"27":{"start":{"line":48,"column":6},"end":{"line":48,"column":46}},"28":{"start":{"line":49,"column":6},"end":{"line":49,"column":16}},"29":{"start":{"line":51,"column":6},"end":{"line":51,"column":24}},"30":{"start":{"line":55,"column":17},"end":{"line":59,"column":3}},"31":{"start":{"line":56,"column":4},"end":{"line":56,"column":18}},"32":{"start":{"line":57,"column":4},"end":{"line":57,"column":37}},"33":{"start":{"line":58,"column":4},"end":{"line":58,"column":36}},"34":{"start":{"line":61,"column":19},"end":{"line":73,"column":3}},"35":{"start":{"line":62,"column":4},"end":{"line":72,"column":5}},"36":{"start":{"line":63,"column":6},"end":{"line":63,"column":23}},"37":{"start":{"line":64,"column":6},"end":{"line":64,"column":21}},"38":{"start":{"line":65,"column":19},"end":{"line":65,"column":51}},"39":{"start":{"line":66,"column":6},"end":{"line":66,"column":18}},"40":{"start":{"line":68,"column":6},"end":{"line":68,"column":53}},"41":{"start":{"line":69,"column":6},"end":{"line":69,"column":16}},"42":{"start":{"line":71,"column":6},"end":{"line":71,"column":24}},"43":{"start":{"line":75,"column":16},"end":{"line":83,"column":3}},"44":{"start":{"line":85,"column":2},"end":{"line":85,"column":79}},"45":{"start":{"line":88,"column":23},"end":{"line":94,"column":1}},"46":{"start":{"line":89,"column":18},"end":{"line":89,"column":41}},"47":{"start":{"line":90,"column":2},"end":{"line":92,"column":3}},"48":{"start":{"line":91,"column":4},"end":{"line":91,"column":67}},"49":{"start":{"line":93,"column":2},"end":{"line":93,"column":17}}},"fnMap":{"0":{"name":"(anonymous_0)","decl":{"start":{"line":6,"column":28},"end":{"line":6,"column":29}},"loc":{"start":{"line":6,"column":46},"end":{"line":86,"column":1}},"line":6},"1":{"name":"(anonymous_1)","decl":{"start":{"line":12,"column":12},"end":{"line":12,"column":13}},"loc":{"start":{"line":12,"column":18},"end":{"line":33,"column":3}},"line":12},"2":{"name":"(anonymous_2)","decl":{"start":{"line":13,"column":26},"end":{"line":13,"column":27}},"loc":{"start":{"line":13,"column":32},"end":{"line":30,"column":5}},"line":13},"3":{"name":"(anonymous_3)","decl":{"start":{"line":35,"column":16},"end":{"line":35,"column":17}},"loc":{"start":{"line":35,"column":39},"end":{"line":53,"column":3}},"line":35},"4":{"name":"(anonymous_4)","decl":{"start":{"line":55,"column":17},"end":{"line":55,"column":18}},"loc":{"start":{"line":55,"column":23},"end":{"line":59,"column":3}},"line":55},"5":{"name":"(anonymous_5)","decl":{"start":{"line":61,"column":19},"end":{"line":61,"column":20}},"loc":{"start":{"line":61,"column":39},"end":{"line":73,"column":3}},"line":61},"6":{"name":"(anonymous_6)","decl":{"start":{"line":88,"column":23},"end":{"line":88,"column":24}},"loc":{"start":{"line":88,"column":29},"end":{"line":94,"column":1}},"line":88}},"branchMap":{"0":{"loc":{"start":{"line":18,"column":8},"end":{"line":22,"column":9}},"type":"if","locations":[{"start":{"line":18,"column":8},"end":{"line":22,"column":9}},{"start":{},"end":{}}],"line":18},"1":{"loc":{"start":{"line":18,"column":12},"end":{"line":18,"column":31}},"type":"binary-expr","locations":[{"start":{"line":18,"column":12},"end":{"line":18,"column":17}},{"start":{"line":18,"column":21},"end":{"line":18,"column":31}}],"line":18},"2":{"loc":{"start":{"line":45,"column":14},"end":{"line":45,"column":39}},"type":"binary-expr","locations":[{"start":{"line":45,"column":14},"end":{"line":45,"column":27}},{"start":{"line":45,"column":31},"end":{"line":45,"column":39}}],"line":45},"3":{"loc":{"start":{"line":48,"column":15},"end":{"line":48,"column":44}},"type":"binary-expr","locations":[{"start":{"line":48,"column":15},"end":{"line":48,"column":26}},{"start":{"line":48,"column":30},"end":{"line":48,"column":44}}],"line":48},"4":{"loc":{"start":{"line":68,"column":15},"end":{"line":68,"column":51}},"type":"binary-expr","locations":[{"start":{"line":68,"column":15},"end":{"line":68,"column":26}},{"start":{"line":68,"column":30},"end":{"line":68,"column":51}}],"line":68},"5":{"loc":{"start":{"line":90,"column":2},"end":{"line":92,"column":3}},"type":"if","locations":[{"start":{"line":90,"column":2},"end":{"line":92,"column":3}},{"start":{},"end":{}}],"line":90}},"s":{"0":1,"1":1,"2":2,"3":2,"4":2,"5":2,"6":1,"7":1,"8":1,"9":1,"10":1,"11":0,"12":0,"13":0,"14":0,"15":1,"16":1,"17":2,"18":0,"19":0,"20":0,"21":0,"22":0,"23":0,"24":0,"25":0,"26":0,"27":0,"28":0,"29":0,"30":2,"31":0,"32":0,"33":0,"34":2,"35":0,"36":0,"37":0,"38":0,"39":0,"40":0,"41":0,"42":0,"43":2,"44":2,"45":1,"46":2,"47":2,"48":0,"49":2},"f":{"0":2,"1":1,"2":1,"3":0,"4":0,"5":0,"6":2},"b":{"0":[0,1],"1":[1,0],"2":[0,0],"3":[0,0],"4":[0,0],"5":[0,2]},"_coverageSchema":"1a1c01bbd47fc00a2c39e90264f33305004495a9","hash":"3a91f8df92fa0c9fe8422b518bf36d605c86073c"}
,"C:\\HTD\\Capstone Project\\LMS\\lms\\src\\modal\\editCourse\\index.jsx": {"path":"C:\\HTD\\Capstone Project\\LMS\\lms\\src\\modal\\editCourse\\index.jsx","statementMap":{"0":{"start":{"line":6,"column":24},"end":{"line":40,"column":1}},"1":{"start":{"line":7,"column":19},"end":{"line":7,"column":33}},"2":{"start":{"line":8,"column":2},"end":{"line":39,"column":3}},"3":{"start":{"line":13,"column":24},"end":{"line":13,"column":49}},"4":{"start":{"line":21,"column":12},"end":{"line":32,"column":13}},"5":{"start":{"line":22,"column":14},"end":{"line":22,"column":31}},"6":{"start":{"line":23,"column":14},"end":{"line":23,"column":69}},"7":{"start":{"line":24,"column":14},"end":{"line":24,"column":62}},"8":{"start":{"line":25,"column":14},"end":{"line":25,"column":29}},"9":{"start":{"line":26,"column":14},"end":{"line":26,"column":40}},"10":{"start":{"line":28,"column":14},"end":{"line":28,"column":55}},"11":{"start":{"line":29,"column":14},"end":{"line":29,"column":35}},"12":{"start":{"line":31,"column":14},"end":{"line":31,"column":32}}},"fnMap":{"0":{"name":"(anonymous_0)","decl":{"start":{"line":6,"column":24},"end":{"line":6,"column":25}},"loc":{"start":{"line":6,"column":119},"end":{"line":40,"column":1}},"line":6},"1":{"name":"(anonymous_1)","decl":{"start":{"line":13,"column":18},"end":{"line":13,"column":19}},"loc":{"start":{"line":13,"column":24},"end":{"line":13,"column":49}},"line":13},"2":{"name":"(anonymous_2)","decl":{"start":{"line":20,"column":20},"end":{"line":20,"column":21}},"loc":{"start":{"line":20,"column":38},"end":{"line":33,"column":11}},"line":20}},"branchMap":{},"s":{"0":1,"1":0,"2":0,"3":0,"4":0,"5":0,"6":0,"7":0,"8":0,"9":0,"10":0,"11":0,"12":0},"f":{"0":0,"1":0,"2":0},"b":{},"_coverageSchema":"1a1c01bbd47fc00a2c39e90264f33305004495a9","hash":"91a127e845887b8e7335d3d812bcce5b984907dd"}
,"C:\\HTD\\Capstone Project\\LMS\\lms\\src\\pages\\layout.jsx": {"path":"C:\\HTD\\Capstone Project\\LMS\\lms\\src\\pages\\layout.jsx","statementMap":{"0":{"start":{"line":7,"column":15},"end":{"line":66,"column":1}},"1":{"start":{"line":8,"column":40},"end":{"line":8,"column":55}},"2":{"start":{"line":9,"column":34},"end":{"line":9,"column":67}},"3":{"start":{"line":10,"column":36},"end":{"line":10,"column":51}},"4":{"start":{"line":13,"column":2},"end":{"line":25,"column":9}},"5":{"start":{"line":14,"column":25},"end":{"line":21,"column":5}},"6":{"start":{"line":15,"column":21},"end":{"line":15,"column":44}},"7":{"start":{"line":16,"column":6},"end":{"line":16,"column":26}},"8":{"start":{"line":18,"column":6},"end":{"line":20,"column":7}},"9":{"start":{"line":19,"column":8},"end":{"line":19,"column":30}},"10":{"start":{"line":23,"column":4},"end":{"line":23,"column":52}},"11":{"start":{"line":24,"column":4},"end":{"line":24,"column":68}},"12":{"start":{"line":24,"column":17},"end":{"line":24,"column":67}},"13":{"start":{"line":27,"column":24},"end":{"line":29,"column":3}},"14":{"start":{"line":28,"column":4},"end":{"line":28,"column":33}},"15":{"start":{"line":31,"column":25},"end":{"line":35,"column":3}},"16":{"start":{"line":32,"column":4},"end":{"line":34,"column":5}},"17":{"start":{"line":33,"column":6},"end":{"line":33,"column":31}},"18":{"start":{"line":37,"column":2},"end":{"line":47,"column":18}},"19":{"start":{"line":38,"column":4},"end":{"line":42,"column":5}},"20":{"start":{"line":39,"column":6},"end":{"line":39,"column":55}},"21":{"start":{"line":41,"column":6},"end":{"line":41,"column":58}},"22":{"start":{"line":44,"column":4},"end":{"line":46,"column":6}},"23":{"start":{"line":45,"column":6},"end":{"line":45,"column":58}},"24":{"start":{"line":49,"column":2},"end":{"line":65,"column":4}}},"fnMap":{"0":{"name":"(anonymous_0)","decl":{"start":{"line":7,"column":15},"end":{"line":7,"column":16}},"loc":{"start":{"line":7,"column":21},"end":{"line":66,"column":1}},"line":7},"1":{"name":"(anonymous_1)","decl":{"start":{"line":13,"column":12},"end":{"line":13,"column":13}},"loc":{"start":{"line":13,"column":18},"end":{"line":25,"column":3}},"line":13},"2":{"name":"(anonymous_2)","decl":{"start":{"line":14,"column":25},"end":{"line":14,"column":26}},"loc":{"start":{"line":14,"column":31},"end":{"line":21,"column":5}},"line":14},"3":{"name":"(anonymous_3)","decl":{"start":{"line":24,"column":11},"end":{"line":24,"column":12}},"loc":{"start":{"line":24,"column":17},"end":{"line":24,"column":67}},"line":24},"4":{"name":"(anonymous_4)","decl":{"start":{"line":27,"column":24},"end":{"line":27,"column":25}},"loc":{"start":{"line":27,"column":30},"end":{"line":29,"column":3}},"line":27},"5":{"name":"(anonymous_5)","decl":{"start":{"line":31,"column":25},"end":{"line":31,"column":26}},"loc":{"start":{"line":31,"column":31},"end":{"line":35,"column":3}},"line":31},"6":{"name":"(anonymous_6)","decl":{"start":{"line":37,"column":12},"end":{"line":37,"column":13}},"loc":{"start":{"line":37,"column":18},"end":{"line":47,"column":3}},"line":37},"7":{"name":"(anonymous_7)","decl":{"start":{"line":44,"column":11},"end":{"line":44,"column":12}},"loc":{"start":{"line":44,"column":17},"end":{"line":46,"column":5}},"line":44}},"branchMap":{"0":{"loc":{"start":{"line":18,"column":6},"end":{"line":20,"column":7}},"type":"if","locations":[{"start":{"line":18,"column":6},"end":{"line":20,"column":7}},{"start":{},"end":{}}],"line":18},"1":{"loc":{"start":{"line":32,"column":4},"end":{"line":34,"column":5}},"type":"if","locations":[{"start":{"line":32,"column":4},"end":{"line":34,"column":5}},{"start":{},"end":{}}],"line":32},"2":{"loc":{"start":{"line":38,"column":4},"end":{"line":42,"column":5}},"type":"if","locations":[{"start":{"line":38,"column":4},"end":{"line":42,"column":5}},{"start":{"line":40,"column":11},"end":{"line":42,"column":5}}],"line":38},"3":{"loc":{"start":{"line":60,"column":44},"end":{"line":60,"column":72}},"type":"cond-expr","locations":[{"start":{"line":60,"column":56},"end":{"line":60,"column":67}},{"start":{"line":60,"column":70},"end":{"line":60,"column":72}}],"line":60}},"s":{"0":1,"1":0,"2":0,"3":0,"4":0,"5":0,"6":0,"7":0,"8":0,"9":0,"10":0,"11":0,"12":0,"13":0,"14":0,"15":0,"16":0,"17":0,"18":0,"19":0,"20":0,"21":0,"22":0,"23":0,"24":0},"f":{"0":0,"1":0,"2":0,"3":0,"4":0,"5":0,"6":0,"7":0},"b":{"0":[0,0],"1":[0,0],"2":[0,0],"3":[0,0]},"_coverageSchema":"1a1c01bbd47fc00a2c39e90264f33305004495a9","hash":"5bbbf82128ca7500ebad649e5158b990810997a2"}
,"C:\\HTD\\Capstone Project\\LMS\\lms\\src\\pages\\adminSettings\\index.jsx": {"path":"C:\\HTD\\Capstone Project\\LMS\\lms\\src\\pages\\adminSettings\\index.jsx","statementMap":{"0":{"start":{"line":9,"column":20},"end":{"line":9,"column":24}},"1":{"start":{"line":11,"column":22},"end":{"line":79,"column":1}},"2":{"start":{"line":12,"column":19},"end":{"line":12,"column":32}},"3":{"start":{"line":13,"column":19},"end":{"line":13,"column":32}},"4":{"start":{"line":14,"column":36},"end":{"line":14,"column":49}},"5":{"start":{"line":16,"column":2},"end":{"line":22,"column":24}},"6":{"start":{"line":17,"column":25},"end":{"line":17,"column":61}},"7":{"start":{"line":18,"column":16},"end":{"line":18,"column":39}},"8":{"start":{"line":19,"column":4},"end":{"line":21,"column":5}},"9":{"start":{"line":20,"column":6},"end":{"line":20,"column":24}},"10":{"start":{"line":24,"column":26},"end":{"line":27,"column":3}},"11":{"start":{"line":25,"column":4},"end":{"line":25,"column":22}},"12":{"start":{"line":26,"column":4},"end":{"line":26,"column":47}},"13":{"start":{"line":29,"column":2},"end":{"line":78,"column":4}}},"fnMap":{"0":{"name":"(anonymous_0)","decl":{"start":{"line":11,"column":22},"end":{"line":11,"column":23}},"loc":{"start":{"line":11,"column":28},"end":{"line":79,"column":1}},"line":11},"1":{"name":"(anonymous_1)","decl":{"start":{"line":16,"column":12},"end":{"line":16,"column":13}},"loc":{"start":{"line":16,"column":18},"end":{"line":22,"column":3}},"line":16},"2":{"name":"(anonymous_2)","decl":{"start":{"line":24,"column":26},"end":{"line":24,"column":27}},"loc":{"start":{"line":24,"column":35},"end":{"line":27,"column":3}},"line":24}},"branchMap":{"0":{"loc":{"start":{"line":19,"column":4},"end":{"line":21,"column":5}},"type":"if","locations":[{"start":{"line":19,"column":4},"end":{"line":21,"column":5}},{"start":{},"end":{}}],"line":19},"1":{"loc":{"start":{"line":19,"column":8},"end":{"line":19,"column":45}},"type":"binary-expr","locations":[{"start":{"line":19,"column":8},"end":{"line":19,"column":11}},{"start":{"line":19,"column":15},"end":{"line":19,"column":45}}],"line":19}},"s":{"0":1,"1":1,"2":0,"3":0,"4":0,"5":0,"6":0,"7":0,"8":0,"9":0,"10":0,"11":0,"12":0,"13":0},"f":{"0":0,"1":0,"2":0},"b":{"0":[0,0],"1":[0,0]},"_coverageSchema":"1a1c01bbd47fc00a2c39e90264f33305004495a9","hash":"0e25227b32e33c5ec78fc39aaa41fd1439ef7a0a"}
,"C:\\HTD\\Capstone Project\\LMS\\lms\\src\\pages\\adminSettings\\childs\\addCourse.jsx": {"path":"C:\\HTD\\Capstone Project\\LMS\\lms\\src\\pages\\adminSettings\\childs\\addCourse.jsx","statementMap":{"0":{"start":{"line":6,"column":18},"end":{"line":35,"column":1}},"1":{"start":{"line":7,"column":32},"end":{"line":7,"column":47}},"2":{"start":{"line":8,"column":17},"end":{"line":8,"column":31}},"3":{"start":{"line":10,"column":23},"end":{"line":24,"column":3}},"4":{"start":{"line":11,"column":4},"end":{"line":23,"column":5}},"5":{"start":{"line":12,"column":6},"end":{"line":12,"column":23}},"6":{"start":{"line":13,"column":36},"end":{"line":13,"column":42}},"7":{"start":{"line":14,"column":6},"end":{"line":14,"column":47}},"8":{"start":{"line":15,"column":6},"end":{"line":15,"column":54}},"9":{"start":{"line":17,"column":6},"end":{"line":17,"column":25}},"10":{"start":{"line":19,"column":6},"end":{"line":19,"column":47}},"11":{"start":{"line":20,"column":6},"end":{"line":20,"column":27}},"12":{"start":{"line":22,"column":6},"end":{"line":22,"column":24}},"13":{"start":{"line":26,"column":2},"end":{"line":34,"column":4}}},"fnMap":{"0":{"name":"(anonymous_0)","decl":{"start":{"line":6,"column":18},"end":{"line":6,"column":19}},"loc":{"start":{"line":6,"column":24},"end":{"line":35,"column":1}},"line":6},"1":{"name":"(anonymous_1)","decl":{"start":{"line":10,"column":23},"end":{"line":10,"column":24}},"loc":{"start":{"line":10,"column":41},"end":{"line":24,"column":3}},"line":10}},"branchMap":{},"s":{"0":1,"1":0,"2":0,"3":0,"4":0,"5":0,"6":0,"7":0,"8":0,"9":0,"10":0,"11":0,"12":0,"13":0},"f":{"0":0,"1":0},"b":{},"_coverageSchema":"1a1c01bbd47fc00a2c39e90264f33305004495a9","hash":"bcd953149345380f9cc7ef3bcba624d0d9367fd9"}
,"C:\\HTD\\Capstone Project\\LMS\\lms\\src\\pages\\adminSettings\\childs\\courseAnalytics.jsx": {"path":"C:\\HTD\\Capstone Project\\LMS\\lms\\src\\pages\\adminSettings\\childs\\courseAnalytics.jsx","statementMap":{"0":{"start":{"line":28,"column":17},"end":{"line":28,"column":27}},"1":{"start":{"line":29,"column":22},"end":{"line":29,"column":23}},"2":{"start":{"line":31,"column":20},"end":{"line":36,"column":1}},"3":{"start":{"line":38,"column":24},"end":{"line":194,"column":1}},"4":{"start":{"line":39,"column":32},"end":{"line":39,"column":44}},"5":{"start":{"line":40,"column":32},"end":{"line":40,"column":47}},"6":{"start":{"line":41,"column":40},"end":{"line":41,"column":52}},"7":{"start":{"line":42,"column":40},"end":{"line":42,"column":60}},"8":{"start":{"line":43,"column":36},"end":{"line":43,"column":51}},"9":{"start":{"line":44,"column":19},"end":{"line":44,"column":31}},"10":{"start":{"line":46,"column":2},"end":{"line":59,"column":9}},"11":{"start":{"line":47,"column":24},"end":{"line":57,"column":5}},"12":{"start":{"line":48,"column":6},"end":{"line":48,"column":23}},"13":{"start":{"line":49,"column":6},"end":{"line":56,"column":7}},"14":{"start":{"line":50,"column":20},"end":{"line":50,"column":48}},"15":{"start":{"line":51,"column":8},"end":{"line":51,"column":50}},"16":{"start":{"line":53,"column":8},"end":{"line":53,"column":48}},"17":{"start":{"line":55,"column":8},"end":{"line":55,"column":26}},"18":{"start":{"line":58,"column":4},"end":{"line":58,"column":18}},"19":{"start":{"line":61,"column":24},"end":{"line":68,"column":3}},"20":{"start":{"line":63,"column":6},"end":{"line":66,"column":9}},"21":{"start":{"line":63,"column":26},"end":{"line":66,"column":7}},"22":{"start":{"line":70,"column":26},"end":{"line":73,"column":3}},"23":{"start":{"line":71,"column":10},"end":{"line":71,"column":67}},"24":{"start":{"line":71,"column":32},"end":{"line":71,"column":66}},"25":{"start":{"line":75,"column":20},"end":{"line":80,"column":36}},"26":{"start":{"line":76,"column":4},"end":{"line":79,"column":8}},"27":{"start":{"line":76,"column":39},"end":{"line":79,"column":5}},"28":{"start":{"line":82,"column":29},"end":{"line":88,"column":3}},"29":{"start":{"line":83,"column":4},"end":{"line":86,"column":5}},"30":{"start":{"line":84,"column":6},"end":{"line":84,"column":73}},"31":{"start":{"line":85,"column":6},"end":{"line":85,"column":13}},"32":{"start":{"line":87,"column":4},"end":{"line":87,"column":25}},"33":{"start":{"line":90,"column":21},"end":{"line":96,"column":3}},"34":{"start":{"line":91,"column":4},"end":{"line":94,"column":5}},"35":{"start":{"line":92,"column":6},"end":{"line":92,"column":56}},"36":{"start":{"line":93,"column":6},"end":{"line":93,"column":13}},"37":{"start":{"line":95,"column":4},"end":{"line":95,"column":23}},"38":{"start":{"line":98,"column":22},"end":{"line":113,"column":3}},"39":{"start":{"line":99,"column":4},"end":{"line":99,"column":34}},"40":{"start":{"line":99,"column":27},"end":{"line":99,"column":34}},"41":{"start":{"line":101,"column":4},"end":{"line":112,"column":5}},"42":{"start":{"line":102,"column":22},"end":{"line":105,"column":8}},"43":{"start":{"line":106,"column":19},"end":{"line":106,"column":46}},"44":{"start":{"line":107,"column":6},"end":{"line":107,"column":45}},"45":{"start":{"line":108,"column":6},"end":{"line":108,"column":26}},"46":{"start":{"line":109,"column":6},"end":{"line":109,"column":19}},"47":{"start":{"line":111,"column":6},"end":{"line":111,"column":44}},"48":{"start":{"line":115,"column":2},"end":{"line":193,"column":4}},"49":{"start":{"line":147,"column":12},"end":{"line":157,"column":18}},"50":{"start":{"line":151,"column":16},"end":{"line":153,"column":17}},"51":{"start":{"line":152,"column":18},"end":{"line":152,"column":58}},"52":{"start":{"line":152,"column":38},"end":{"line":152,"column":57}}},"fnMap":{"0":{"name":"(anonymous_0)","decl":{"start":{"line":38,"column":24},"end":{"line":38,"column":25}},"loc":{"start":{"line":38,"column":30},"end":{"line":194,"column":1}},"line":38},"1":{"name":"(anonymous_1)","decl":{"start":{"line":46,"column":12},"end":{"line":46,"column":13}},"loc":{"start":{"line":46,"column":18},"end":{"line":59,"column":3}},"line":46},"2":{"name":"(anonymous_2)","decl":{"start":{"line":47,"column":24},"end":{"line":47,"column":25}},"loc":{"start":{"line":47,"column":36},"end":{"line":57,"column":5}},"line":47},"3":{"name":"(anonymous_3)","decl":{"start":{"line":62,"column":4},"end":{"line":62,"column":5}},"loc":{"start":{"line":63,"column":6},"end":{"line":66,"column":9}},"line":63},"4":{"name":"(anonymous_4)","decl":{"start":{"line":63,"column":18},"end":{"line":63,"column":19}},"loc":{"start":{"line":63,"column":26},"end":{"line":66,"column":7}},"line":63},"5":{"name":"(anonymous_5)","decl":{"start":{"line":71,"column":4},"end":{"line":71,"column":5}},"loc":{"start":{"line":71,"column":10},"end":{"line":71,"column":67}},"line":71},"6":{"name":"(anonymous_6)","decl":{"start":{"line":71,"column":25},"end":{"line":71,"column":26}},"loc":{"start":{"line":71,"column":32},"end":{"line":71,"column":66}},"line":71},"7":{"name":"(anonymous_7)","decl":{"start":{"line":75,"column":28},"end":{"line":75,"column":29}},"loc":{"start":{"line":75,"column":34},"end":{"line":80,"column":3}},"line":75},"8":{"name":"(anonymous_8)","decl":{"start":{"line":76,"column":31},"end":{"line":76,"column":32}},"loc":{"start":{"line":76,"column":39},"end":{"line":79,"column":5}},"line":76},"9":{"name":"(anonymous_9)","decl":{"start":{"line":82,"column":29},"end":{"line":82,"column":30}},"loc":{"start":{"line":82,"column":39},"end":{"line":88,"column":3}},"line":82},"10":{"name":"(anonymous_10)","decl":{"start":{"line":90,"column":21},"end":{"line":90,"column":22}},"loc":{"start":{"line":90,"column":27},"end":{"line":96,"column":3}},"line":90},"11":{"name":"(anonymous_11)","decl":{"start":{"line":98,"column":22},"end":{"line":98,"column":23}},"loc":{"start":{"line":98,"column":34},"end":{"line":113,"column":3}},"line":98},"12":{"name":"(anonymous_12)","decl":{"start":{"line":146,"column":31},"end":{"line":146,"column":32}},"loc":{"start":{"line":147,"column":12},"end":{"line":157,"column":18}},"line":147},"13":{"name":"(anonymous_13)","decl":{"start":{"line":150,"column":23},"end":{"line":150,"column":24}},"loc":{"start":{"line":151,"column":16},"end":{"line":153,"column":17}},"line":151},"14":{"name":"(anonymous_14)","decl":{"start":{"line":151,"column":31},"end":{"line":151,"column":32}},"loc":{"start":{"line":152,"column":18},"end":{"line":152,"column":58}},"line":152},"15":{"name":"(anonymous_15)","decl":{"start":{"line":152,"column":30},"end":{"line":152,"column":31}},"loc":{"start":{"line":152,"column":38},"end":{"line":152,"column":57}},"line":152}},"branchMap":{"0":{"loc":{"start":{"line":51,"column":19},"end":{"line":51,"column":48}},"type":"cond-expr","locations":[{"start":{"line":51,"column":40},"end":{"line":51,"column":43}},{"start":{"line":51,"column":46},"end":{"line":51,"column":48}}],"line":51},"1":{"loc":{"start":{"line":78,"column":13},"end":{"line":78,"column":32}},"type":"binary-expr","locations":[{"start":{"line":78,"column":13},"end":{"line":78,"column":27}},{"start":{"line":78,"column":31},"end":{"line":78,"column":32}}],"line":78},"2":{"loc":{"start":{"line":83,"column":4},"end":{"line":86,"column":5}},"type":"if","locations":[{"start":{"line":83,"column":4},"end":{"line":86,"column":5}},{"start":{},"end":{}}],"line":83},"3":{"loc":{"start":{"line":91,"column":4},"end":{"line":94,"column":5}},"type":"if","locations":[{"start":{"line":91,"column":4},"end":{"line":94,"column":5}},{"start":{},"end":{}}],"line":91},"4":{"loc":{"start":{"line":99,"column":4},"end":{"line":99,"column":34}},"type":"if","locations":[{"start":{"line":99,"column":4},"end":{"line":99,"column":34}},{"start":{},"end":{}}],"line":99},"5":{"loc":{"start":{"line":177,"column":11},"end":{"line":189,"column":11}},"type":"cond-expr","locations":[{"start":{"line":178,"column":12},"end":{"line":186,"column":34}},{"start":{"line":188,"column":12},"end":{"line":188,"column":58}}],"line":177},"6":{"loc":{"start":{"line":177,"column":11},"end":{"line":177,"column":40}},"type":"binary-expr","locations":[{"start":{"line":177,"column":11},"end":{"line":177,"column":20}},{"start":{"line":177,"column":24},"end":{"line":177,"column":40}}],"line":177}},"s":{"0":1,"1":1,"2":1,"3":1,"4":0,"5":0,"6":0,"7":0,"8":0,"9":0,"10":0,"11":0,"12":0,"13":0,"14":0,"15":0,"16":0,"17":0,"18":0,"19":0,"20":0,"21":0,"22":0,"23":0,"24":0,"25":0,"26":0,"27":0,"28":0,"29":0,"30":0,"31":0,"32":0,"33":0,"34":0,"35":0,"36":0,"37":0,"38":0,"39":0,"40":0,"41":0,"42":0,"43":0,"44":0,"45":0,"46":0,"47":0,"48":0,"49":0,"50":0,"51":0,"52":0},"f":{"0":0,"1":0,"2":0,"3":0,"4":0,"5":0,"6":0,"7":0,"8":0,"9":0,"10":0,"11":0,"12":0,"13":0,"14":0,"15":0},"b":{"0":[0,0],"1":[0,0],"2":[0,0],"3":[0,0],"4":[0,0],"5":[0,0],"6":[0,0]},"_coverageSchema":"1a1c01bbd47fc00a2c39e90264f33305004495a9","hash":"fee9df0f6055e6ac747d8c3ef110c4d9498332fc"}
,"C:\\HTD\\Capstone Project\\LMS\\lms\\src\\pages\\adminSettings\\childs\\manageCourses.jsx": {"path":"C:\\HTD\\Capstone Project\\LMS\\lms\\src\\pages\\adminSettings\\childs\\manageCourses.jsx","statementMap":{"0":{"start":{"line":8,"column":19},"end":{"line":8,"column":24}},"1":{"start":{"line":9,"column":17},"end":{"line":9,"column":27}},"2":{"start":{"line":11,"column":22},"end":{"line":208,"column":1}},"3":{"start":{"line":12,"column":32},"end":{"line":12,"column":44}},"4":{"start":{"line":13,"column":32},"end":{"line":13,"column":47}},"5":{"start":{"line":14,"column":38},"end":{"line":14,"column":50}},"6":{"start":{"line":15,"column":48},"end":{"line":15,"column":63}},"7":{"start":{"line":16,"column":44},"end":{"line":16,"column":58}},"8":{"start":{"line":17,"column":23},"end":{"line":34,"column":3}},"9":{"start":{"line":18,"column":4},"end":{"line":18,"column":21}},"10":{"start":{"line":19,"column":4},"end":{"line":33,"column":5}},"11":{"start":{"line":20,"column":18},"end":{"line":20,"column":46}},"12":{"start":{"line":21,"column":31},"end":{"line":26,"column":9}},"13":{"start":{"line":21,"column":50},"end":{"line":26,"column":7}},"14":{"start":{"line":24,"column":63},"end":{"line":24,"column":100}},"15":{"start":{"line":27,"column":6},"end":{"line":27,"column":35}},"16":{"start":{"line":29,"column":6},"end":{"line":29,"column":47}},"17":{"start":{"line":30,"column":6},"end":{"line":30,"column":27}},"18":{"start":{"line":32,"column":6},"end":{"line":32,"column":24}},"19":{"start":{"line":36,"column":2},"end":{"line":38,"column":9}},"20":{"start":{"line":37,"column":4},"end":{"line":37,"column":19}},"21":{"start":{"line":40,"column":23},"end":{"line":42,"column":3}},"22":{"start":{"line":41,"column":4},"end":{"line":41,"column":39}},"23":{"start":{"line":44,"column":21},"end":{"line":47,"column":3}},"24":{"start":{"line":45,"column":4},"end":{"line":45,"column":29}},"25":{"start":{"line":46,"column":4},"end":{"line":46,"column":29}},"26":{"start":{"line":49,"column":23},"end":{"line":58,"column":3}},"27":{"start":{"line":50,"column":4},"end":{"line":57,"column":5}},"28":{"start":{"line":51,"column":6},"end":{"line":51,"column":45}},"29":{"start":{"line":52,"column":6},"end":{"line":52,"column":67}},"30":{"start":{"line":52,"column":42},"end":{"line":52,"column":64}},"31":{"start":{"line":53,"column":6},"end":{"line":53,"column":53}},"32":{"start":{"line":55,"column":6},"end":{"line":55,"column":47}},"33":{"start":{"line":56,"column":6},"end":{"line":56,"column":27}},"34":{"start":{"line":60,"column":26},"end":{"line":64,"column":3}},"35":{"start":{"line":61,"column":4},"end":{"line":63,"column":54}},"36":{"start":{"line":66,"column":18},"end":{"line":174,"column":3}},"37":{"start":{"line":72,"column":8},"end":{"line":86,"column":18}},"38":{"start":{"line":98,"column":26},"end":{"line":98,"column":41}},"39":{"start":{"line":104,"column":28},"end":{"line":104,"column":54}},"40":{"start":{"line":111,"column":8},"end":{"line":118,"column":14}},"41":{"start":{"line":125,"column":8},"end":{"line":128,"column":14}},"42":{"start":{"line":137,"column":8},"end":{"line":171,"column":16}},"43":{"start":{"line":151,"column":29},"end":{"line":151,"column":47}},"44":{"start":{"line":158,"column":31},"end":{"line":158,"column":54}},"45":{"start":{"line":176,"column":2},"end":{"line":207,"column":4}},"46":{"start":{"line":187,"column":27},"end":{"line":187,"column":55}},"47":{"start":{"line":199,"column":39},"end":{"line":199,"column":84}}},"fnMap":{"0":{"name":"(anonymous_0)","decl":{"start":{"line":11,"column":22},"end":{"line":11,"column":23}},"loc":{"start":{"line":11,"column":28},"end":{"line":208,"column":1}},"line":11},"1":{"name":"(anonymous_1)","decl":{"start":{"line":17,"column":23},"end":{"line":17,"column":24}},"loc":{"start":{"line":17,"column":35},"end":{"line":34,"column":3}},"line":17},"2":{"name":"(anonymous_2)","decl":{"start":{"line":21,"column":39},"end":{"line":21,"column":40}},"loc":{"start":{"line":21,"column":50},"end":{"line":26,"column":7}},"line":21},"3":{"name":"(anonymous_3)","decl":{"start":{"line":24,"column":44},"end":{"line":24,"column":45}},"loc":{"start":{"line":24,"column":63},"end":{"line":24,"column":100}},"line":24},"4":{"name":"(anonymous_4)","decl":{"start":{"line":36,"column":12},"end":{"line":36,"column":13}},"loc":{"start":{"line":36,"column":18},"end":{"line":38,"column":3}},"line":36},"5":{"name":"(anonymous_5)","decl":{"start":{"line":40,"column":23},"end":{"line":40,"column":24}},"loc":{"start":{"line":40,"column":34},"end":{"line":42,"column":3}},"line":40},"6":{"name":"(anonymous_6)","decl":{"start":{"line":44,"column":21},"end":{"line":44,"column":22}},"loc":{"start":{"line":44,"column":33},"end":{"line":47,"column":3}},"line":44},"7":{"name":"(anonymous_7)","decl":{"start":{"line":49,"column":23},"end":{"line":49,"column":24}},"loc":{"start":{"line":49,"column":43},"end":{"line":58,"column":3}},"line":49},"8":{"name":"(anonymous_8)","decl":{"start":{"line":52,"column":32},"end":{"line":52,"column":33}},"loc":{"start":{"line":52,"column":42},"end":{"line":52,"column":64}},"line":52},"9":{"name":"(anonymous_9)","decl":{"start":{"line":60,"column":41},"end":{"line":60,"column":42}},"loc":{"start":{"line":61,"column":4},"end":{"line":63,"column":54}},"line":61},"10":{"name":"(anonymous_10)","decl":{"start":{"line":71,"column":14},"end":{"line":71,"column":15}},"loc":{"start":{"line":72,"column":8},"end":{"line":86,"column":18}},"line":72},"11":{"name":"(anonymous_11)","decl":{"start":{"line":98,"column":14},"end":{"line":98,"column":15}},"loc":{"start":{"line":98,"column":26},"end":{"line":98,"column":41}},"line":98},"12":{"name":"(anonymous_12)","decl":{"start":{"line":104,"column":14},"end":{"line":104,"column":15}},"loc":{"start":{"line":104,"column":28},"end":{"line":104,"column":54}},"line":104},"13":{"name":"(anonymous_13)","decl":{"start":{"line":110,"column":14},"end":{"line":110,"column":15}},"loc":{"start":{"line":111,"column":8},"end":{"line":118,"column":14}},"line":111},"14":{"name":"(anonymous_14)","decl":{"start":{"line":124,"column":14},"end":{"line":124,"column":15}},"loc":{"start":{"line":125,"column":8},"end":{"line":128,"column":14}},"line":125},"15":{"name":"(anonymous_15)","decl":{"start":{"line":136,"column":14},"end":{"line":136,"column":15}},"loc":{"start":{"line":137,"column":8},"end":{"line":171,"column":16}},"line":137},"16":{"name":"(anonymous_16)","decl":{"start":{"line":151,"column":23},"end":{"line":151,"column":24}},"loc":{"start":{"line":151,"column":29},"end":{"line":151,"column":47}},"line":151},"17":{"name":"(anonymous_17)","decl":{"start":{"line":158,"column":25},"end":{"line":158,"column":26}},"loc":{"start":{"line":158,"column":31},"end":{"line":158,"column":54}},"line":158},"18":{"name":"(anonymous_18)","decl":{"start":{"line":187,"column":20},"end":{"line":187,"column":21}},"loc":{"start":{"line":187,"column":27},"end":{"line":187,"column":55}},"line":187},"19":{"name":"(anonymous_19)","decl":{"start":{"line":199,"column":21},"end":{"line":199,"column":22}},"loc":{"start":{"line":199,"column":39},"end":{"line":199,"column":84}},"line":199}},"branchMap":{"0":{"loc":{"start":{"line":24,"column":72},"end":{"line":24,"column":99}},"type":"binary-expr","locations":[{"start":{"line":24,"column":72},"end":{"line":24,"column":94}},{"start":{"line":24,"column":98},"end":{"line":24,"column":99}}],"line":24},"1":{"loc":{"start":{"line":61,"column":4},"end":{"line":63,"column":54}},"type":"binary-expr","locations":[{"start":{"line":61,"column":4},"end":{"line":61,"column":51}},{"start":{"line":62,"column":4},"end":{"line":62,"column":56}},{"start":{"line":63,"column":4},"end":{"line":63,"column":54}}],"line":61},"2":{"loc":{"start":{"line":113,"column":11},"end":{"line":117,"column":11}},"type":"binary-expr","locations":[{"start":{"line":113,"column":11},"end":{"line":113,"column":39}},{"start":{"line":114,"column":12},"end":{"line":116,"column":18}}],"line":113}},"s":{"0":1,"1":1,"2":1,"3":0,"4":0,"5":0,"6":0,"7":0,"8":0,"9":0,"10":0,"11":0,"12":0,"13":0,"14":0,"15":0,"16":0,"17":0,"18":0,"19":0,"20":0,"21":0,"22":0,"23":0,"24":0,"25":0,"26":0,"27":0,"28":0,"29":0,"30":0,"31":0,"32":0,"33":0,"34":0,"35":0,"36":0,"37":0,"38":0,"39":0,"40":0,"41":0,"42":0,"43":0,"44":0,"45":0,"46":0,"47":0},"f":{"0":0,"1":0,"2":0,"3":0,"4":0,"5":0,"6":0,"7":0,"8":0,"9":0,"10":0,"11":0,"12":0,"13":0,"14":0,"15":0,"16":0,"17":0,"18":0,"19":0},"b":{"0":[0,0],"1":[0,0,0],"2":[0,0]},"_coverageSchema":"1a1c01bbd47fc00a2c39e90264f33305004495a9","hash":"5a69351b8696d95cb73c5d347a99e4d71f2c25cb"}
,"C:\\HTD\\Capstone Project\\LMS\\lms\\src\\pages\\courseDetail\\index.jsx": {"path":"C:\\HTD\\Capstone Project\\LMS\\lms\\src\\pages\\courseDetail\\index.jsx","statementMap":{"0":{"start":{"line":9,"column":18},"end":{"line":9,"column":26}},"1":{"start":{"line":13,"column":21},"end":{"line":338,"column":1}},"2":{"start":{"line":14,"column":17},"end":{"line":14,"column":28}},"3":{"start":{"line":15,"column":19},"end":{"line":15,"column":32}},"4":{"start":{"line":16,"column":19},"end":{"line":16,"column":28}},"5":{"start":{"line":17,"column":30},"end":{"line":17,"column":44}},"6":{"start":{"line":18,"column":32},"end":{"line":18,"column":46}},"7":{"start":{"line":19,"column":38},"end":{"line":19,"column":53}},"8":{"start":{"line":20,"column":42},"end":{"line":20,"column":59}},"9":{"start":{"line":21,"column":21},"end":{"line":21,"column":51}},"10":{"start":{"line":22,"column":36},"end":{"line":22,"column":56}},"11":{"start":{"line":23,"column":46},"end":{"line":23,"column":60}},"12":{"start":{"line":25,"column":2},"end":{"line":38,"column":21}},"13":{"start":{"line":26,"column":19},"end":{"line":26,"column":42}},"14":{"start":{"line":27,"column":4},"end":{"line":29,"column":5}},"15":{"start":{"line":28,"column":6},"end":{"line":28,"column":27}},"16":{"start":{"line":30,"column":4},"end":{"line":36,"column":5}},"17":{"start":{"line":31,"column":6},"end":{"line":35,"column":9}},"18":{"start":{"line":32,"column":21},"end":{"line":32,"column":46}},"19":{"start":{"line":33,"column":8},"end":{"line":33,"column":35}},"20":{"start":{"line":34,"column":8},"end":{"line":34,"column":20}},"21":{"start":{"line":40,"column":26},"end":{"line":47,"column":3}},"22":{"start":{"line":41,"column":4},"end":{"line":41,"column":22}},"23":{"start":{"line":42,"column":4},"end":{"line":46,"column":7}},"24":{"start":{"line":43,"column":19},"end":{"line":43,"column":44}},"25":{"start":{"line":44,"column":6},"end":{"line":44,"column":27}},"26":{"start":{"line":45,"column":6},"end":{"line":45,"column":18}},"27":{"start":{"line":49,"column":2},"end":{"line":65,"column":11}},"28":{"start":{"line":50,"column":24},"end":{"line":60,"column":5}},"29":{"start":{"line":51,"column":6},"end":{"line":59,"column":7}},"30":{"start":{"line":52,"column":8},"end":{"line":52,"column":25}},"31":{"start":{"line":53,"column":20},"end":{"line":53,"column":53}},"32":{"start":{"line":54,"column":8},"end":{"line":54,"column":23}},"33":{"start":{"line":55,"column":8},"end":{"line":55,"column":26}},"34":{"start":{"line":57,"column":8},"end":{"line":57,"column":53}},"35":{"start":{"line":58,"column":8},"end":{"line":58,"column":26}},"36":{"start":{"line":62,"column":4},"end":{"line":64,"column":5}},"37":{"start":{"line":63,"column":6},"end":{"line":63,"column":20}},"38":{"start":{"line":67,"column":23},"end":{"line":75,"column":3}},"39":{"start":{"line":73,"column":16},"end":{"line":73,"column":82}},"40":{"start":{"line":74,"column":4},"end":{"line":74,"column":24}},"41":{"start":{"line":77,"column":29},"end":{"line":81,"column":3}},"42":{"start":{"line":78,"column":4},"end":{"line":80,"column":5}},"43":{"start":{"line":79,"column":6},"end":{"line":79,"column":40}},"44":{"start":{"line":83,"column":2},"end":{"line":85,"column":3}},"45":{"start":{"line":84,"column":4},"end":{"line":84,"column":75}},"46":{"start":{"line":87,"column":2},"end":{"line":89,"column":3}},"47":{"start":{"line":88,"column":4},"end":{"line":88,"column":64}},"48":{"start":{"line":91,"column":30},"end":{"line":97,"column":3}},"49":{"start":{"line":92,"column":17},"end":{"line":92,"column":53}},"50":{"start":{"line":93,"column":20},"end":{"line":93,"column":43}},"51":{"start":{"line":94,"column":4},"end":{"line":96,"column":5}},"52":{"start":{"line":95,"column":6},"end":{"line":95,"column":33}},"53":{"start":{"line":100,"column":2},"end":{"line":337,"column":4}},"54":{"start":{"line":131,"column":27},"end":{"line":131,"column":49}},"55":{"start":{"line":145,"column":31},"end":{"line":145,"column":58}},"56":{"start":{"line":151,"column":31},"end":{"line":151,"column":60}},"57":{"start":{"line":157,"column":31},"end":{"line":157,"column":57}},"58":{"start":{"line":169,"column":22},"end":{"line":172,"column":28}},"59":{"start":{"line":179,"column":22},"end":{"line":195,"column":28}},"60":{"start":{"line":183,"column":28},"end":{"line":192,"column":34}},"61":{"start":{"line":186,"column":45},"end":{"line":186,"column":71}},"62":{"start":{"line":204,"column":20},"end":{"line":240,"column":26}},"63":{"start":{"line":211,"column":28},"end":{"line":236,"column":36}},"64":{"start":{"line":217,"column":36},"end":{"line":220,"column":37}},"65":{"start":{"line":218,"column":38},"end":{"line":218,"column":58}},"66":{"start":{"line":219,"column":38},"end":{"line":219,"column":65}},"67":{"start":{"line":252,"column":26},"end":{"line":255,"column":28}}},"fnMap":{"0":{"name":"(anonymous_0)","decl":{"start":{"line":13,"column":21},"end":{"line":13,"column":22}},"loc":{"start":{"line":13,"column":27},"end":{"line":338,"column":1}},"line":13},"1":{"name":"(anonymous_1)","decl":{"start":{"line":25,"column":12},"end":{"line":25,"column":13}},"loc":{"start":{"line":25,"column":18},"end":{"line":38,"column":3}},"line":25},"2":{"name":"(anonymous_2)","decl":{"start":{"line":31,"column":22},"end":{"line":31,"column":23}},"loc":{"start":{"line":31,"column":30},"end":{"line":35,"column":7}},"line":31},"3":{"name":"(anonymous_3)","decl":{"start":{"line":40,"column":26},"end":{"line":40,"column":27}},"loc":{"start":{"line":40,"column":35},"end":{"line":47,"column":3}},"line":40},"4":{"name":"(anonymous_4)","decl":{"start":{"line":42,"column":20},"end":{"line":42,"column":21}},"loc":{"start":{"line":42,"column":28},"end":{"line":46,"column":5}},"line":42},"5":{"name":"(anonymous_5)","decl":{"start":{"line":49,"column":12},"end":{"line":49,"column":13}},"loc":{"start":{"line":49,"column":18},"end":{"line":65,"column":3}},"line":49},"6":{"name":"(anonymous_6)","decl":{"start":{"line":50,"column":24},"end":{"line":50,"column":25}},"loc":{"start":{"line":50,"column":36},"end":{"line":60,"column":5}},"line":50},"7":{"name":"(anonymous_7)","decl":{"start":{"line":67,"column":23},"end":{"line":67,"column":24}},"loc":{"start":{"line":67,"column":35},"end":{"line":75,"column":3}},"line":67},"8":{"name":"(anonymous_8)","decl":{"start":{"line":77,"column":29},"end":{"line":77,"column":30}},"loc":{"start":{"line":77,"column":41},"end":{"line":81,"column":3}},"line":77},"9":{"name":"(anonymous_9)","decl":{"start":{"line":91,"column":30},"end":{"line":91,"column":31}},"loc":{"start":{"line":91,"column":36},"end":{"line":97,"column":3}},"line":91},"10":{"name":"(anonymous_10)","decl":{"start":{"line":131,"column":21},"end":{"line":131,"column":22}},"loc":{"start":{"line":131,"column":27},"end":{"line":131,"column":49}},"line":131},"11":{"name":"(anonymous_11)","decl":{"start":{"line":145,"column":25},"end":{"line":145,"column":26}},"loc":{"start":{"line":145,"column":31},"end":{"line":145,"column":58}},"line":145},"12":{"name":"(anonymous_12)","decl":{"start":{"line":151,"column":25},"end":{"line":151,"column":26}},"loc":{"start":{"line":151,"column":31},"end":{"line":151,"column":60}},"line":151},"13":{"name":"(anonymous_13)","decl":{"start":{"line":157,"column":25},"end":{"line":157,"column":26}},"loc":{"start":{"line":157,"column":31},"end":{"line":157,"column":57}},"line":157},"14":{"name":"(anonymous_14)","decl":{"start":{"line":168,"column":52},"end":{"line":168,"column":53}},"loc":{"start":{"line":169,"column":22},"end":{"line":172,"column":28}},"line":169},"15":{"name":"(anonymous_15)","decl":{"start":{"line":178,"column":54},"end":{"line":178,"column":55}},"loc":{"start":{"line":179,"column":22},"end":{"line":195,"column":28}},"line":179},"16":{"name":"(anonymous_16)","decl":{"start":{"line":182,"column":58},"end":{"line":182,"column":59}},"loc":{"start":{"line":183,"column":28},"end":{"line":192,"column":34}},"line":183},"17":{"name":"(anonymous_17)","decl":{"start":{"line":186,"column":39},"end":{"line":186,"column":40}},"loc":{"start":{"line":186,"column":45},"end":{"line":186,"column":71}},"line":186},"18":{"name":"(anonymous_18)","decl":{"start":{"line":203,"column":39},"end":{"line":203,"column":40}},"loc":{"start":{"line":204,"column":20},"end":{"line":240,"column":26}},"line":204},"19":{"name":"(anonymous_19)","decl":{"start":{"line":210,"column":46},"end":{"line":210,"column":47}},"loc":{"start":{"line":211,"column":28},"end":{"line":236,"column":36}},"line":211},"20":{"name":"(anonymous_20)","decl":{"start":{"line":216,"column":43},"end":{"line":216,"column":44}},"loc":{"start":{"line":216,"column":50},"end":{"line":221,"column":35}},"line":216},"21":{"name":"(anonymous_21)","decl":{"start":{"line":251,"column":43},"end":{"line":251,"column":44}},"loc":{"start":{"line":252,"column":26},"end":{"line":255,"column":28}},"line":252}},"branchMap":{"0":{"loc":{"start":{"line":21,"column":21},"end":{"line":21,"column":51}},"type":"binary-expr","locations":[{"start":{"line":21,"column":21},"end":{"line":21,"column":44}},{"start":{"line":21,"column":48},"end":{"line":21,"column":51}}],"line":21},"1":{"loc":{"start":{"line":27,"column":4},"end":{"line":29,"column":5}},"type":"if","locations":[{"start":{"line":27,"column":4},"end":{"line":29,"column":5}},{"start":{},"end":{}}],"line":27},"2":{"loc":{"start":{"line":27,"column":8},"end":{"line":27,"column":38}},"type":"binary-expr","locations":[{"start":{"line":27,"column":8},"end":{"line":27,"column":14}},{"start":{"line":27,"column":18},"end":{"line":27,"column":38}}],"line":27},"3":{"loc":{"start":{"line":30,"column":4},"end":{"line":36,"column":5}},"type":"if","locations":[{"start":{"line":30,"column":4},"end":{"line":36,"column":5}},{"start":{},"end":{}}],"line":30},"4":{"loc":{"start":{"line":62,"column":4},"end":{"line":64,"column":5}},"type":"if","locations":[{"start":{"line":62,"column":4},"end":{"line":64,"column":5}},{"start":{},"end":{}}],"line":62},"5":{"loc":{"start":{"line":78,"column":4},"end":{"line":80,"column":5}},"type":"if","locations":[{"start":{"line":78,"column":4},"end":{"line":80,"column":5}},{"start":{},"end":{}}],"line":78},"6":{"loc":{"start":{"line":83,"column":2},"end":{"line":85,"column":3}},"type":"if","locations":[{"start":{"line":83,"column":2},"end":{"line":85,"column":3}},{"start":{},"end":{}}],"line":83},"7":{"loc":{"start":{"line":87,"column":2},"end":{"line":89,"column":3}},"type":"if","locations":[{"start":{"line":87,"column":2},"end":{"line":89,"column":3}},{"start":{},"end":{}}],"line":87},"8":{"loc":{"start":{"line":92,"column":17},"end":{"line":92,"column":53}},"type":"binary-expr","locations":[{"start":{"line":92,"column":17},"end":{"line":92,"column":32}},{"start":{"line":92,"column":36},"end":{"line":92,"column":53}}],"line":92},"9":{"loc":{"start":{"line":94,"column":4},"end":{"line":96,"column":5}},"type":"if","locations":[{"start":{"line":94,"column":4},"end":{"line":96,"column":5}},{"start":{},"end":{}}],"line":94},"10":{"loc":{"start":{"line":144,"column":38},"end":{"line":144,"column":78}},"type":"cond-expr","locations":[{"start":{"line":144,"column":65},"end":{"line":144,"column":73}},{"start":{"line":144,"column":76},"end":{"line":144,"column":78}}],"line":144},"11":{"loc":{"start":{"line":150,"column":38},"end":{"line":150,"column":80}},"type":"cond-expr","locations":[{"start":{"line":150,"column":67},"end":{"line":150,"column":75}},{"start":{"line":150,"column":78},"end":{"line":150,"column":80}}],"line":150},"12":{"loc":{"start":{"line":156,"column":38},"end":{"line":156,"column":77}},"type":"cond-expr","locations":[{"start":{"line":156,"column":64},"end":{"line":156,"column":72}},{"start":{"line":156,"column":75},"end":{"line":156,"column":77}}],"line":156},"13":{"loc":{"start":{"line":164,"column":15},"end":{"line":199,"column":15}},"type":"binary-expr","locations":[{"start":{"line":164,"column":15},"end":{"line":164,"column":39}},{"start":{"line":165,"column":16},"end":{"line":198,"column":22}}],"line":164},"14":{"loc":{"start":{"line":191,"column":31},"end":{"line":191,"column":95}},"type":"binary-expr","locations":[{"start":{"line":191,"column":31},"end":{"line":191,"column":45}},{"start":{"line":191,"column":49},"end":{"line":191,"column":95}}],"line":191},"15":{"loc":{"start":{"line":201,"column":15},"end":{"line":243,"column":15}},"type":"binary-expr","locations":[{"start":{"line":201,"column":15},"end":{"line":201,"column":41}},{"start":{"line":202,"column":16},"end":{"line":242,"column":22}}],"line":201},"16":{"loc":{"start":{"line":217,"column":36},"end":{"line":220,"column":37}},"type":"if","locations":[{"start":{"line":217,"column":36},"end":{"line":220,"column":37}},{"start":{},"end":{}}],"line":217},"17":{"loc":{"start":{"line":222,"column":51},"end":{"line":222,"column":89}},"type":"cond-expr","locations":[{"start":{"line":222,"column":68},"end":{"line":222,"column":77}},{"start":{"line":222,"column":80},"end":{"line":222,"column":89}}],"line":222},"18":{"loc":{"start":{"line":227,"column":37},"end":{"line":227,"column":101}},"type":"binary-expr","locations":[{"start":{"line":227,"column":37},"end":{"line":227,"column":51}},{"start":{"line":227,"column":55},"end":{"line":227,"column":101}}],"line":227},"19":{"loc":{"start":{"line":234,"column":36},"end":{"line":234,"column":94}},"type":"binary-expr","locations":[{"start":{"line":234,"column":36},"end":{"line":234,"column":51}},{"start":{"line":234,"column":55},"end":{"line":234,"column":94}}],"line":234},"20":{"loc":{"start":{"line":245,"column":15},"end":{"line":266,"column":15}},"type":"binary-expr","locations":[{"start":{"line":245,"column":15},"end":{"line":245,"column":38}},{"start":{"line":246,"column":16},"end":{"line":265,"column":22}}],"line":245},"21":{"loc":{"start":{"line":254,"column":47},"end":{"line":254,"column":92}},"type":"cond-expr","locations":[{"start":{"line":254,"column":79},"end":{"line":254,"column":87}},{"start":{"line":254,"column":90},"end":{"line":254,"column":92}}],"line":254},"22":{"loc":{"start":{"line":274,"column":17},"end":{"line":295,"column":17}},"type":"cond-expr","locations":[{"start":{"line":275,"column":18},"end":{"line":280,"column":20}},{"start":{"line":282,"column":18},"end":{"line":294,"column":21}}],"line":274},"23":{"loc":{"start":{"line":301,"column":21},"end":{"line":305,"column":21}},"type":"binary-expr","locations":[{"start":{"line":301,"column":21},"end":{"line":301,"column":41}},{"start":{"line":302,"column":22},"end":{"line":304,"column":29}}],"line":301},"24":{"loc":{"start":{"line":310,"column":43},"end":{"line":310,"column":71}},"type":"cond-expr","locations":[{"start":{"line":310,"column":56},"end":{"line":310,"column":66}},{"start":{"line":310,"column":69},"end":{"line":310,"column":71}}],"line":310},"25":{"loc":{"start":{"line":314,"column":19},"end":{"line":314,"column":57}},"type":"cond-expr","locations":[{"start":{"line":314,"column":32},"end":{"line":314,"column":42}},{"start":{"line":314,"column":45},"end":{"line":314,"column":57}}],"line":314}},"s":{"0":1,"1":1,"2":0,"3":0,"4":0,"5":0,"6":0,"7":0,"8":0,"9":0,"10":0,"11":0,"12":0,"13":0,"14":0,"15":0,"16":0,"17":0,"18":0,"19":0,"20":0,"21":0,"22":0,"23":0,"24":0,"25":0,"26":0,"27":0,"28":0,"29":0,"30":0,"31":0,"32":0,"33":0,"34":0,"35":0,"36":0,"37":0,"38":0,"39":0,"40":0,"41":0,"42":0,"43":0,"44":0,"45":0,"46":0,"47":0,"48":0,"49":0,"50":0,"51":0,"52":0,"53":0,"54":0,"55":0,"56":0,"57":0,"58":0,"59":0,"60":0,"61":0,"62":0,"63":0,"64":0,"65":0,"66":0,"67":0},"f":{"0":0,"1":0,"2":0,"3":0,"4":0,"5":0,"6":0,"7":0,"8":0,"9":0,"10":0,"11":0,"12":0,"13":0,"14":0,"15":0,"16":0,"17":0,"18":0,"19":0,"20":0,"21":0},"b":{"0":[0,0],"1":[0,0],"2":[0,0],"3":[0,0],"4":[0,0],"5":[0,0],"6":[0,0],"7":[0,0],"8":[0,0],"9":[0,0],"10":[0,0],"11":[0,0],"12":[0,0],"13":[0,0],"14":[0,0],"15":[0,0],"16":[0,0],"17":[0,0],"18":[0,0],"19":[0,0],"20":[0,0],"21":[0,0],"22":[0,0],"23":[0,0],"24":[0,0],"25":[0,0]},"_coverageSchema":"1a1c01bbd47fc00a2c39e90264f33305004495a9","hash":"6edc2e6644ab18d89b42867dce8a13c23e515f39"}
,"C:\\HTD\\Capstone Project\\LMS\\lms\\src\\pages\\dashboard\\index.jsx": {"path":"C:\\HTD\\Capstone Project\\LMS\\lms\\src\\pages\\dashboard\\index.jsx","statementMap":{"0":{"start":{"line":10,"column":22},"end":{"line":153,"column":1}},"1":{"start":{"line":19,"column":6},"end":{"line":19,"column":27}},"2":{"start":{"line":21,"column":2},"end":{"line":152,"column":4}},"3":{"start":{"line":56,"column":39},"end":{"line":56,"column":81}},"4":{"start":{"line":56,"column":58},"end":{"line":56,"column":79}},"5":{"start":{"line":71,"column":39},"end":{"line":71,"column":81}},"6":{"start":{"line":71,"column":58},"end":{"line":71,"column":79}},"7":{"start":{"line":86,"column":39},"end":{"line":86,"column":78}},"8":{"start":{"line":86,"column":58},"end":{"line":86,"column":76}},"9":{"start":{"line":102,"column":39},"end":{"line":102,"column":79}},"10":{"start":{"line":102,"column":58},"end":{"line":102,"column":77}},"11":{"start":{"line":135,"column":14},"end":{"line":135,"column":56}}},"fnMap":{"0":{"name":"(anonymous_0)","decl":{"start":{"line":10,"column":22},"end":{"line":10,"column":23}},"loc":{"start":{"line":10,"column":28},"end":{"line":153,"column":1}},"line":10},"1":{"name":"(anonymous_1)","decl":{"start":{"line":56,"column":32},"end":{"line":56,"column":33}},"loc":{"start":{"line":56,"column":39},"end":{"line":56,"column":81}},"line":56},"2":{"name":"(anonymous_2)","decl":{"start":{"line":56,"column":50},"end":{"line":56,"column":51}},"loc":{"start":{"line":56,"column":58},"end":{"line":56,"column":79}},"line":56},"3":{"name":"(anonymous_3)","decl":{"start":{"line":71,"column":32},"end":{"line":71,"column":33}},"loc":{"start":{"line":71,"column":39},"end":{"line":71,"column":81}},"line":71},"4":{"name":"(anonymous_4)","decl":{"start":{"line":71,"column":50},"end":{"line":71,"column":51}},"loc":{"start":{"line":71,"column":58},"end":{"line":71,"column":79}},"line":71},"5":{"name":"(anonymous_5)","decl":{"start":{"line":86,"column":32},"end":{"line":86,"column":33}},"loc":{"start":{"line":86,"column":39},"end":{"line":86,"column":78}},"line":86},"6":{"name":"(anonymous_6)","decl":{"start":{"line":86,"column":50},"end":{"line":86,"column":51}},"loc":{"start":{"line":86,"column":58},"end":{"line":86,"column":76}},"line":86},"7":{"name":"(anonymous_7)","decl":{"start":{"line":102,"column":32},"end":{"line":102,"column":33}},"loc":{"start":{"line":102,"column":39},"end":{"line":102,"column":79}},"line":102},"8":{"name":"(anonymous_8)","decl":{"start":{"line":102,"column":50},"end":{"line":102,"column":51}},"loc":{"start":{"line":102,"column":58},"end":{"line":102,"column":77}},"line":102},"9":{"name":"(anonymous_9)","decl":{"start":{"line":134,"column":32},"end":{"line":134,"column":33}},"loc":{"start":{"line":135,"column":14},"end":{"line":135,"column":56}},"line":135}},"branchMap":{"0":{"loc":{"start":{"line":133,"column":11},"end":{"line":145,"column":11}},"type":"cond-expr","locations":[{"start":{"line":134,"column":12},"end":{"line":136,"column":14}},{"start":{"line":138,"column":12},"end":{"line":144,"column":19}}],"line":133},"1":{"loc":{"start":{"line":133,"column":11},"end":{"line":133,"column":56}},"type":"binary-expr","locations":[{"start":{"line":133,"column":11},"end":{"line":133,"column":26}},{"start":{"line":133,"column":30},"end":{"line":133,"column":56}}],"line":133}},"s":{"0":1,"1":0,"2":0,"3":0,"4":0,"5":0,"6":0,"7":0,"8":0,"9":0,"10":0,"11":0},"f":{"0":0,"1":0,"2":0,"3":0,"4":0,"5":0,"6":0,"7":0,"8":0,"9":0},"b":{"0":[0,0],"1":[0,0]},"_coverageSchema":"1a1c01bbd47fc00a2c39e90264f33305004495a9","hash":"9352cd0670176dbb7fc83e64fe1737daa0222cd4"}
[...]
:{"line":32,"column":16}},"11":{"start":{"line":29,"column":33},"end":{"line":32,"column":13}},"12":{"start":{"line":36,"column":21},"end":{"line":75,"column":1}},"13":{"start":{"line":37,"column":20},"end":{"line":39,"column":3}},"14":{"start":{"line":40,"column":16},"end":{"line":40,"column":20}},"15":{"start":{"line":42,"column":2},"end":{"line":45,"column":3}},"16":{"start":{"line":43,"column":4},"end":{"line":43,"column":51}},"17":{"start":{"line":44,"column":4},"end":{"line":44,"column":20}},"18":{"start":{"line":47,"column":2},"end":{"line":50,"column":3}},"19":{"start":{"line":48,"column":4},"end":{"line":48,"column":49}},"20":{"start":{"line":49,"column":4},"end":{"line":49,"column":20}},"21":{"start":{"line":52,"column":2},"end":{"line":58,"column":3}},"22":{"start":{"line":53,"column":4},"end":{"line":53,"column":42}},"23":{"start":{"line":54,"column":4},"end":{"line":54,"column":20}},"24":{"start":{"line":55,"column":9},"end":{"line":58,"column":3}},"25":{"start":{"line":56,"column":4},"end":{"line":56,"column":41}},"26":{"start":{"line":57,"column":4},"end":{"line":57,"column":20}},"27":{"start":{"line":60,"column":2},"end":{"line":66,"column":3}},"28":{"start":{"line":61,"column":4},"end":{"line":61,"column":48}},"29":{"start":{"line":62,"column":4},"end":{"line":62,"column":20}},"30":{"start":{"line":63,"column":9},"end":{"line":66,"column":3}},"31":{"start":{"line":64,"column":4},"end":{"line":64,"column":66}},"32":{"start":{"line":65,"column":4},"end":{"line":65,"column":20}},"33":{"start":{"line":68,"column":2},"end":{"line":71,"column":3}},"34":{"start":{"line":69,"column":4},"end":{"line":69,"column":57}},"35":{"start":{"line":70,"column":4},"end":{"line":70,"column":20}},"36":{"start":{"line":73,"column":2},"end":{"line":73,"column":23}},"37":{"start":{"line":74,"column":2},"end":{"line":74,"column":17}},"38":{"start":{"line":78,"column":25},"end":{"line":93,"column":5}},"39":{"start":{"line":79,"column":8},"end":{"line":79,"column":27}},"40":{"start":{"line":81,"column":8},"end":{"line":81,"column":36}},"41":{"start":{"line":81,"column":29},"end":{"line":81,"column":36}},"42":{"start":{"line":83,"column":8},"end":{"line":83,"column":27}},"43":{"start":{"line":86,"column":20},"end":{"line":86,"column":52}},"44":{"start":{"line":88,"column":8},"end":{"line":90,"column":9}},"45":{"start":{"line":89,"column":12},"end":{"line":89,"column":32}},"46":{"start":{"line":92,"column":8},"end":{"line":92,"column":28}},"47":{"start":{"line":95,"column":4},"end":{"line":101,"column":6}}},"fnMap":{"0":{"name":"(anonymous_0)","decl":{"start":{"line":5,"column":18},"end":{"line":5,"column":19}},"loc":{"start":{"line":5,"column":24},"end":{"line":102,"column":1}},"line":5},"1":{"name":"(anonymous_1)","decl":{"start":{"line":19,"column":25},"end":{"line":19,"column":26}},"loc":{"start":{"line":19,"column":32},"end":{"line":34,"column":5}},"line":19},"2":{"name":"(anonymous_2)","decl":{"start":{"line":22,"column":20},"end":{"line":22,"column":21}},"loc":{"start":{"line":22,"column":31},"end":{"line":25,"column":9}},"line":22},"3":{"name":"(anonymous_3)","decl":{"start":{"line":29,"column":22},"end":{"line":29,"column":23}},"loc":{"start":{"line":29,"column":33},"end":{"line":32,"column":13}},"line":29},"4":{"name":"(anonymous_4)","decl":{"start":{"line":36,"column":21},"end":{"line":36,"column":22}},"loc":{"start":{"line":36,"column":27},"end":{"line":75,"column":1}},"line":36},"5":{"name":"(anonymous_5)","decl":{"start":{"line":78,"column":25},"end":{"line":78,"column":26}},"loc":{"start":{"line":78,"column":38},"end":{"line":93,"column":5}},"line":78}},"branchMap":{"0":{"loc":{"start":{"line":28,"column":8},"end":{"line":33,"column":9}},"type":"if","locations":[{"start":{"line":28,"column":8},"end":{"line":33,"column":9}},{"start":{},"end":{}}],"line":28},"1":{"loc":{"start":{"line":42,"column":2},"end":{"line":45,"column":3}},"type":"if","locations":[{"start":{"line":42,"column":2},"end":{"line":45,"column":3}},{"start":{},"end":{}}],"line":42},"2":{"loc":{"start":{"line":47,"column":2},"end":{"line":50,"column":3}},"type":"if","locations":[{"start":{"line":47,"column":2},"end":{"line":50,"column":3}},{"start":{},"end":{}}],"line":47},"3":{"loc":{"start":{"line":52,"column":2},"end":{"line":58,"column":3}},"type":"if","locations":[{"start":{"line":52,"column":2},"end":{"line":58,"column":3}},{"start":{"line":55,"column":9},"end":{"line":58,"column":3}}],"line":52},"4":{"loc":{"start":{"line":55,"column":9},"end":{"line":58,"column":3}},"type":"if","locations":[{"start":{"line":55,"column":9},"end":{"line":58,"column":3}},{"start":{},"end":{}}],"line":55},"5":{"loc":{"start":{"line":60,"column":2},"end":{"line":66,"column":3}},"type":"if","locations":[{"start":{"line":60,"column":2},"end":{"line":66,"column":3}},{"start":{"line":63,"column":9},"end":{"line":66,"column":3}}],"line":60},"6":{"loc":{"start":{"line":63,"column":9},"end":{"line":66,"column":3}},"type":"if","locations":[{"start":{"line":63,"column":9},"end":{"line":66,"column":3}},{"start":{},"end":{}}],"line":63},"7":{"loc":{"start":{"line":68,"column":2},"end":{"line":71,"column":3}},"type":"if","locations":[{"start":{"line":68,"column":2},"end":{"line":71,"column":3}},{"start":{},"end":{}}],"line":68},"8":{"loc":{"start":{"line":81,"column":8},"end":{"line":81,"column":36}},"type":"if","locations":[{"start":{"line":81,"column":8},"end":{"line":81,"column":36}},{"start":{},"end":{}}],"line":81},"9":{"loc":{"start":{"line":88,"column":8},"end":{"line":90,"column":9}},"type":"if","locations":[{"start":{"line":88,"column":8},"end":{"line":90,"column":9}},{"start":{},"end":{}}],"line":88}},"s":{"0":2,"1":17,"2":17,"3":17,"4":17,"5":17,"6":13,"7":13,"8":13,"9":13,"10":1,"11":1,"12":17,"13":4,"14":4,"15":4,"16":3,"17":3,"18":4,"19":3,"20":3,"21":4,"22":2,"23":2,"24":2,"25":1,"26":1,"27":4,"28":1,"29":1,"30":3,"31":1,"32":1,"33":4,"34":1,"35":1,"36":4,"37":4,"38":17,"39":4,"40":4,"41":3,"42":1,"43":1,"44":1,"45":1,"46":1,"47":17},"f":{"0":17,"1":13,"2":13,"3":1,"4":4,"5":4},"b":{"0":[1,12],"1":[3,1],"2":[3,1],"3":[2,2],"4":[1,1],"5":[1,3],"6":[1,2],"7":[1,3],"8":[3,1],"9":[1,0]},"_coverageSchema":"1a1c01bbd47fc00a2c39e90264f33305004495a9","hash":"c81deda64130b37aa9e13e11c48bf04199c9935f"}
,"C:\\HTD\\Capstone Project\\LMS\\lms\\src\\utils\\api\\apiClient.js": {"path":"C:\\HTD\\Capstone Project\\LMS\\lms\\src\\utils\\api\\apiClient.js","statementMap":{"0":{"start":{"line":4,"column":16},"end":{"line":4,"column":39}},"1":{"start":{"line":6,"column":18},"end":{"line":11,"column":2}},"2":{"start":{"line":14,"column":0},"end":{"line":25,"column":2}},"3":{"start":{"line":16,"column":18},"end":{"line":16,"column":47}},"4":{"start":{"line":17,"column":4},"end":{"line":19,"column":5}},"5":{"start":{"line":18,"column":6},"end":{"line":18,"column":55}},"6":{"start":{"line":20,"column":4},"end":{"line":20,"column":18}},"7":{"start":{"line":23,"column":4},"end":{"line":23,"column":33}},"8":{"start":{"line":28,"column":0},"end":{"line":38,"column":2}},"9":{"start":{"line":29,"column":16},"end":{"line":29,"column":24}},"10":{"start":{"line":31,"column":4},"end":{"line":35,"column":5}},"11":{"start":{"line":33,"column":6},"end":{"line":33,"column":39}},"12":{"start":{"line":34,"column":6},"end":{"line":34,"column":38}},"13":{"start":{"line":36,"column":4},"end":{"line":36,"column":33}}},"fnMap":{"0":{"name":"(anonymous_0)","decl":{"start":{"line":15,"column":2},"end":{"line":15,"column":3}},"loc":{"start":{"line":15,"column":14},"end":{"line":21,"column":3}},"line":15},"1":{"name":"(anonymous_1)","decl":{"start":{"line":22,"column":2},"end":{"line":22,"column":3}},"loc":{"start":{"line":22,"column":13},"end":{"line":24,"column":3}},"line":22},"2":{"name":"(anonymous_2)","decl":{"start":{"line":29,"column":2},"end":{"line":29,"column":3}},"loc":{"start":{"line":29,"column":16},"end":{"line":29,"column":24}},"line":29},"3":{"name":"(anonymous_3)","decl":{"start":{"line":30,"column":2},"end":{"line":30,"column":3}},"loc":{"start":{"line":30,"column":13},"end":{"line":37,"column":3}},"line":30}},"branchMap":{"0":{"loc":{"start":{"line":17,"column":4},"end":{"line":19,"column":5}},"type":"if","locations":[{"start":{"line":17,"column":4},"end":{"line":19,"column":5}},{"start":{},"end":{}}],"line":17},"1":{"loc":{"start":{"line":31,"column":4},"end":{"line":35,"column":5}},"type":"if","locations":[{"start":{"line":31,"column":4},"end":{"line":35,"column":5}},{"start":{},"end":{}}],"line":31}},"s":{"0":1,"1":1,"2":1,"3":0,"4":0,"5":0,"6":0,"7":0,"8":1,"9":0,"10":0,"11":0,"12":0,"13":0},"f":{"0":0,"1":0,"2":0,"3":0},"b":{"0":[0,0],"1":[0,0]},"_coverageSchema":"1a1c01bbd47fc00a2c39e90264f33305004495a9","hash":"01c1ec3b97b2d83c095789f33461e3fa6aa5de16"}
,"C:\\HTD\\Capstone Project\\LMS\\lms\\src\\utils\\api\\apiEndpoints.js": {"path":"C:\\HTD\\Capstone Project\\LMS\\lms\\src\\utils\\api\\apiEndpoints.js","statementMap":{"0":{"start":{"line":1,"column":17},"end":{"line":1,"column":40}},"1":{"start":{"line":3,"column":20},"end":{"line":9,"column":1}},"2":{"start":{"line":12,"column":21},"end":{"line":15,"column":1}},"3":{"start":{"line":18,"column":23},"end":{"line":24,"column":1}}},"fnMap":{},"branchMap":{},"s":{"0":1,"1":1,"2":1,"3":1},"f":{},"b":{},"_coverageSchema":"1a1c01bbd47fc00a2c39e90264f33305004495a9","hash":"9b3727b3658e11925899aeb5c249c5a0763749d4"}
,"C:\\HTD\\Capstone Project\\LMS\\lms\\src\\utils\\api\\authAPI.js": {"path":"C:\\HTD\\Capstone Project\\LMS\\lms\\src\\utils\\api\\authAPI.js","statementMap":{"0":{"start":{"line":4,"column":23},"end":{"line":49,"column":1}},"1":{"start":{"line":6,"column":4},"end":{"line":14,"column":5}},"2":{"start":{"line":7,"column":23},"end":{"line":7,"column":68}},"3":{"start":{"line":8,"column":6},"end":{"line":10,"column":7}},"4":{"start":{"line":9,"column":8},"end":{"line":9,"column":59}},"5":{"start":{"line":11,"column":6},"end":{"line":11,"column":27}},"6":{"start":{"line":13,"column":6},"end":{"line":13,"column":50}},"7":{"start":{"line":18,"column":4},"end":{"line":23,"column":5}},"8":{"start":{"line":19,"column":23},"end":{"line":19,"column":68}},"9":{"start":{"line":20,"column":6},"end":{"line":20,"column":27}},"10":{"start":{"line":22,"column":6},"end":{"line":22,"column":50}},"11":{"start":{"line":27,"column":4},"end":{"line":36,"column":5}},"12":{"start":{"line":28,"column":6},"end":{"line":28,"column":40}},"13":{"start":{"line":29,"column":6},"end":{"line":29,"column":39}},"14":{"start":{"line":31,"column":6},"end":{"line":31,"column":44}},"15":{"start":{"line":32,"column":6},"end":{"line":32,"column":18}},"16":{"start":{"line":35,"column":6},"end":{"line":35,"column":39}},"17":{"start":{"line":40,"column":4},"end":{"line":45,"column":5}},"18":{"start":{"line":41,"column":23},"end":{"line":41,"column":56}},"19":{"start":{"line":42,"column":6},"end":{"line":42,"column":27}},"20":{"start":{"line":44,"column":6},"end":{"line":44,"column":50}}},"fnMap":{"0":{"name":"(anonymous_0)","decl":{"start":{"line":5,"column":9},"end":{"line":5,"column":10}},"loc":{"start":{"line":5,"column":32},"end":{"line":15,"column":3}},"line":5},"1":{"name":"(anonymous_1)","decl":{"start":{"line":17,"column":12},"end":{"line":17,"column":13}},"loc":{"start":{"line":17,"column":32},"end":{"line":24,"column":3}},"line":17},"2":{"name":"(anonymous_2)","decl":{"start":{"line":26,"column":10},"end":{"line":26,"column":11}},"loc":{"start":{"line":26,"column":22},"end":{"line":37,"column":3}},"line":26},"3":{"name":"(anonymous_3)","decl":{"start":{"line":39,"column":14},"end":{"line":39,"column":15}},"loc":{"start":{"line":39,"column":26},"end":{"line":46,"column":3}},"line":39}},"branchMap":{"0":{"loc":{"start":{"line":8,"column":6},"end":{"line":10,"column":7}},"type":"if","locations":[{"start":{"line":8,"column":6},"end":{"line":10,"column":7}},{"start":{},"end":{}}],"line":8},"1":{"loc":{"start":{"line":13,"column":12},"end":{"line":13,"column":49}},"type":"binary-expr","locations":[{"start":{"line":13,"column":12},"end":{"line":13,"column":32}},{"start":{"line":13,"column":36},"end":{"line":13,"column":49}}],"line":13},"2":{"loc":{"start":{"line":22,"column":12},"end":{"line":22,"column":49}},"type":"binary-expr","locations":[{"start":{"line":22,"column":12},"end":{"line":22,"column":32}},{"start":{"line":22,"column":36},"end":{"line":22,"column":49}}],"line":22},"3":{"loc":{"start":{"line":44,"column":12},"end":{"line":44,"column":49}},"type":"binary-expr","locations":[{"start":{"line":44,"column":12},"end":{"line":44,"column":32}},{"start":{"line":44,"column":36},"end":{"line":44,"column":49}}],"line":44}},"s":{"0":1,"1":0,"2":0,"3":0,"4":0,"5":0,"6":0,"7":0,"8":0,"9":0,"10":0,"11":0,"12":0,"13":0,"14":0,"15":0,"16":0,"17":0,"18":0,"19":0,"20":0},"f":{"0":0,"1":0,"2":0,"3":0},"b":{"0":[0,0],"1":[0,0],"2":[0,0],"3":[0,0]},"_coverageSchema":"1a1c01bbd47fc00a2c39e90264f33305004495a9","hash":"dabcff616c0b32b60d6446b1d8d90f833b7e4e05"}
,"C:\\HTD\\Capstone Project\\LMS\\lms\\src\\utils\\api\\courseApi.js": {"path":"C:\\HTD\\Capstone Project\\LMS\\lms\\src\\utils\\api\\courseApi.js","statementMap":{"0":{"start":{"line":4,"column":25},"end":{"line":61,"column":1}},"1":{"start":{"line":7,"column":25},"end":{"line":7,"column":79}},"2":{"start":{"line":8,"column":8},"end":{"line":8,"column":29}},"3":{"start":{"line":11,"column":25},"end":{"line":11,"column":89}},"4":{"start":{"line":12,"column":8},"end":{"line":12,"column":29}},"5":{"start":{"line":15,"column":25},"end":{"line":15,"column":80}},"6":{"start":{"line":16,"column":8},"end":{"line":16,"column":29}},"7":{"start":{"line":19,"column":8},"end":{"line":26,"column":9}},"8":{"start":{"line":20,"column":29},"end":{"line":20,"column":67}},"9":{"start":{"line":21,"column":12},"end":{"line":23,"column":13}},"10":{"start":{"line":22,"column":16},"end":{"line":22,"column":37}},"11":{"start":{"line":25,"column":12},"end":{"line":25,"column":56}},"12":{"start":{"line":30,"column":8},"end":{"line":37,"column":9}},"13":{"start":{"line":31,"column":29},"end":{"line":31,"column":78}},"14":{"start":{"line":32,"column":12},"end":{"line":34,"column":13}},"15":{"start":{"line":33,"column":16},"end":{"line":33,"column":37}},"16":{"start":{"line":36,"column":12},"end":{"line":36,"column":56}},"17":{"start":{"line":41,"column":8},"end":{"line":48,"column":9}},"18":{"start":{"line":42,"column":29},"end":{"line":42,"column":82}},"19":{"start":{"line":43,"column":12},"end":{"line":45,"column":13}},"20":{"start":{"line":44,"column":16},"end":{"line":44,"column":37}},"21":{"start":{"line":47,"column":12},"end":{"line":47,"column":56}},"22":{"start":{"line":52,"column":8},"end":{"line":59,"column":9}},"23":{"start":{"line":53,"column":29},"end":{"line":53,"column":105}},"24":{"start":{"line":54,"column":12},"end":{"line":56,"column":13}},"25":{"start":{"line":55,"column":16},"end":{"line":55,"column":37}},"26":{"start":{"line":58,"column":12},"end":{"line":58,"column":56}}},"fnMap":{"0":{"name":"(anonymous_0)","decl":{"start":{"line":6,"column":18},"end":{"line":6,"column":19}},"loc":{"start":{"line":6,"column":40},"end":{"line":9,"column":5}},"line":6},"1":{"name":"(anonymous_1)","decl":{"start":{"line":10,"column":18},"end":{"line":10,"column":19}},"loc":{"start":{"line":10,"column":44},"end":{"line":13,"column":5}},"line":10},"2":{"name":"(anonymous_2)","decl":{"start":{"line":14,"column":18},"end":{"line":14,"column":19}},"loc":{"start":{"line":14,"column":32},"end":{"line":17,"column":5}},"line":14},"3":{"name":"(anonymous_3)","decl":{"start":{"line":18,"column":16},"end":{"line":18,"column":17}},"loc":{"start":{"line":18,"column":28},"end":{"line":27,"column":5}},"line":18},"4":{"name":"(anonymous_4)","decl":{"start":{"line":29,"column":19},"end":{"line":29,"column":20}},"loc":{"start":{"line":29,"column":33},"end":{"line":38,"column":5}},"line":29},"5":{"name":"(anonymous_5)","decl":{"start":{"line":40,"column":20},"end":{"line":40,"column":21}},"loc":{"start":{"line":40,"column":39},"end":{"line":49,"column":5}},"line":40},"6":{"name":"(anonymous_6)","decl":{"start":{"line":51,"column":23},"end":{"line":51,"column":24}},"loc":{"start":{"line":51,"column":37},"end":{"line":60,"column":5}},"line":51}},"branchMap":{"0":{"loc":{"start":{"line":21,"column":12},"end":{"line":23,"column":13}},"type":"if","locations":[{"start":{"line":21,"column":12},"end":{"line":23,"column":13}},{"start":{},"end":{}}],"line":21},"1":{"loc":{"start":{"line":25,"column":18},"end":{"line":25,"column":55}},"type":"binary-expr","locations":[{"start":{"line":25,"column":18},"end":{"line":25,"column":38}},{"start":{"line":25,"column":42},"end":{"line":25,"column":55}}],"line":25},"2":{"loc":{"start":{"line":32,"column":12},"end":{"line":34,"column":13}},"type":"if","locations":[{"start":{"line":32,"column":12},"end":{"line":34,"column":13}},{"start":{},"end":{}}],"line":32},"3":{"loc":{"start":{"line":36,"column":18},"end":{"line":36,"column":55}},"type":"binary-expr","locations":[{"start":{"line":36,"column":18},"end":{"line":36,"column":38}},{"start":{"line":36,"column":42},"end":{"line":36,"column":55}}],"line":36},"4":{"loc":{"start":{"line":43,"column":12},"end":{"line":45,"column":13}},"type":"if","locations":[{"start":{"line":43,"column":12},"end":{"line":45,"column":13}},{"start":{},"end":{}}],"line":43},"5":{"loc":{"start":{"line":47,"column":18},"end":{"line":47,"column":55}},"type":"binary-expr","locations":[{"start":{"line":47,"column":18},"end":{"line":47,"column":38}},{"start":{"line":47,"column":42},"end":{"line":47,"column":55}}],"line":47},"6":{"loc":{"start":{"line":54,"column":12},"end":{"line":56,"column":13}},"type":"if","locations":[{"start":{"line":54,"column":12},"end":{"line":56,"column":13}},{"start":{},"end":{}}],"line":54},"7":{"loc":{"start":{"line":58,"column":18},"end":{"line":58,"column":55}},"type":"binary-expr","locations":[{"start":{"line":58,"column":18},"end":{"line":58,"column":38}},{"start":{"line":58,"column":42},"end":{"line":58,"column":55}}],"line":58}},"s":{"0":1,"1":0,"2":0,"3":0,"4":0,"5":0,"6":0,"7":0,"8":0,"9":0,"10":0,"11":0,"12":0,"13":0,"14":0,"15":0,"16":0,"17":0,"18":0,"19":0,"20":0,"21":0,"22":0,"23":0,"24":0,"25":0,"26":0},"f":{"0":0,"1":0,"2":0,"3":0,"4":0,"5":0,"6":0},"b":{"0":[0,0],"1":[0,0],"2":[0,0],"3":[0,0],"4":[0,0],"5":[0,0],"6":[0,0],"7":[0,0]},"_coverageSchema":"1a1c01bbd47fc00a2c39e90264f33305004495a9","hash":"1c5f14b2e96efdb960346b45cfc39e00f5522f9c"}
,"C:\\HTD\\Capstone Project\\LMS\\lms\\src\\utils\\common\\helper.js": {"path":"C:\\HTD\\Capstone Project\\LMS\\lms\\src\\utils\\common\\helper.js","statementMap":{"0":{"start":{"line":2,"column":2},"end":{"line":2,"column":22}},"1":{"start":{"line":2,"column":12},"end":{"line":2,"column":22}},"2":{"start":{"line":5,"column":4},"end":{"line":5,"column":66}},"3":{"start":{"line":7,"column":16},"end":{"line":7,"column":33}},"4":{"start":{"line":9,"column":2},"end":{"line":9,"column":58}}},"fnMap":{"0":{"name":"getYoutubeVideoId","decl":{"start":{"line":1,"column":16},"end":{"line":1,"column":33}},"loc":{"start":{"line":1,"column":39},"end":{"line":10,"column":1}},"line":1}},"branchMap":{"0":{"loc":{"start":{"line":2,"column":2},"end":{"line":2,"column":22}},"type":"if","locations":[{"start":{"line":2,"column":2},"end":{"line":2,"column":22}},{"start":{},"end":{}}],"line":2},"1":{"loc":{"start":{"line":9,"column":9},"end":{"line":9,"column":57}},"type":"cond-expr","locations":[{"start":{"line":9,"column":44},"end":{"line":9,"column":52}},{"start":{"line":9,"column":55},"end":{"line":9,"column":57}}],"line":9},"2":{"loc":{"start":{"line":9,"column":9},"end":{"line":9,"column":41}},"type":"binary-expr","locations":[{"start":{"line":9,"column":9},"end":{"line":9,"column":14}},{"start":{"line":9,"column":18},"end":{"line":9,"column":41}}],"line":9}},"s":{"0":0,"1":0,"2":0,"3":0,"4":0},"f":{"0":0},"b":{"0":[0,0],"1":[0,0],"2":[0,0]},"_coverageSchema":"1a1c01bbd47fc00a2c39e90264f33305004495a9","hash":"43fb0515df05579af6a23bf26d6c5ef6e7752041"}
}
