TN:
SF:src\App.jsx
FN:8,(anonymous_0)
FN:9,(anonymous_1)
FN:10,(anonymous_2)
FN:11,(anonymous_3)
FN:12,(anonymous_4)
FN:13,(anonymous_5)
FN:14,(anonymous_6)
FN:18,(anonymous_7)
FN:33,(anonymous_8)
FN:46,(anonymous_9)
FN:56,App
FNF:11
FNH:10
FNDA:1,(anonymous_0)
FNDA:1,(anonymous_1)
FNDA:1,(anonymous_2)
FNDA:0,(anonymous_3)
FNDA:1,(anonymous_4)
FNDA:1,(anonymous_5)
FNDA:1,(anonymous_6)
FNDA:6,(anonymous_7)
FNDA:12,(anonymous_8)
FNDA:8,(anonymous_9)
FNDA:9,App
DA:8,1
DA:9,1
DA:10,1
DA:11,1
DA:12,1
DA:13,1
DA:14,1
DA:18,1
DA:19,6
DA:33,1
DA:34,12
DA:36,12
DA:38,11
DA:39,1
DA:42,10
DA:46,1
DA:47,8
DA:49,8
DA:50,1
DA:53,7
DA:57,9
LF:21
LH:21
BRDA:36,0,0,1
BRDA:36,0,1,11
BRDA:38,1,0,1
BRDA:38,1,1,10
BRDA:42,2,0,10
BRDA:42,2,1,10
BRDA:49,3,0,1
BRDA:49,3,1,7
BRDA:53,4,0,7
BRDA:53,4,1,7
BRF:10
BRH:10
end_of_record
TN:
SF:src\components\formInput.jsx
FN:2,(anonymous_0)
FNF:1
FNH:1
FNDA:26,(anonymous_0)
DA:2,2
DA:13,26
LF:2
LH:2
BRDA:8,0,0,0
BRDA:9,1,0,0
BRDA:11,2,0,20
BRDA:15,3,0,25
BRDA:15,3,1,1
BRDA:22,4,0,5
BRDA:22,4,1,21
BRDA:28,5,0,26
BRDA:28,5,1,5
BRF:9
BRH:7
end_of_record
TN:
SF:src\components\common\adminRoute.jsx
FN:4,(anonymous_0)
FNF:1
FNH:1
FNDA:3,(anonymous_0)
DA:4,1
DA:5,3
DA:7,3
DA:9,2
DA:12,1
LF:5
LH:5
BRDA:7,0,0,2
BRDA:7,0,1,1
BRDA:7,1,0,3
BRDA:7,1,1,2
BRF:4
BRH:4
end_of_record
TN:
SF:src\components\course\courseCard.jsx
FN:5,(anonymous_0)
FN:19,(anonymous_1)
FNF:2
FNH:2
FNDA:4,(anonymous_0)
FNDA:2,(anonymous_1)
DA:5,1
DA:17,4
DA:19,4
DA:20,2
DA:21,2
DA:22,1
DA:24,1
DA:27,4
LF:8
LH:8
BRDA:21,0,0,1
BRDA:21,0,1,1
BRDA:30,1,0,1
BRDA:30,1,1,3
BRDA:35,2,0,4
BRDA:35,2,1,1
BRDA:41,3,0,4
BRDA:41,3,1,1
BRDA:45,4,0,4
BRDA:45,4,1,3
BRDA:45,4,2,2
BRDA:53,5,0,4
BRDA:53,5,1,2
BRDA:56,6,0,4
BRDA:56,6,1,1
BRDA:62,7,0,1
BRDA:62,7,1,3
BRDA:62,8,0,4
BRDA:62,8,1,3
BRF:19
BRH:19
end_of_record
TN:
SF:src\components\layout\navbar.jsx
FN:4,(anonymous_0)
FNF:1
FNH:1
FNDA:2,(anonymous_0)
DA:4,1
DA:6,2
LF:2
LH:2
BRF:0
BRH:0
end_of_record
TN:
SF:src\components\layout\sidebar.jsx
FN:14,(anonymous_0)
FN:27,(anonymous_1)
FN:63,(anonymous_2)
FNF:3
FNH:3
FNDA:7,(anonymous_0)
FNDA:1,(anonymous_1)
FNDA:16,(anonymous_2)
DA:14,1
DA:15,7
DA:16,7
DA:18,7
DA:27,7
DA:28,1
DA:29,1
DA:33,7
DA:64,16
LF:9
LH:9
BRDA:21,0,0,2
BRDA:21,0,1,5
BRDA:28,1,0,1
BRDA:28,1,1,0
BRDA:35,2,0,7
BRDA:35,2,1,7
BRDA:37,3,0,7
BRDA:37,3,1,0
BRDA:45,4,0,7
BRDA:45,4,1,0
BRDA:45,5,0,7
BRDA:45,5,1,0
BRDA:46,6,0,0
BRDA:46,6,1,7
BRDA:50,7,0,7
BRDA:50,7,1,7
BRDA:54,8,0,0
BRDA:54,8,1,7
BRDA:55,9,0,0
BRDA:55,9,1,7
BRDA:57,10,0,0
BRDA:57,10,1,7
BRDA:67,11,0,7
BRDA:67,11,1,9
BRDA:70,12,0,0
BRDA:70,12,1,16
BRDA:90,13,0,0
BRDA:90,13,1,7
BRDA:93,14,0,7
BRDA:93,14,1,7
BRF:30
BRH:20
end_of_record
TN:
SF:src\contexts\index.js
FNF:0
FNH:0
LF:0
LH:0
BRF:0
BRH:0
end_of_record
TN:
SF:src\contexts\auth\AuthContext.jsx
FN:6,(anonymous_0)
FN:12,(anonymous_1)
FN:29,(anonymous_2)
FN:50,(anonymous_3)
FN:56,(anonymous_4)
FN:71,(anonymous_5)
FN:90,(anonymous_6)
FNF:7
FNH:7
FNDA:23,(anonymous_0)
FNDA:7,(anonymous_1)
FNDA:2,(anonymous_2)
FNDA:1,(anonymous_3)
FNDA:2,(anonymous_4)
FNDA:23,(anonymous_5)
FNDA:26,(anonymous_6)
DA:4,3
DA:6,3
DA:7,23
DA:8,23
DA:9,23
DA:12,23
DA:13,7
DA:14,7
DA:15,7
DA:17,7
DA:18,3
DA:21,1
DA:22,1
DA:23,1
DA:25,7
DA:29,23
DA:30,2
DA:31,2
DA:33,2
DA:35,2
DA:37,1
DA:38,1
DA:40,1
DA:41,1
DA:43,1
DA:44,1
DA:46,2
DA:50,23
DA:51,1
DA:52,1
DA:53,1
DA:56,23
DA:57,2
DA:58,2
DA:60,2
DA:61,2
DA:63,1
DA:64,1
DA:66,2
DA:70,23
DA:71,23
DA:83,23
DA:90,3
DA:91,26
DA:92,25
DA:93,2
DA:95,23
LF:47
LH:47
BRDA:17,0,0,3
BRDA:17,0,1,4
BRDA:17,1,0,7
BRDA:17,1,1,3
BRDA:43,2,0,1
BRDA:43,2,1,0
BRDA:63,3,0,1
BRDA:63,3,1,0
BRDA:92,4,0,2
BRDA:92,4,1,23
BRF:10
BRH:8
end_of_record
TN:
SF:src\pages\layout.jsx
FN:7,(anonymous_0)
FN:13,(anonymous_1)
FN:14,(anonymous_2)
FN:24,(anonymous_3)
FN:27,(anonymous_4)
FN:31,(anonymous_5)
FN:37,(anonymous_6)
FN:44,(anonymous_7)
FNF:8
FNH:6
FNDA:2,(anonymous_0)
FNDA:1,(anonymous_1)
FNDA:0,(anonymous_2)
FNDA:1,(anonymous_3)
FNDA:1,(anonymous_4)
FNDA:0,(anonymous_5)
FNDA:1,(anonymous_6)
FNDA:1,(anonymous_7)
DA:7,1
DA:8,2
DA:9,2
DA:10,2
DA:13,2
DA:14,1
DA:15,0
DA:16,0
DA:18,0
DA:19,0
DA:23,1
DA:24,1
DA:27,2
DA:28,1
DA:31,2
DA:32,0
DA:33,0
DA:37,2
DA:38,1
DA:39,0
DA:41,1
DA:44,1
DA:45,1
DA:49,2
LF:24
LH:17
BRDA:18,0,0,0
BRDA:18,0,1,0
BRDA:32,1,0,0
BRDA:32,1,1,0
BRDA:38,2,0,0
BRDA:38,2,1,1
BRDA:60,3,0,0
BRDA:60,3,1,2
BRF:8
BRH:2
end_of_record
TN:
SF:src\pages\adminSettings\index.jsx
FN:11,(anonymous_0)
FN:16,(anonymous_1)
FN:24,(anonymous_2)
FNF:3
FNH:3
FNDA:5,(anonymous_0)
FNDA:2,(anonymous_1)
FNDA:1,(anonymous_2)
DA:9,1
DA:11,1
DA:12,5
DA:13,5
DA:14,5
DA:16,5
DA:17,2
DA:18,2
DA:19,2
DA:20,2
DA:24,5
DA:25,1
DA:26,1
DA:29,5
LF:14
LH:14
BRDA:19,0,0,2
BRDA:19,0,1,0
BRDA:19,1,0,2
BRDA:19,1,1,2
BRF:4
BRH:3
end_of_record
TN:
SF:src\pages\adminSettings\childs\addCourse.jsx
FN:6,(anonymous_0)
FN:10,(anonymous_1)
FNF:2
FNH:2
FNDA:6,(anonymous_0)
FNDA:2,(anonymous_1)
DA:6,1
DA:7,6
DA:8,6
DA:10,6
DA:11,2
DA:12,2
DA:13,2
DA:14,2
DA:15,1
DA:17,1
DA:19,1
DA:20,1
DA:22,2
DA:26,6
LF:14
LH:14
BRF:0
BRH:0
end_of_record
TN:
SF:src\pages\adminSettings\childs\courseAnalytics.jsx
FN:38,(anonymous_0)
FN:46,(anonymous_1)
FN:47,(anonymous_2)
FN:62,(anonymous_3)
FN:63,(anonymous_4)
FN:71,(anonymous_5)
FN:71,(anonymous_6)
FN:75,(anonymous_7)
FN:76,(anonymous_8)
FN:82,(anonymous_9)
FN:92,(anonymous_10)
FN:100,(anonymous_11)
FN:156,(anonymous_12)
FN:160,(anonymous_13)
FN:161,(anonymous_14)
FN:162,(anonymous_15)
FNF:16
FNH:16
FNDA:40,(anonymous_0)
FNDA:8,(anonymous_1)
FNDA:8,(anonymous_2)
FNDA:15,(anonymous_3)
FNDA:14,(anonymous_4)
FNDA:27,(anonymous_5)
FNDA:75,(anonymous_6)
FNDA:28,(anonymous_7)
FNDA:32,(anonymous_8)
FNDA:12,(anonymous_9)
FNDA:4,(anonymous_10)
FNDA:2,(anonymous_11)
FNDA:35,(anonymous_12)
FNDA:1,(anonymous_13)
FNDA:1,(anonymous_14)
FNDA:1,(anonymous_15)
DA:28,1
DA:29,1
DA:31,1
DA:38,1
DA:39,40
DA:40,40
DA:41,40
DA:42,40
DA:43,40
DA:44,40
DA:46,40
DA:47,8
DA:48,8
DA:49,8
DA:50,8
DA:51,7
DA:53,1
DA:55,8
DA:58,8
DA:61,40
DA:63,15
DA:70,40
DA:71,75
DA:75,40
DA:76,32
DA:82,40
DA:83,12
DA:84,1
DA:85,1
DA:88,11
DA:92,40
DA:93,4
DA:94,1
DA:95,1
DA:97,3
DA:100,40
DA:101,2
DA:102,2
DA:103,2
DA:108,1
DA:109,1
DA:110,1
DA:112,1
DA:113,1
DA:114,1
DA:116,1
DA:117,1
DA:120,0
DA:125,40
DA:157,35
DA:161,1
DA:162,1
LF:52
LH:51
BRDA:51,0,0,7
BRDA:51,0,1,0
BRDA:78,1,0,32
BRDA:78,1,1,28
BRDA:83,2,0,1
BRDA:83,2,1,11
BRDA:93,3,0,1
BRDA:93,3,1,3
BRDA:101,4,0,2
BRDA:101,4,1,0
BRDA:187,5,0,3
BRDA:187,5,1,37
BRDA:187,6,0,40
BRDA:187,6,1,3
BRF:14
BRH:12
end_of_record
TN:
SF:src\pages\adminSettings\childs\manageCourses.jsx
FN:11,(anonymous_0)
FN:17,(anonymous_1)
FN:21,(anonymous_2)
FN:24,(anonymous_3)
FN:36,(anonymous_4)
FN:40,(anonymous_5)
FN:44,(anonymous_6)
FN:49,(anonymous_7)
FN:52,(anonymous_8)
FN:60,(anonymous_9)
FN:71,(anonymous_10)
FN:98,(anonymous_11)
FN:104,(anonymous_12)
FN:110,(anonymous_13)
FN:124,(anonymous_14)
FN:136,(anonymous_15)
FN:151,(anonymous_16)
FN:158,(anonymous_17)
FN:187,(anonymous_18)
FN:199,(anonymous_19)
FNF:20
FNH:17
FNDA:15,(anonymous_0)
FNDA:3,(anonymous_1)
FNDA:4,(anonymous_2)
FNDA:4,(anonymous_3)
FNDA:3,(anonymous_4)
FNDA:5,(anonymous_5)
FNDA:0,(anonymous_6)
FNDA:1,(anonymous_7)
FNDA:1,(anonymous_8)
FNDA:14,(anonymous_9)
FNDA:9,(anonymous_10)
FNDA:9,(anonymous_11)
FNDA:9,(anonymous_12)
FNDA:9,(anonymous_13)
FNDA:9,(anonymous_14)
FNDA:9,(anonymous_15)
FNDA:0,(anonymous_16)
FNDA:1,(anonymous_17)
FNDA:5,(anonymous_18)
FNDA:0,(anonymous_19)
DA:8,1
DA:9,1
DA:11,1
DA:12,15
DA:13,15
DA:14,15
DA:15,15
DA:16,15
DA:17,15
DA:18,3
DA:19,3
DA:20,3
DA:21,4
DA:24,4
DA:27,3
DA:29,0
DA:30,0
DA:32,3
DA:36,15
DA:37,3
DA:40,15
DA:41,5
DA:44,15
DA:45,0
DA:46,0
DA:49,15
DA:50,1
DA:51,1
DA:52,1
DA:53,1
DA:55,0
DA:56,0
DA:60,15
DA:61,14
DA:66,15
DA:72,9
DA:98,9
DA:104,9
DA:111,9
DA:125,9
DA:137,9
DA:151,0
DA:158,1
DA:176,15
DA:187,5
DA:199,0
LF:46
LH:38
BRDA:24,0,0,4
BRDA:24,0,1,3
BRDA:61,1,0,14
BRDA:61,1,1,5
BRDA:61,1,2,5
BRDA:113,2,0,9
BRDA:113,2,1,1
BRF:7
BRH:7
end_of_record
TN:
SF:src\pages\courseDetail\index.jsx
FN:13,(anonymous_0)
FN:25,(anonymous_1)
FN:31,(anonymous_2)
FN:40,(anonymous_3)
FN:42,(anonymous_4)
FN:49,(anonymous_5)
FN:50,(anonymous_6)
FN:65,(anonymous_7)
FN:81,(anonymous_8)
FN:88,(anonymous_9)
FN:102,(anonymous_10)
FN:142,(anonymous_11)
FN:156,(anonymous_12)
FN:162,(anonymous_13)
FN:168,(anonymous_14)
FN:179,(anonymous_15)
FN:189,(anonymous_16)
FN:193,(anonymous_17)
FN:213,(anonymous_18)
FN:220,(anonymous_19)
FN:226,(anonymous_20)
FN:261,(anonymous_21)
FNF:22
FNH:16
FNDA:17,(anonymous_0)
FNDA:7,(anonymous_1)
FNDA:0,(anonymous_2)
FNDA:2,(anonymous_3)
FNDA:0,(anonymous_4)
FNDA:7,(anonymous_5)
FNDA:7,(anonymous_6)
FNDA:0,(anonymous_7)
FNDA:2,(anonymous_8)
FNDA:1,(anonymous_9)
FNDA:0,(anonymous_10)
FNDA:1,(anonymous_11)
FNDA:0,(anonymous_12)
FNDA:1,(anonymous_13)
FNDA:1,(anonymous_14)
FNDA:14,(anonymous_15)
FNDA:7,(anonymous_16)
FNDA:7,(anonymous_17)
FNDA:1,(anonymous_18)
FNDA:1,(anonymous_19)
FNDA:0,(anonymous_20)
FNDA:5,(anonymous_21)
DA:9,1
DA:13,1
DA:14,17
DA:15,17
DA:16,17
DA:17,17
DA:18,17
DA:19,17
DA:20,17
DA:21,17
DA:22,17
DA:23,17
DA:25,17
DA:26,7
DA:27,7
DA:28,0
DA:30,7
DA:31,0
DA:32,0
DA:33,0
DA:34,0
DA:40,17
DA:41,2
DA:42,2
DA:43,0
DA:44,0
DA:45,0
DA:49,17
DA:50,7
DA:51,7
DA:52,7
DA:54,7
DA:55,6
DA:58,6
DA:59,6
DA:60,6
DA:61,6
DA:64,6
DA:65,0
DA:66,0
DA:68,0
DA:70,7
DA:71,7
DA:75,7
DA:76,7
DA:81,17
DA:82,2
DA:83,2
DA:84,2
DA:85,2
DA:86,1
DA:87,1
DA:88,1
DA:94,17
DA:95,7
DA:98,10
DA:99,1
DA:102,9
DA:103,0
DA:104,0
DA:105,0
DA:106,0
DA:111,9
DA:142,1
DA:156,0
DA:162,1
DA:168,1
DA:180,14
DA:190,7
DA:194,7
DA:214,1
DA:221,1
DA:227,0
DA:228,0
DA:229,0
DA:262,5
LF:76
LH:57
BRDA:21,0,0,17
BRDA:21,0,1,0
BRDA:27,1,0,0
BRDA:27,1,1,7
BRDA:27,2,0,7
BRDA:27,2,1,7
BRDA:30,3,0,0
BRDA:30,3,1,7
BRDA:58,4,0,6
BRDA:58,4,1,6
BRDA:60,5,0,6
BRDA:60,5,1,0
BRDA:75,6,0,7
BRDA:75,6,1,0
BRDA:85,7,0,1
BRDA:85,7,1,1
BRDA:87,8,0,1
BRDA:87,8,1,0
BRDA:94,9,0,7
BRDA:94,9,1,10
BRDA:98,10,0,1
BRDA:98,10,1,9
BRDA:103,11,0,0
BRDA:103,11,1,0
BRDA:105,12,0,0
BRDA:105,12,1,0
BRDA:155,13,0,7
BRDA:155,13,1,2
BRDA:161,14,0,1
BRDA:161,14,1,8
BRDA:167,15,0,1
BRDA:167,15,1,8
BRDA:175,16,0,9
BRDA:175,16,1,7
BRDA:201,17,0,7
BRDA:201,17,1,7
BRDA:211,18,0,9
BRDA:211,18,1,1
BRDA:227,19,0,0
BRDA:227,19,1,0
BRDA:232,20,0,1
BRDA:232,20,1,0
BRDA:237,21,0,1
BRDA:237,21,1,1
BRDA:244,22,0,1
BRDA:244,22,1,0
BRDA:255,23,0,9
BRDA:255,23,1,1
BRDA:264,24,0,4
BRDA:264,24,1,1
BRDA:291,25,0,9
BRDA:291,25,1,9
BRDA:300,26,0,2
BRDA:300,26,1,7
BRDA:304,27,0,2
BRDA:304,27,1,7
BRF:56
BRH:42
end_of_record
TN:
SF:src\pages\dashboard\index.jsx
FN:8,(anonymous_0)
FN:54,(anonymous_1)
FN:54,(anonymous_2)
FN:69,(anonymous_3)
FN:69,(anonymous_4)
FN:84,(anonymous_5)
FN:84,(anonymous_6)
FN:100,(anonymous_7)
FN:100,(anonymous_8)
FN:130,(anonymous_9)
FNF:10
FNH:10
FNDA:2,(anonymous_0)
FNDA:1,(anonymous_1)
FNDA:1,(anonymous_2)
FNDA:1,(anonymous_3)
FNDA:1,(anonymous_4)
FNDA:1,(anonymous_5)
FNDA:1,(anonymous_6)
FNDA:1,(anonymous_7)
FNDA:1,(anonymous_8)
FNDA:1,(anonymous_9)
DA:8,1
DA:17,2
DA:19,2
DA:54,1
DA:69,1
DA:84,1
DA:100,1
DA:131,1
LF:8
LH:8
BRDA:129,0,0,1
BRDA:129,0,1,1
BRDA:129,1,0,2
BRDA:129,1,1,2
BRF:4
BRH:4
end_of_record
TN:
SF:src\pages\dashboard\useDashboardCourses.jsx
FN:11,(anonymous_0)
FN:19,(anonymous_1)
FN:20,(anonymous_2)
FN:29,(anonymous_3)
FN:31,(anonymous_4)
FN:34,(anonymous_5)
FN:38,(anonymous_6)
FN:41,(anonymous_7)
FN:45,(anonymous_8)
FN:49,(anonymous_9)
FN:60,(anonymous_10)
FN:71,(anonymous_11)
FN:83,(anonymous_12)
FN:94,(anonymous_13)
FN:97,(anonymous_14)
FN:111,(anonymous_15)
FNF:16
FNH:16
FNDA:52,(anonymous_0)
FNDA:10,(anonymous_1)
FNDA:10,(anonymous_2)
FNDA:11,(anonymous_3)
FNDA:10,(anonymous_4)
FNDA:11,(anonymous_5)
FNDA:21,(anonymous_6)
FNDA:3,(anonymous_7)
FNDA:2,(anonymous_8)
FNDA:22,(anonymous_9)
FNDA:19,(anonymous_10)
FNDA:18,(anonymous_11)
FNDA:17,(anonymous_12)
FNDA:22,(anonymous_13)
FNDA:23,(anonymous_14)
FNDA:1,(anonymous_15)
DA:4,1
DA:11,1
DA:12,52
DA:13,52
DA:14,52
DA:15,52
DA:16,52
DA:19,52
DA:20,10
DA:21,10
DA:22,10
DA:23,10
DA:25,10
DA:29,52
DA:30,11
DA:31,10
DA:34,11
DA:38,52
DA:39,21
DA:40,1
DA:42,3
DA:45,2
DA:49,52
DA:50,22
DA:51,22
DA:52,5
DA:53,0
DA:54,0
DA:55,2
DA:56,15
DA:60,52
DA:61,19
DA:62,19
DA:63,1
DA:64,0
DA:65,0
DA:66,2
DA:67,16
DA:71,52
DA:72,18
DA:73,18
DA:74,1
DA:75,0
DA:76,0
DA:77,0
DA:78,2
DA:79,15
DA:83,52
DA:84,17
DA:85,17
DA:86,3
DA:87,0
DA:88,0
DA:89,14
DA:94,52
DA:95,22
DA:97,22
DA:98,23
DA:100,22
DA:108,22
DA:111,52
DA:113,52
LF:62
LH:53
BRDA:22,0,0,10
BRDA:22,0,1,0
BRDA:23,1,0,10
BRDA:23,1,1,0
BRDA:39,2,0,20
BRDA:39,2,1,1
BRDA:50,3,0,22
BRDA:50,3,1,12
BRDA:51,4,0,5
BRDA:51,4,1,0
BRDA:51,4,2,0
BRDA:51,4,3,2
BRDA:51,4,4,15
BRDA:53,5,0,0
BRDA:53,5,1,0
BRDA:54,6,0,0
BRDA:54,6,1,0
BRDA:61,7,0,19
BRDA:61,7,1,14
BRDA:62,8,0,1
BRDA:62,8,1,0
BRDA:62,8,2,0
BRDA:62,8,3,2
BRDA:62,8,4,16
BRDA:64,9,0,0
BRDA:64,9,1,0
BRDA:65,10,0,0
BRDA:65,10,1,0
BRDA:72,11,0,18
BRDA:72,11,1,15
BRDA:73,12,0,1
BRDA:73,12,1,0
BRDA:73,12,2,0
BRDA:73,12,3,0
BRDA:73,12,4,2
BRDA:73,12,5,15
BRDA:75,13,0,0
BRDA:75,13,1,0
BRDA:76,14,0,0
BRDA:76,14,1,0
BRDA:77,15,0,0
BRDA:77,15,1,0
BRDA:84,16,0,17
BRDA:84,16,1,12
BRDA:85,17,0,3
BRDA:85,17,1,0
BRDA:85,17,2,0
BRDA:85,17,3,14
BRDA:98,18,0,1
BRDA:98,18,1,22
BRDA:98,19,0,23
BRDA:98,19,1,3
BRDA:101,20,0,22
BRDA:101,20,1,19
BRDA:101,20,2,18
BRDA:101,20,3,17
BRF:56
BRH:31
end_of_record
TN:
SF:src\pages\myCourses\index.jsx
FN:9,(anonymous_0)
FN:14,(anonymous_1)
FN:26,(anonymous_2)
FN:32,(anonymous_3)
FN:68,(anonymous_4)
FNF:5
FNH:5
FNDA:13,(anonymous_0)
FNDA:7,(anonymous_1)
FNDA:8,(anonymous_2)
FNDA:3,(anonymous_3)
FNDA:3,(anonymous_4)
DA:9,1
DA:10,13
DA:11,13
DA:12,13
DA:14,13
DA:15,7
DA:16,7
DA:17,7
DA:18,5
DA:20,1
DA:22,6
DA:26,13
DA:27,8
DA:28,7
DA:32,13
DA:33,3
DA:38,13
DA:39,8
DA:47,5
DA:48,2
DA:61,3
DA:69,3
LF:22
LH:22
BRDA:18,0,0,5
BRDA:18,0,1,0
BRDA:27,1,0,7
BRDA:27,1,1,1
BRDA:33,2,0,2
BRDA:33,2,1,1
BRDA:38,3,0,8
BRDA:38,3,1,5
BRDA:47,4,0,2
BRDA:47,4,1,3
BRDA:68,5,0,0
BRDA:104,6,0,2
BRDA:104,6,1,1
BRF:13
BRH:11
end_of_record
TN:
SF:src\pages\signIn\index.jsx
FN:5,(anonymous_0)
FNF:1
FNH:1
FNDA:6,(anonymous_0)
DA:5,1
DA:12,6
DA:14,6
LF:3
LH:3
BRF:0
BRH:0
end_of_record
TN:
SF:src\pages\signIn\useSignIn.jsx
FN:8,(anonymous_0)
FN:20,(anonymous_1)
FN:23,(anonymous_2)
FN:28,(anonymous_3)
FN:34,(anonymous_4)
FN:54,(anonymous_5)
FNF:6
FNH:6
FNDA:24,(anonymous_0)
FNDA:12,(anonymous_1)
FNDA:12,(anonymous_2)
FNDA:12,(anonymous_3)
FNDA:6,(anonymous_4)
FNDA:6,(anonymous_5)
DA:6,2
DA:8,2
DA:9,24
DA:11,24
DA:16,24
DA:17,24
DA:18,24
DA:20,24
DA:21,12
DA:23,12
DA:28,12
DA:31,12
DA:34,24
DA:35,6
DA:37,6
DA:38,2
DA:39,4
DA:40,1
DA:43,6
DA:44,2
DA:45,4
DA:46,1
DA:49,6
DA:50,6
DA:53,24
DA:55,6
DA:56,6
DA:58,6
DA:60,3
DA:62,3
DA:63,3
DA:64,1
DA:65,1
DA:68,2
DA:69,2
DA:73,3
DA:79,24
LF:37
LH:37
BRDA:37,0,0,2
BRDA:37,0,1,4
BRDA:39,1,0,1
BRDA:39,1,1,3
BRDA:43,2,0,2
BRDA:43,2,1,4
BRDA:45,3,0,1
BRDA:45,3,1,3
BRDA:58,4,0,3
BRDA:58,4,1,3
BRDA:64,5,0,1
BRDA:64,5,1,0
BRDA:70,6,0,2
BRDA:70,6,1,1
BRF:14
BRH:13
end_of_record
TN:
SF:src\pages\signUp\index.jsx
FN:4,(anonymous_0)
FNF:1
FNH:1
FNDA:4,(anonymous_0)
DA:4,1
DA:11,4
DA:12,4
LF:3
LH:3
BRDA:89,0,0,1
BRDA:89,0,1,3
BRF:2
BRH:2
end_of_record
TN:
SF:src\pages\signUp\useSignUp.jsx
FN:6,(anonymous_0)
FN:20,(anonymous_1)
FN:23,(anonymous_2)
FN:30,(anonymous_3)
FN:37,(anonymous_4)
FN:78,(anonymous_5)
FNF:6
FNH:6
FNDA:17,(anonymous_0)
FNDA:13,(anonymous_1)
FNDA:13,(anonymous_2)
FNDA:1,(anonymous_3)
FNDA:4,(anonymous_4)
FNDA:4,(anonymous_5)
DA:6,1
DA:7,17
DA:9,17
DA:17,17
DA:18,17
DA:20,17
DA:21,13
DA:23,13
DA:29,13
DA:30,1
DA:37,17
DA:38,4
DA:41,4
DA:43,4
DA:44,3
DA:45,3
DA:48,4
DA:49,3
DA:50,3
DA:53,4
DA:54,2
DA:55,2
DA:56,2
DA:57,1
DA:58,1
DA:61,4
DA:62,1
DA:63,1
DA:64,3
DA:65,1
DA:66,1
DA:69,4
DA:70,1
DA:71,1
DA:74,4
DA:75,4
DA:78,17
DA:79,4
DA:81,4
DA:83,1
DA:85,1
DA:86,1
DA:88,1
DA:89,1
DA:90,1
DA:93,0
DA:97,1
DA:102,17
LF:48
LH:47
BRDA:29,0,0,1
BRDA:29,0,1,12
BRDA:43,1,0,3
BRDA:43,1,1,1
BRDA:48,2,0,3
BRDA:48,2,1,1
BRDA:53,3,0,2
BRDA:53,3,1,2
BRDA:56,4,0,1
BRDA:56,4,1,1
BRDA:61,5,0,1
BRDA:61,5,1,3
BRDA:64,6,0,1
BRDA:64,6,1,2
BRDA:69,7,0,1
BRDA:69,7,1,3
BRDA:81,8,0,3
BRDA:81,8,1,1
BRDA:88,9,0,1
BRDA:88,9,1,0
BRF:20
BRH:19
end_of_record
TN:
SF:src\utils\api\apiClient.js
FN:6,(anonymous_0)
FN:21,(anonymous_1)
FN:28,(anonymous_2)
FN:35,(anonymous_3)
FN:36,(anonymous_4)
FNF:5
FNH:4
FNDA:1,(anonymous_0)
FNDA:2,(anonymous_1)
FNDA:0,(anonymous_2)
FNDA:1,(anonymous_3)
FNDA:2,(anonymous_4)
DA:4,6
DA:6,6
DA:7,1
DA:8,0
DA:9,0
DA:12,6
DA:20,6
DA:22,2
DA:23,2
DA:24,1
DA:26,2
DA:29,0
DA:34,6
DA:35,1
DA:37,2
DA:39,1
DA:40,1
DA:42,2
LF:18
LH:15
BRDA:7,0,0,1
BRDA:7,0,1,0
BRDA:7,1,0,1
BRDA:7,1,1,1
BRDA:8,2,0,0
BRDA:8,2,1,0
BRDA:23,3,0,1
BRDA:23,3,1,1
BRDA:37,4,0,1
BRDA:37,4,1,1
BRF:10
BRH:7
end_of_record
TN:
SF:src\utils\api\apiEndpoints.js
FNF:0
FNH:0
DA:1,5
DA:3,5
DA:12,5
DA:18,5
LF:4
LH:4
BRF:0
BRH:0
end_of_record
TN:
SF:src\utils\api\authAPI.js
FN:5,(anonymous_0)
FN:17,(anonymous_1)
FN:26,(anonymous_2)
FN:39,(anonymous_3)
FNF:4
FNH:4
FNDA:4,(anonymous_0)
FNDA:2,(anonymous_1)
FNDA:2,(anonymous_2)
FNDA:3,(anonymous_3)
DA:4,4
DA:6,4
DA:7,4
DA:8,2
DA:9,1
DA:11,2
DA:13,2
DA:18,2
DA:19,2
DA:20,1
DA:22,1
DA:27,2
DA:28,2
DA:29,1
DA:31,1
DA:32,1
DA:35,2
DA:40,3
DA:41,3
DA:42,1
DA:44,2
LF:21
LH:21
BRDA:8,0,0,1
BRDA:8,0,1,1
BRDA:13,1,0,2
BRDA:13,1,1,1
BRDA:22,2,0,1
BRDA:22,2,1,0
BRDA:44,3,0,2
BRDA:44,3,1,1
BRF:8
BRH:7
end_of_record
TN:
SF:src\utils\api\courseApi.js
FN:5,(anonymous_0)
FN:9,(anonymous_1)
FN:13,(anonymous_2)
FN:24,(anonymous_3)
FN:28,(anonymous_4)
FN:38,(anonymous_5)
FN:48,(anonymous_6)
FN:58,(anonymous_7)
FNF:8
FNH:8
FNDA:1,(anonymous_0)
FNDA:1,(anonymous_1)
FNDA:2,(anonymous_2)
FNDA:1,(anonymous_3)
FNDA:2,(anonymous_4)
FNDA:2,(anonymous_5)
FNDA:2,(anonymous_6)
FNDA:2,(anonymous_7)
DA:4,1
DA:6,1
DA:7,1
DA:10,1
DA:11,1
DA:14,2
DA:15,2
DA:19,1
DA:21,1
DA:25,1
DA:26,1
DA:29,2
DA:30,2
DA:31,1
DA:32,1
DA:35,1
DA:39,2
DA:40,2
DA:41,1
DA:42,1
DA:45,1
DA:49,2
DA:50,2
DA:51,1
DA:52,1
DA:55,1
DA:59,2
DA:60,2
DA:61,1
DA:62,1
DA:65,1
LF:31
LH:31
BRDA:21,0,0,1
BRDA:21,0,1,0
BRDA:31,1,0,1
BRDA:31,1,1,0
BRDA:35,2,0,1
BRDA:35,2,1,0
BRDA:41,3,0,1
BRDA:41,3,1,0
BRDA:45,4,0,1
BRDA:45,4,1,1
BRDA:51,5,0,1
BRDA:51,5,1,0
BRDA:55,6,0,1
BRDA:55,6,1,0
BRDA:61,7,0,1
BRDA:61,7,1,0
BRDA:65,8,0,1
BRDA:65,8,1,1
BRF:18
BRH:11
end_of_record
TN:
SF:src\utils\common\helper.js
FN:1,getYoutubeVideoId
FNF:1
FNH:1
FNDA:9,getYoutubeVideoId
DA:2,9
DA:5,6
DA:7,6
DA:9,6
LF:4
LH:4
BRDA:2,0,0,3
BRDA:2,0,1,6
BRDA:9,1,0,4
BRDA:9,1,1,2
BRDA:9,2,0,6
BRDA:9,2,1,5
BRF:6
BRH:6
end_of_record
