TN:
SF:src\App.jsx
FN:15,(anonymous_0)
FN:30,(anonymous_1)
FN:40,App
FNF:3
FNH:2
FNDA:0,(anonymous_0)
FNDA:1,(anonymous_1)
FNDA:1,App
DA:15,1
DA:16,0
DA:18,0
DA:19,0
DA:22,0
DA:23,0
DA:26,0
DA:30,1
DA:31,1
DA:33,1
DA:34,0
DA:37,1
DA:41,1
LF:13
LH:6
BRDA:18,0,0,0
BRDA:18,0,1,0
BRDA:22,1,0,0
BRDA:22,1,1,0
BRDA:26,2,0,0
BRDA:26,2,1,0
BRDA:33,3,0,0
BRDA:33,3,1,1
BRDA:37,4,0,1
BRDA:37,4,1,1
BRF:10
BRH:3
end_of_record
TN:
SF:src\components\formInput.jsx
FN:2,(anonymous_0)
FNF:1
FNH:1
FNDA:28,(anonymous_0)
DA:2,3
DA:13,28
LF:2
LH:2
BRDA:8,0,0,0
BRDA:9,1,0,0
BRDA:11,2,0,22
BRDA:15,3,0,27
BRDA:15,3,1,1
BRDA:22,4,0,5
BRDA:22,4,1,23
BRDA:28,5,0,28
BRDA:28,5,1,5
BRF:9
BRH:7
end_of_record
TN:
SF:src\components\common\adminRoute.jsx
FN:4,(anonymous_0)
FNF:1
FNH:0
FNDA:0,(anonymous_0)
DA:4,1
DA:5,0
DA:7,0
DA:9,0
DA:12,0
LF:5
LH:1
BRDA:7,0,0,0
BRDA:7,0,1,0
BRDA:7,1,0,0
BRDA:7,1,1,0
BRF:4
BRH:0
end_of_record
TN:
SF:src\components\course\courseCard.jsx
FN:5,(anonymous_0)
FN:19,(anonymous_1)
FNF:2
FNH:0
FNDA:0,(anonymous_0)
FNDA:0,(anonymous_1)
DA:5,1
DA:17,0
DA:19,0
DA:20,0
DA:21,0
DA:22,0
DA:24,0
DA:27,0
LF:8
LH:1
BRDA:21,0,0,0
BRDA:21,0,1,0
BRDA:30,1,0,0
BRDA:30,1,1,0
BRDA:35,2,0,0
BRDA:35,2,1,0
BRDA:41,3,0,0
BRDA:41,3,1,0
BRDA:45,4,0,0
BRDA:45,4,1,0
BRDA:45,4,2,0
BRDA:53,5,0,0
BRDA:53,5,1,0
BRDA:56,6,0,0
BRDA:56,6,1,0
BRDA:62,7,0,0
BRDA:62,7,1,0
BRDA:62,8,0,0
BRDA:62,8,1,0
BRF:19
BRH:0
end_of_record
TN:
SF:src\components\course\courseForm.jsx
FN:27,(anonymous_0)
FN:29,(anonymous_1)
FN:35,(anonymous_2)
FN:37,(anonymous_3)
FN:84,(anonymous_4)
FN:87,(anonymous_5)
FN:91,(anonymous_6)
FN:244,(anonymous_7)
FN:268,(anonymous_8)
FN:280,(anonymous_9)
FN:281,(anonymous_10)
FN:286,(anonymous_11)
FN:298,(anonymous_12)
FN:300,(anonymous_13)
FN:334,(anonymous_14)
FN:339,(anonymous_15)
FN:366,(anonymous_16)
FN:368,(anonymous_17)
FN:373,(anonymous_18)
FN:376,(anonymous_19)
FNF:20
FNH:0
FNDA:0,(anonymous_0)
FNDA:0,(anonymous_1)
FNDA:0,(anonymous_2)
FNDA:0,(anonymous_3)
FNDA:0,(anonymous_4)
FNDA:0,(anonymous_5)
FNDA:0,(anonymous_6)
FNDA:0,(anonymous_7)
FNDA:0,(anonymous_8)
FNDA:0,(anonymous_9)
FNDA:0,(anonymous_10)
FNDA:0,(anonymous_11)
FNDA:0,(anonymous_12)
FNDA:0,(anonymous_13)
FNDA:0,(anonymous_14)
FNDA:0,(anonymous_15)
FNDA:0,(anonymous_16)
FNDA:0,(anonymous_17)
FNDA:0,(anonymous_18)
FNDA:0,(anonymous_19)
DA:23,1
DA:24,1
DA:25,1
DA:27,1
DA:29,0
DA:30,0
DA:31,0
DA:35,0
DA:36,0
DA:37,0
DA:77,0
DA:80,0
DA:85,0
DA:87,0
DA:91,0
DA:100,0
DA:245,0
DA:269,0
DA:281,0
DA:282,0
DA:286,0
DA:299,0
DA:301,0
DA:334,0
DA:339,0
DA:367,0
DA:369,0
DA:373,0
DA:376,0
LF:29
LH:4
BRDA:27,0,0,0
BRDA:30,1,0,0
BRDA:30,1,1,0
BRDA:88,2,0,0
BRDA:88,2,1,0
BRDA:392,3,0,0
BRDA:392,3,1,0
BRF:7
BRH:0
end_of_record
TN:
SF:src\components\layout\navbar.jsx
FN:4,(anonymous_0)
FNF:1
FNH:0
FNDA:0,(anonymous_0)
DA:4,1
DA:5,0
DA:7,0
LF:3
LH:1
BRF:0
BRH:0
end_of_record
TN:
SF:src\components\layout\sidebar.jsx
FN:14,(anonymous_0)
FN:27,(anonymous_1)
FN:63,(anonymous_2)
FNF:3
FNH:0
FNDA:0,(anonymous_0)
FNDA:0,(anonymous_1)
FNDA:0,(anonymous_2)
DA:14,1
DA:15,0
DA:16,0
DA:18,0
DA:27,0
DA:28,0
DA:29,0
DA:33,0
DA:64,0
LF:9
LH:1
BRDA:21,0,0,0
BRDA:21,0,1,0
BRDA:28,1,0,0
BRDA:28,1,1,0
BRDA:35,2,0,0
BRDA:35,2,1,0
BRDA:37,3,0,0
BRDA:37,3,1,0
BRDA:45,4,0,0
BRDA:45,4,1,0
BRDA:45,5,0,0
BRDA:45,5,1,0
BRDA:46,6,0,0
BRDA:46,6,1,0
BRDA:50,7,0,0
BRDA:50,7,1,0
BRDA:54,8,0,0
BRDA:54,8,1,0
BRDA:55,9,0,0
BRDA:55,9,1,0
BRDA:57,10,0,0
BRDA:57,10,1,0
BRDA:67,11,0,0
BRDA:67,11,1,0
BRDA:70,12,0,0
BRDA:70,12,1,0
BRDA:90,13,0,0
BRDA:90,13,1,0
BRDA:93,14,0,0
BRDA:93,14,1,0
BRF:30
BRH:0
end_of_record
TN:
SF:src\contexts\index.js
FNF:0
FNH:0
LF:0
LH:0
BRF:0
BRH:0
end_of_record
TN:
SF:src\contexts\auth\AuthContext.jsx
FN:6,(anonymous_0)
FN:12,(anonymous_1)
FN:13,(anonymous_2)
FN:35,(anonymous_3)
FN:55,(anonymous_4)
FN:61,(anonymous_5)
FN:88,(anonymous_6)
FNF:7
FNH:4
FNDA:2,(anonymous_0)
FNDA:1,(anonymous_1)
FNDA:1,(anonymous_2)
FNDA:0,(anonymous_3)
FNDA:0,(anonymous_4)
FNDA:0,(anonymous_5)
FNDA:2,(anonymous_6)
DA:4,1
DA:6,1
DA:7,2
DA:8,2
DA:9,2
DA:12,2
DA:13,1
DA:14,1
DA:15,1
DA:16,1
DA:18,1
DA:19,0
DA:24,0
DA:25,0
DA:26,0
DA:28,1
DA:32,1
DA:35,2
DA:36,0
DA:37,0
DA:38,0
DA:39,0
DA:42,0
DA:43,0
DA:44,0
DA:45,0
DA:46,0
DA:48,0
DA:49,0
DA:51,0
DA:55,2
DA:56,0
DA:57,0
DA:58,0
DA:61,2
DA:62,0
DA:63,0
DA:64,0
DA:65,0
DA:66,0
DA:68,0
DA:69,0
DA:71,0
DA:75,2
DA:85,2
DA:88,1
DA:89,2
DA:90,2
DA:91,0
DA:93,2
LF:50
LH:22
BRDA:18,0,0,0
BRDA:18,0,1,1
BRDA:18,1,0,1
BRDA:18,1,1,0
BRDA:45,2,0,0
BRDA:45,2,1,0
BRDA:48,3,0,0
BRDA:48,3,1,0
BRDA:68,4,0,0
BRDA:68,4,1,0
BRDA:90,5,0,0
BRDA:90,5,1,2
BRF:12
BRH:3
end_of_record
TN:
SF:src\modal\editCourse\index.jsx
FN:6,(anonymous_0)
FN:13,(anonymous_1)
FN:20,(anonymous_2)
FNF:3
FNH:0
FNDA:0,(anonymous_0)
FNDA:0,(anonymous_1)
FNDA:0,(anonymous_2)
DA:6,1
DA:7,0
DA:8,0
DA:13,0
DA:21,0
DA:22,0
DA:23,0
DA:24,0
DA:25,0
DA:26,0
DA:28,0
DA:29,0
DA:31,0
LF:13
LH:1
BRF:0
BRH:0
end_of_record
TN:
SF:src\pages\layout.jsx
FN:7,(anonymous_0)
FN:13,(anonymous_1)
FN:14,(anonymous_2)
FN:24,(anonymous_3)
FN:27,(anonymous_4)
FN:31,(anonymous_5)
FN:37,(anonymous_6)
FN:44,(anonymous_7)
FNF:8
FNH:0
FNDA:0,(anonymous_0)
FNDA:0,(anonymous_1)
FNDA:0,(anonymous_2)
FNDA:0,(anonymous_3)
FNDA:0,(anonymous_4)
FNDA:0,(anonymous_5)
FNDA:0,(anonymous_6)
FNDA:0,(anonymous_7)
DA:7,1
DA:8,0
DA:9,0
DA:10,0
DA:13,0
DA:14,0
DA:15,0
DA:16,0
DA:18,0
DA:19,0
DA:23,0
DA:24,0
DA:27,0
DA:28,0
DA:31,0
DA:32,0
DA:33,0
DA:37,0
DA:38,0
DA:39,0
DA:41,0
DA:44,0
DA:45,0
DA:49,0
LF:24
LH:1
BRDA:18,0,0,0
BRDA:18,0,1,0
BRDA:32,1,0,0
BRDA:32,1,1,0
BRDA:38,2,0,0
BRDA:38,2,1,0
BRDA:60,3,0,0
BRDA:60,3,1,0
BRF:8
BRH:0
end_of_record
TN:
SF:src\pages\adminSettings\index.jsx
FN:11,(anonymous_0)
FN:16,(anonymous_1)
FN:24,(anonymous_2)
FNF:3
FNH:0
FNDA:0,(anonymous_0)
FNDA:0,(anonymous_1)
FNDA:0,(anonymous_2)
DA:9,1
DA:11,1
DA:12,0
DA:13,0
DA:14,0
DA:16,0
DA:17,0
DA:18,0
DA:19,0
DA:20,0
DA:24,0
DA:25,0
DA:26,0
DA:29,0
LF:14
LH:2
BRDA:19,0,0,0
BRDA:19,0,1,0
BRDA:19,1,0,0
BRDA:19,1,1,0
BRF:4
BRH:0
end_of_record
TN:
SF:src\pages\adminSettings\childs\addCourse.jsx
FN:6,(anonymous_0)
FN:10,(anonymous_1)
FNF:2
FNH:0
FNDA:0,(anonymous_0)
FNDA:0,(anonymous_1)
DA:6,1
DA:7,0
DA:8,0
DA:10,0
DA:11,0
DA:12,0
DA:13,0
DA:14,0
DA:15,0
DA:17,0
DA:19,0
DA:20,0
DA:22,0
DA:26,0
LF:14
LH:1
BRF:0
BRH:0
end_of_record
TN:
SF:src\pages\adminSettings\childs\courseAnalytics.jsx
FN:38,(anonymous_0)
FN:46,(anonymous_1)
FN:47,(anonymous_2)
FN:62,(anonymous_3)
FN:63,(anonymous_4)
FN:71,(anonymous_5)
FN:71,(anonymous_6)
FN:75,(anonymous_7)
FN:76,(anonymous_8)
FN:82,(anonymous_9)
FN:90,(anonymous_10)
FN:98,(anonymous_11)
FN:146,(anonymous_12)
FN:150,(anonymous_13)
FN:151,(anonymous_14)
FN:152,(anonymous_15)
FNF:16
FNH:0
FNDA:0,(anonymous_0)
FNDA:0,(anonymous_1)
FNDA:0,(anonymous_2)
FNDA:0,(anonymous_3)
FNDA:0,(anonymous_4)
FNDA:0,(anonymous_5)
FNDA:0,(anonymous_6)
FNDA:0,(anonymous_7)
FNDA:0,(anonymous_8)
FNDA:0,(anonymous_9)
FNDA:0,(anonymous_10)
FNDA:0,(anonymous_11)
FNDA:0,(anonymous_12)
FNDA:0,(anonymous_13)
FNDA:0,(anonymous_14)
FNDA:0,(anonymous_15)
DA:28,1
DA:29,1
DA:31,1
DA:38,1
DA:39,0
DA:40,0
DA:41,0
DA:42,0
DA:43,0
DA:44,0
DA:46,0
DA:47,0
DA:48,0
DA:49,0
DA:50,0
DA:51,0
DA:53,0
DA:55,0
DA:58,0
DA:61,0
DA:63,0
DA:70,0
DA:71,0
DA:75,0
DA:76,0
DA:82,0
DA:83,0
DA:84,0
DA:85,0
DA:87,0
DA:90,0
DA:91,0
DA:92,0
DA:93,0
DA:95,0
DA:98,0
DA:99,0
DA:101,0
DA:102,0
DA:106,0
DA:107,0
DA:108,0
DA:109,0
DA:111,0
DA:115,0
DA:147,0
DA:151,0
DA:152,0
LF:48
LH:4
BRDA:51,0,0,0
BRDA:51,0,1,0
BRDA:78,1,0,0
BRDA:78,1,1,0
BRDA:83,2,0,0
BRDA:83,2,1,0
BRDA:91,3,0,0
BRDA:91,3,1,0
BRDA:99,4,0,0
BRDA:99,4,1,0
BRDA:177,5,0,0
BRDA:177,5,1,0
BRDA:177,6,0,0
BRDA:177,6,1,0
BRF:14
BRH:0
end_of_record
TN:
SF:src\pages\adminSettings\childs\manageCourses.jsx
FN:11,(anonymous_0)
FN:17,(anonymous_1)
FN:21,(anonymous_2)
FN:24,(anonymous_3)
FN:36,(anonymous_4)
FN:40,(anonymous_5)
FN:44,(anonymous_6)
FN:49,(anonymous_7)
FN:52,(anonymous_8)
FN:60,(anonymous_9)
FN:71,(anonymous_10)
FN:98,(anonymous_11)
FN:104,(anonymous_12)
FN:110,(anonymous_13)
FN:124,(anonymous_14)
FN:136,(anonymous_15)
FN:151,(anonymous_16)
FN:158,(anonymous_17)
FN:187,(anonymous_18)
FN:199,(anonymous_19)
FNF:20
FNH:0
FNDA:0,(anonymous_0)
FNDA:0,(anonymous_1)
FNDA:0,(anonymous_2)
FNDA:0,(anonymous_3)
FNDA:0,(anonymous_4)
FNDA:0,(anonymous_5)
FNDA:0,(anonymous_6)
FNDA:0,(anonymous_7)
FNDA:0,(anonymous_8)
FNDA:0,(anonymous_9)
FNDA:0,(anonymous_10)
FNDA:0,(anonymous_11)
FNDA:0,(anonymous_12)
FNDA:0,(anonymous_13)
FNDA:0,(anonymous_14)
FNDA:0,(anonymous_15)
FNDA:0,(anonymous_16)
FNDA:0,(anonymous_17)
FNDA:0,(anonymous_18)
FNDA:0,(anonymous_19)
DA:8,1
DA:9,1
DA:11,1
DA:12,0
DA:13,0
DA:14,0
DA:15,0
DA:16,0
DA:17,0
DA:18,0
DA:19,0
DA:20,0
DA:21,0
DA:24,0
DA:27,0
DA:29,0
DA:30,0
DA:32,0
DA:36,0
DA:37,0
DA:40,0
DA:41,0
DA:44,0
DA:45,0
DA:46,0
DA:49,0
DA:50,0
DA:51,0
DA:52,0
DA:53,0
DA:55,0
DA:56,0
DA:60,0
DA:61,0
DA:66,0
DA:72,0
DA:98,0
DA:104,0
DA:111,0
DA:125,0
DA:137,0
DA:151,0
DA:158,0
DA:176,0
DA:187,0
DA:199,0
LF:46
LH:3
BRDA:24,0,0,0
BRDA:24,0,1,0
BRDA:61,1,0,0
BRDA:61,1,1,0
BRDA:61,1,2,0
BRDA:113,2,0,0
BRDA:113,2,1,0
BRF:7
BRH:0
end_of_record
TN:
SF:src\pages\courseDetail\index.jsx
FN:13,(anonymous_0)
FN:25,(anonymous_1)
FN:31,(anonymous_2)
FN:40,(anonymous_3)
FN:42,(anonymous_4)
FN:49,(anonymous_5)
FN:50,(anonymous_6)
FN:67,(anonymous_7)
FN:77,(anonymous_8)
FN:91,(anonymous_9)
FN:131,(anonymous_10)
FN:145,(anonymous_11)
FN:151,(anonymous_12)
FN:157,(anonymous_13)
FN:168,(anonymous_14)
FN:178,(anonymous_15)
FN:182,(anonymous_16)
FN:186,(anonymous_17)
FN:203,(anonymous_18)
FN:210,(anonymous_19)
FN:216,(anonymous_20)
FN:251,(anonymous_21)
FNF:22
FNH:0
FNDA:0,(anonymous_0)
FNDA:0,(anonymous_1)
FNDA:0,(anonymous_2)
FNDA:0,(anonymous_3)
FNDA:0,(anonymous_4)
FNDA:0,(anonymous_5)
FNDA:0,(anonymous_6)
FNDA:0,(anonymous_7)
FNDA:0,(anonymous_8)
FNDA:0,(anonymous_9)
FNDA:0,(anonymous_10)
FNDA:0,(anonymous_11)
FNDA:0,(anonymous_12)
FNDA:0,(anonymous_13)
FNDA:0,(anonymous_14)
FNDA:0,(anonymous_15)
FNDA:0,(anonymous_16)
FNDA:0,(anonymous_17)
FNDA:0,(anonymous_18)
FNDA:0,(anonymous_19)
FNDA:0,(anonymous_20)
FNDA:0,(anonymous_21)
DA:9,1
DA:13,1
DA:14,0
DA:15,0
DA:16,0
DA:17,0
DA:18,0
DA:19,0
DA:20,0
DA:21,0
DA:22,0
DA:23,0
DA:25,0
DA:26,0
DA:27,0
DA:28,0
DA:30,0
DA:31,0
DA:32,0
DA:33,0
DA:34,0
DA:40,0
DA:41,0
DA:42,0
DA:43,0
DA:44,0
DA:45,0
DA:49,0
DA:50,0
DA:51,0
DA:52,0
DA:53,0
DA:54,0
DA:55,0
DA:57,0
DA:58,0
DA:62,0
DA:63,0
DA:67,0
DA:73,0
DA:74,0
DA:77,0
DA:78,0
DA:79,0
DA:83,0
DA:84,0
DA:87,0
DA:88,0
DA:91,0
DA:92,0
DA:93,0
DA:94,0
DA:95,0
DA:100,0
DA:131,0
DA:145,0
DA:151,0
DA:157,0
DA:169,0
DA:179,0
DA:183,0
DA:186,0
DA:204,0
DA:211,0
DA:217,0
DA:218,0
DA:219,0
DA:252,0
LF:68
LH:2
BRDA:21,0,0,0
BRDA:21,0,1,0
BRDA:27,1,0,0
BRDA:27,1,1,0
BRDA:27,2,0,0
BRDA:27,2,1,0
BRDA:30,3,0,0
BRDA:30,3,1,0
BRDA:62,4,0,0
BRDA:62,4,1,0
BRDA:78,5,0,0
BRDA:78,5,1,0
BRDA:83,6,0,0
BRDA:83,6,1,0
BRDA:87,7,0,0
BRDA:87,7,1,0
BRDA:92,8,0,0
BRDA:92,8,1,0
BRDA:94,9,0,0
BRDA:94,9,1,0
BRDA:144,10,0,0
BRDA:144,10,1,0
BRDA:150,11,0,0
BRDA:150,11,1,0
BRDA:156,12,0,0
BRDA:156,12,1,0
BRDA:164,13,0,0
BRDA:164,13,1,0
BRDA:191,14,0,0
BRDA:191,14,1,0
BRDA:201,15,0,0
BRDA:201,15,1,0
BRDA:217,16,0,0
BRDA:217,16,1,0
BRDA:222,17,0,0
BRDA:222,17,1,0
BRDA:227,18,0,0
BRDA:227,18,1,0
BRDA:234,19,0,0
BRDA:234,19,1,0
BRDA:245,20,0,0
BRDA:245,20,1,0
BRDA:254,21,0,0
BRDA:254,21,1,0
BRDA:274,22,0,0
BRDA:274,22,1,0
BRDA:301,23,0,0
BRDA:301,23,1,0
BRDA:310,24,0,0
BRDA:310,24,1,0
BRDA:314,25,0,0
BRDA:314,25,1,0
BRF:52
BRH:0
end_of_record
TN:
SF:src\pages\dashboard\index.jsx
FN:10,(anonymous_0)
FN:56,(anonymous_1)
FN:56,(anonymous_2)
FN:71,(anonymous_3)
FN:71,(anonymous_4)
FN:86,(anonymous_5)
FN:86,(anonymous_6)
FN:102,(anonymous_7)
FN:102,(anonymous_8)
FN:134,(anonymous_9)
FNF:10
FNH:0
FNDA:0,(anonymous_0)
FNDA:0,(anonymous_1)
FNDA:0,(anonymous_2)
FNDA:0,(anonymous_3)
FNDA:0,(anonymous_4)
FNDA:0,(anonymous_5)
FNDA:0,(anonymous_6)
FNDA:0,(anonymous_7)
FNDA:0,(anonymous_8)
FNDA:0,(anonymous_9)
DA:10,1
DA:19,0
DA:21,0
DA:56,0
DA:71,0
DA:86,0
DA:102,0
DA:135,0
LF:8
LH:1
BRDA:133,0,0,0
BRDA:133,0,1,0
BRDA:133,1,0,0
BRDA:133,1,1,0
BRF:4
BRH:0
end_of_record
TN:
SF:src\pages\dashboard\useDashboardCourses.jsx
FN:11,(anonymous_0)
FN:19,(anonymous_1)
FN:20,(anonymous_2)
FN:29,(anonymous_3)
FN:31,(anonymous_4)
FN:34,(anonymous_5)
FN:38,(anonymous_6)
FN:41,(anonymous_7)
FN:45,(anonymous_8)
FN:49,(anonymous_9)
FN:60,(anonymous_10)
FN:71,(anonymous_11)
FN:83,(anonymous_12)
FN:94,(anonymous_13)
FN:97,(anonymous_14)
FN:111,(anonymous_15)
FNF:16
FNH:0
FNDA:0,(anonymous_0)
FNDA:0,(anonymous_1)
FNDA:0,(anonymous_2)
FNDA:0,(anonymous_3)
FNDA:0,(anonymous_4)
FNDA:0,(anonymous_5)
FNDA:0,(anonymous_6)
FNDA:0,(anonymous_7)
FNDA:0,(anonymous_8)
FNDA:0,(anonymous_9)
FNDA:0,(anonymous_10)
FNDA:0,(anonymous_11)
FNDA:0,(anonymous_12)
FNDA:0,(anonymous_13)
FNDA:0,(anonymous_14)
FNDA:0,(anonymous_15)
DA:4,1
DA:11,1
DA:12,0
DA:13,0
DA:14,0
DA:15,0
DA:16,0
DA:19,0
DA:20,0
DA:21,0
DA:22,0
DA:23,0
DA:25,0
DA:29,0
DA:30,0
DA:31,0
DA:34,0
DA:38,0
DA:39,0
DA:40,0
DA:42,0
DA:45,0
DA:49,0
DA:50,0
DA:51,0
DA:52,0
DA:53,0
DA:54,0
DA:55,0
DA:56,0
DA:60,0
DA:61,0
DA:62,0
DA:63,0
DA:64,0
DA:65,0
DA:66,0
DA:67,0
DA:71,0
DA:72,0
DA:73,0
DA:74,0
DA:75,0
DA:76,0
DA:77,0
DA:78,0
DA:79,0
DA:83,0
DA:84,0
DA:85,0
DA:86,0
DA:87,0
DA:88,0
DA:89,0
DA:94,0
DA:95,0
DA:97,0
DA:98,0
DA:100,0
DA:108,0
DA:111,0
DA:113,0
LF:62
LH:2
BRDA:22,0,0,0
BRDA:22,0,1,0
BRDA:23,1,0,0
BRDA:23,1,1,0
BRDA:39,2,0,0
BRDA:39,2,1,0
BRDA:50,3,0,0
BRDA:50,3,1,0
BRDA:51,4,0,0
BRDA:51,4,1,0
BRDA:51,4,2,0
BRDA:51,4,3,0
BRDA:51,4,4,0
BRDA:53,5,0,0
BRDA:53,5,1,0
BRDA:54,6,0,0
BRDA:54,6,1,0
BRDA:61,7,0,0
BRDA:61,7,1,0
BRDA:62,8,0,0
BRDA:62,8,1,0
BRDA:62,8,2,0
BRDA:62,8,3,0
BRDA:62,8,4,0
BRDA:64,9,0,0
BRDA:64,9,1,0
BRDA:65,10,0,0
BRDA:65,10,1,0
BRDA:72,11,0,0
BRDA:72,11,1,0
BRDA:73,12,0,0
BRDA:73,12,1,0
BRDA:73,12,2,0
BRDA:73,12,3,0
BRDA:73,12,4,0
BRDA:73,12,5,0
BRDA:75,13,0,0
BRDA:75,13,1,0
BRDA:76,14,0,0
BRDA:76,14,1,0
BRDA:77,15,0,0
BRDA:77,15,1,0
BRDA:84,16,0,0
BRDA:84,16,1,0
BRDA:85,17,0,0
BRDA:85,17,1,0
BRDA:85,17,2,0
BRDA:85,17,3,0
BRDA:98,18,0,0
BRDA:98,18,1,0
BRDA:98,19,0,0
BRDA:98,19,1,0
BRDA:101,20,0,0
BRDA:101,20,1,0
BRDA:101,20,2,0
BRDA:101,20,3,0
BRF:56
BRH:0
end_of_record
TN:
SF:src\pages\myCourses\index.jsx
FN:9,(anonymous_0)
FN:14,(anonymous_1)
FN:26,(anonymous_2)
FN:32,(anonymous_3)
FN:68,(anonymous_4)
FNF:5
FNH:5
FNDA:13,(anonymous_0)
FNDA:7,(anonymous_1)
FNDA:8,(anonymous_2)
FNDA:3,(anonymous_3)
FNDA:3,(anonymous_4)
DA:9,2
DA:10,13
DA:11,13
DA:12,13
DA:14,13
DA:15,7
DA:16,7
DA:17,7
DA:18,5
DA:20,1
DA:22,6
DA:26,13
DA:27,8
DA:28,7
DA:32,13
DA:33,3
DA:38,13
DA:39,8
DA:47,5
DA:48,2
DA:61,3
DA:69,3
LF:22
LH:22
BRDA:18,0,0,5
BRDA:18,0,1,0
BRDA:27,1,0,7
BRDA:27,1,1,1
BRDA:33,2,0,2
BRDA:33,2,1,1
BRDA:38,3,0,8
BRDA:38,3,1,5
BRDA:47,4,0,2
BRDA:47,4,1,3
BRDA:68,5,0,0
BRDA:104,6,0,2
BRDA:104,6,1,1
BRF:13
BRH:11
end_of_record
TN:
SF:src\pages\signIn\index.jsx
FN:7,(anonymous_0)
FNF:1
FNH:1
FNDA:1,(anonymous_0)
DA:7,1
DA:14,1
DA:16,1
LF:3
LH:3
BRF:0
BRH:0
end_of_record
TN:
SF:src\pages\signIn\useSignIn.jsx
FN:7,(anonymous_0)
FN:19,(anonymous_1)
FN:22,(anonymous_2)
FN:27,(anonymous_3)
FN:33,(anonymous_4)
FN:53,(anonymous_5)
FNF:6
FNH:6
FNDA:25,(anonymous_0)
FNDA:12,(anonymous_1)
FNDA:12,(anonymous_2)
FNDA:12,(anonymous_3)
FNDA:6,(anonymous_4)
FNDA:6,(anonymous_5)
DA:5,2
DA:7,2
DA:8,25
DA:10,25
DA:15,25
DA:16,25
DA:17,25
DA:19,25
DA:20,12
DA:22,12
DA:27,12
DA:30,12
DA:33,25
DA:34,6
DA:36,6
DA:37,2
DA:38,4
DA:39,1
DA:42,6
DA:43,2
DA:44,4
DA:45,1
DA:48,6
DA:49,6
DA:52,25
DA:54,6
DA:55,6
DA:57,6
DA:59,3
DA:61,3
DA:62,3
DA:64,2
DA:65,2
DA:69,3
DA:75,25
LF:35
LH:35
BRDA:36,0,0,2
BRDA:36,0,1,4
BRDA:38,1,0,1
BRDA:38,1,1,3
BRDA:42,2,0,2
BRDA:42,2,1,4
BRDA:44,3,0,1
BRDA:44,3,1,3
BRDA:57,4,0,3
BRDA:57,4,1,3
BRDA:66,5,0,2
BRDA:66,5,1,1
BRF:12
BRH:12
end_of_record
TN:
SF:src\pages\signUp\index.jsx
FN:8,(anonymous_0)
FNF:1
FNH:1
FNDA:4,(anonymous_0)
DA:8,2
DA:15,4
DA:16,4
LF:3
LH:3
BRDA:93,0,0,1
BRDA:93,0,1,3
BRF:2
BRH:2
end_of_record
TN:
SF:src\pages\signUp\useSignUp.jsx
FN:5,(anonymous_0)
FN:19,(anonymous_1)
FN:22,(anonymous_2)
FN:29,(anonymous_3)
FN:36,(anonymous_4)
FN:78,(anonymous_5)
FNF:6
FNH:6
FNDA:17,(anonymous_0)
FNDA:13,(anonymous_1)
FNDA:13,(anonymous_2)
FNDA:1,(anonymous_3)
FNDA:4,(anonymous_4)
FNDA:4,(anonymous_5)
DA:5,2
DA:6,17
DA:8,17
DA:16,17
DA:17,17
DA:19,17
DA:20,13
DA:22,13
DA:28,13
DA:29,1
DA:36,17
DA:37,4
DA:40,4
DA:42,4
DA:43,3
DA:44,3
DA:47,4
DA:48,3
DA:49,3
DA:52,4
DA:53,2
DA:54,2
DA:55,2
DA:56,1
DA:57,1
DA:60,4
DA:61,1
DA:62,1
DA:63,3
DA:64,1
DA:65,1
DA:68,4
DA:69,1
DA:70,1
DA:73,4
DA:74,4
DA:78,17
DA:79,4
DA:81,4
DA:83,1
DA:86,1
DA:88,1
DA:89,1
DA:92,1
DA:95,17
LF:45
LH:45
BRDA:28,0,0,1
BRDA:28,0,1,12
BRDA:42,1,0,3
BRDA:42,1,1,1
BRDA:47,2,0,3
BRDA:47,2,1,1
BRDA:52,3,0,2
BRDA:52,3,1,2
BRDA:55,4,0,1
BRDA:55,4,1,1
BRDA:60,5,0,1
BRDA:60,5,1,3
BRDA:63,6,0,1
BRDA:63,6,1,2
BRDA:68,7,0,1
BRDA:68,7,1,3
BRDA:81,8,0,3
BRDA:81,8,1,1
BRDA:88,9,0,1
BRDA:88,9,1,0
BRF:20
BRH:19
end_of_record
TN:
SF:src\utils\api\apiClient.js
FN:15,(anonymous_0)
FN:22,(anonymous_1)
FN:29,(anonymous_2)
FN:30,(anonymous_3)
FNF:4
FNH:0
FNDA:0,(anonymous_0)
FNDA:0,(anonymous_1)
FNDA:0,(anonymous_2)
FNDA:0,(anonymous_3)
DA:4,1
DA:6,1
DA:14,1
DA:16,0
DA:17,0
DA:18,0
DA:20,0
DA:23,0
DA:28,1
DA:29,0
DA:31,0
DA:33,0
DA:34,0
DA:36,0
LF:14
LH:4
BRDA:17,0,0,0
BRDA:17,0,1,0
BRDA:31,1,0,0
BRDA:31,1,1,0
BRF:4
BRH:0
end_of_record
TN:
SF:src\utils\api\apiEndpoints.js
FNF:0
FNH:0
DA:1,1
DA:3,1
DA:12,1
DA:18,1
LF:4
LH:4
BRF:0
BRH:0
end_of_record
TN:
SF:src\utils\api\authAPI.js
FN:5,(anonymous_0)
FN:17,(anonymous_1)
FN:26,(anonymous_2)
FN:39,(anonymous_3)
FNF:4
FNH:0
FNDA:0,(anonymous_0)
FNDA:0,(anonymous_1)
FNDA:0,(anonymous_2)
FNDA:0,(anonymous_3)
DA:4,1
DA:6,0
DA:7,0
DA:8,0
DA:9,0
DA:11,0
DA:13,0
DA:18,0
DA:19,0
DA:20,0
DA:22,0
DA:27,0
DA:28,0
DA:29,0
DA:31,0
DA:32,0
DA:35,0
DA:40,0
DA:41,0
DA:42,0
DA:44,0
LF:21
LH:1
BRDA:8,0,0,0
BRDA:8,0,1,0
BRDA:13,1,0,0
BRDA:13,1,1,0
BRDA:22,2,0,0
BRDA:22,2,1,0
BRDA:44,3,0,0
BRDA:44,3,1,0
BRF:8
BRH:0
end_of_record
TN:
SF:src\utils\api\courseApi.js
FN:6,(anonymous_0)
FN:10,(anonymous_1)
FN:14,(anonymous_2)
FN:18,(anonymous_3)
FN:29,(anonymous_4)
FN:40,(anonymous_5)
FN:51,(anonymous_6)
FNF:7
FNH:0
FNDA:0,(anonymous_0)
FNDA:0,(anonymous_1)
FNDA:0,(anonymous_2)
FNDA:0,(anonymous_3)
FNDA:0,(anonymous_4)
FNDA:0,(anonymous_5)
FNDA:0,(anonymous_6)
DA:4,1
DA:7,0
DA:8,0
DA:11,0
DA:12,0
DA:15,0
DA:16,0
DA:19,0
DA:20,0
DA:21,0
DA:22,0
DA:25,0
DA:30,0
DA:31,0
DA:32,0
DA:33,0
DA:36,0
DA:41,0
DA:42,0
DA:43,0
DA:44,0
DA:47,0
DA:52,0
DA:53,0
DA:54,0
DA:55,0
DA:58,0
LF:27
LH:1
BRDA:21,0,0,0
BRDA:21,0,1,0
BRDA:25,1,0,0
BRDA:25,1,1,0
BRDA:32,2,0,0
BRDA:32,2,1,0
BRDA:36,3,0,0
BRDA:36,3,1,0
BRDA:43,4,0,0
BRDA:43,4,1,0
BRDA:47,5,0,0
BRDA:47,5,1,0
BRDA:54,6,0,0
BRDA:54,6,1,0
BRDA:58,7,0,0
BRDA:58,7,1,0
BRF:16
BRH:0
end_of_record
TN:
SF:src\utils\common\helper.js
FN:1,getYoutubeVideoId
FNF:1
FNH:0
FNDA:0,getYoutubeVideoId
DA:2,0
DA:5,0
DA:7,0
DA:9,0
LF:4
LH:0
BRDA:2,0,0,0
BRDA:2,0,1,0
BRDA:9,1,0,0
BRDA:9,1,1,0
BRDA:9,2,0,0
BRDA:9,2,1,0
BRF:6
BRH:0
end_of_record
